#
# A fatal error has been detected by the Java Runtime Environment:
#
#  SIGSEGV (0xb) at pc=0x00007f44e3cf5c2d, pid=7816, tid=0x00007f4470212700
#
# JRE version: OpenJDK Runtime Environment (8.0_151-b12) (build 1.8.0_151-8u151-b12-1~deb9u1-b12)
# Java VM: OpenJDK 64-Bit Server VM (25.151-b12 mixed mode linux-amd64 compressed oops)
# Problematic frame:
# V  [libjvm.so+0x67cc2d]
#
# Failed to write core dump. Core dumps have been disabled. To enable core dumping, try "ulimit -c unlimited" before starting Java again
#
# If you would like to submit a bug report, please visit:
#   http://bugreport.java.com/bugreport/crash.jsp
#

---------------  T H R E A D  ---------------

Current thread (0x00007f44dc477000):  JavaThread "JavaFX Application Thread" [_thread_in_vm, id=7841, stack(0x00007f4470112000,0x00007f4470213000)]

siginfo: si_signo: 11 (SIGSEGV), si_code: 1 (SEGV_MAPERR), si_addr: 0x0000000000003b6e

Registers:
RAX=0x0000000000000000, RBX=0x00007f44dc477000, RCX=0x00007f44dc3df4d8, RDX=0x0000000000003b6e
RSP=0x00007f4470211230, RBP=0x00007f44702113b0, RSI=0x00007f44702113d0, RDI=0x00007f44dc4771e0
R8 =0x00007f4470211400, R9 =0x00007f44dc477000, R10=0x00007f4464000ae0, R11=0x00007f44cd4c2d60
R12=0x00007f44dc4771e0, R13=0x00007f44dc477000, R14=0x00007f4470211490, R15=0x0000000000003b6e
RIP=0x00007f44e3cf5c2d, EFLAGS=0x0000000000010202, CSGSFS=0x002b000000000033, ERR=0x0000000000000004
  TRAPNO=0x000000000000000e

Top of Stack: (sp=0x00007f4470211230)
0x00007f4470211230:   00007f4470211340 00007f44e3cdced3
0x00007f4470211240:   00007f44e076ec70 00007f4470211280
0x00007f4470211250:   00007f440000000e 00007f44dc4771e0
0x00007f4470211260:   00007f4470211270 00007f44702113d0
0x00007f4470211270:   00007f44e06d08c0 00007f44dc477000
0x00007f4470211280:   00007f44e06d08c0 00007f44dc477000
0x00007f4470211290:   00007f44dc476850 00007f448c000e60
0x00007f44702112a0:   00007f448c000e70 00007f448c001248
0x00007f44702112b0:   00000000000003d8 00007f44dc476890
0x00007f44702112c0:   00007f44e06d08c0 00007f44dc477000
0x00007f44702112d0:   00000000e06c6830 00000000a4c657d8
0x00007f44702112e0:   0000000000000000 00007f44cd017748
0x00007f44702112f0:   00007f44e06d08c0 00007f44dc477000
0x00007f4470211300:   00007f44e076ec70 00000000a4c65798
0x00007f4470211310:   00007f440000006f 00007f440000000a
0x00007f4470211320:   00000000e2e9b560 00007f4400000000
0x00007f4470211330:   00007f4470211420 00007f44702113e0
0x00007f4470211340:   00007f44702114d0 0000000100000130
0x00007f4470211350:   00007f44dc40b020 00007f4470211308
0x00007f4470211360:   00007f4470211349 0000000800000005
0x00007f4470211370:   00007f4400000000 738bc0b224c78b00
0x00007f4470211380:   00007f4470211390 00007f44dc477000
0x00007f4470211390:   00007f44dc4771e0 00007f44dc3df4d8
0x00007f44702113a0:   00007f4470211490 0000000000003b6e
0x00007f44702113b0:   00007f4470211480 00007f44e3cf925a
0x00007f44702113c0:   00007f446417f7d0 00007f4470211400
0x00007f44702113d0:   000000000000000e 00007f4400000000
0x00007f44702113e0:   00007f44dc477000 0000000000000000
0x00007f44702113f0:   0000000000000067 738bc0b224c78b00
0x00007f4470211400:   00007f44e44d7ef0 00007f44e523f690
0x00007f4470211410:   00000000dc3fe800 00007f4400000063
0x00007f4470211420:   0000000000000000 0000003000000018 

Instructions: (pc=0x00007f44e3cf5c2d)
0x00007f44e3cf5c0d:   ff 48 89 b5 b8 fe ff ff 64 48 8b 04 25 28 00 00
0x00007f44e3cf5c1d:   00 48 89 45 c8 31 c0 48 85 d2 0f 84 3b 03 00 00
0x00007f44e3cf5c2d:   4c 8b 32 4d 85 f6 0f 84 2f 03 00 00 49 8b b9 20
0x00007f44e3cf5c3d:   01 00 00 48 89 cb 4d 89 c4 e8 f5 4c ff ff 4c 89 

Register to memory mapping:

RAX=0x0000000000000000 is an unknown value
RBX=0x00007f44dc477000 is a thread
RCX=0x00007f44dc3df4d8 is an unknown value
RDX=0x0000000000003b6e is an unknown value
RSP=0x00007f4470211230 is pointing into the stack for thread: 0x00007f44dc477000
RBP=0x00007f44702113b0 is pointing into the stack for thread: 0x00007f44dc477000
RSI=0x00007f44702113d0 is pointing into the stack for thread: 0x00007f44dc477000
RDI=0x00007f44dc4771e0 is an unknown value
R8 =0x00007f4470211400 is pointing into the stack for thread: 0x00007f44dc477000
R9 =0x00007f44dc477000 is a thread
R10=0x00007f4464000ae0 is an unknown value
R11=0x00007f44cd4c2d60 is at entry_point+32 in (nmethod*)0x00007f44cd4c2bd0
R12=0x00007f44dc4771e0 is an unknown value
R13=0x00007f44dc477000 is a thread
R14=0x00007f4470211490 is pointing into the stack for thread: 0x00007f44dc477000
R15=0x0000000000003b6e is an unknown value


Stack: [0x00007f4470112000,0x00007f4470213000],  sp=0x00007f4470211230,  free space=1020k
Native frames: (J=compiled Java code, j=interpreted, Vv=VM code, C=native code)
V  [libjvm.so+0x67cc2d]
V  [libjvm.so+0x68025a]
C  [libglass.so+0x12d33]  JNIEnv_::CallVoidMethod(_jobject*, _jmethodID*, ...)+0x93
C  [libglass.so+0x1ccf6]  WindowContextBase::process_key(_GdkEventKey*)+0x226
C  [libglass.so+0x1a9c0]  WindowContextBase::im_filter_keypress(_GdkEventKey*)+0x1f0
C  [libglass.so+0x23094]
C  [libgdk-x11-2.0.so.0+0x5acbc]

Java frames: (J=compiled Java code, j=interpreted, Vv=VM code)
j  com.sun.glass.ui.gtk.GtkApplication._runLoop(Ljava/lang/Runnable;Z)V+0
j  com.sun.glass.ui.gtk.GtkApplication.lambda$null$5(Ljava/lang/Runnable;Z)V+7
j  com.sun.glass.ui.gtk.GtkApplication$$Lambda$41.run()V+12
j  java.lang.Thread.run()V+11
v  ~StubRoutines::call_stub

---------------  P R O C E S S  ---------------

Java Threads: ( => current thread )
  0x00007f4454121000 JavaThread "derby.rawStoreDaemon" daemon [_thread_blocked, id=7847, stack(0x00007f445adb3000,0x00007f445aeb4000)]
  0x00007f44540e8800 JavaThread "Timer-0" daemon [_thread_blocked, id=7846, stack(0x00007f445b63e000,0x00007f445b73f000)]
  0x00007f4464290800 JavaThread "Prism Font Disposer" daemon [_thread_blocked, id=7843, stack(0x00007f446000b000,0x00007f446010c000)]
  0x00007f44dc47a800 JavaThread "JavaFX-Launcher" [_thread_blocked, id=7842, stack(0x00007f4470011000,0x00007f4470112000)]
=>0x00007f44dc477000 JavaThread "JavaFX Application Thread" [_thread_in_vm, id=7841, stack(0x00007f4470112000,0x00007f4470213000)]
  0x00007f44dc473000 JavaThread "Thread-1" daemon [_thread_blocked, id=7840, stack(0x00007f44b00d9000,0x00007f44b01da000)]
  0x00007f44dc3d1800 JavaThread "QuantumRenderer-0" daemon [_thread_blocked, id=7839, stack(0x00007f44b3863000,0x00007f44b3964000)]
  0x00007f44dc213000 JavaThread "Service Thread" daemon [_thread_blocked, id=7837, stack(0x00007f44b3afb000,0x00007f44b3bfc000)]
  0x00007f44dc206800 JavaThread "C1 CompilerThread3" daemon [_thread_blocked, id=7836, stack(0x00007f44b3bfc000,0x00007f44b3cfd000)]
  0x00007f44dc201800 JavaThread "C2 CompilerThread2" daemon [_thread_blocked, id=7835, stack(0x00007f44b3cfd000,0x00007f44b3dfe000)]
  0x00007f44dc200000 JavaThread "C2 CompilerThread1" daemon [_thread_blocked, id=7834, stack(0x00007f44b3dfe000,0x00007f44b3eff000)]
  0x00007f44dc1fd000 JavaThread "C2 CompilerThread0" daemon [_thread_blocked, id=7833, stack(0x00007f44b3eff000,0x00007f44b4000000)]
  0x00007f44dc1fb000 JavaThread "Signal Dispatcher" daemon [_thread_blocked, id=7832, stack(0x00007f44bc085000,0x00007f44bc186000)]
  0x00007f44dc1d3000 JavaThread "Finalizer" daemon [_thread_blocked, id=7831, stack(0x00007f44bc321000,0x00007f44bc422000)]
  0x00007f44dc1ce800 JavaThread "Reference Handler" daemon [_thread_blocked, id=7830, stack(0x00007f44bc422000,0x00007f44bc523000)]
  0x00007f44dc00a000 JavaThread "main" [_thread_blocked, id=7820, stack(0x00007f44e5294000,0x00007f44e5395000)]

Other Threads:
  0x00007f44dc1c7000 VMThread [stack: 0x00007f44bc523000,0x00007f44bc624000] [id=7829]
  0x00007f44dc215800 WatcherThread [stack: 0x00007f44b39fa000,0x00007f44b3afb000] [id=7838]

VM state:not at safepoint (normal execution)

VM Mutex/Monitor currently owned by a thread: None

Heap:
 PSYoungGen      total 35328K, used 21044K [0x00000000e1780000, 0x00000000e4d80000, 0x0000000100000000)
  eden space 31744K, 55% used [0x00000000e1780000,0x00000000e288d150,0x00000000e3680000)
  from space 3584K, 99% used [0x00000000e4a00000,0x00000000e4d7ff08,0x00000000e4d80000)
  to   space 3584K, 0% used [0x00000000e4680000,0x00000000e4680000,0x00000000e4a00000)
 ParOldGen       total 52224K, used 11324K [0x00000000a4600000, 0x00000000a7900000, 0x00000000e1780000)
  object space 52224K, 21% used [0x00000000a4600000,0x00000000a510f308,0x00000000a7900000)
 Metaspace       used 29102K, capacity 30214K, committed 30336K, reserved 1075200K
  class space    used 3984K, capacity 4392K, committed 4480K, reserved 1048576K

Card table byte_map: [0x00007f44e16ae000,0x00007f44e198c000] byte_map_base: 0x00007f44e118b000

Marking Bits: (ParMarkBitMap*) 0x00007f44e459b2c0
 Begin Bits: [0x00007f44bd230000, 0x00007f44be918000)
 End Bits:   [0x00007f44be918000, 0x00007f44c0000000)

Polling page: 0x00007f44e53c0000

CodeCache: size=245760Kb used=9409Kb max_used=9410Kb free=236350Kb
 bounds [0x00007f44cd000000, 0x00007f44cd940000, 0x00007f44dc000000]
 total_blobs=3909 nmethods=3047 adapters=774
 compilation: enabled

Compilation events (10 events):
Event: 6.133 Thread 0x00007f44dc206800 3043       3       java.io.FilterInputStream::read (9 bytes)
Event: 6.133 Thread 0x00007f44dc200000 3044       4       java.io.FilterInputStream::read (8 bytes)
Event: 6.133 Thread 0x00007f44dc206800 nmethod 3043 0x00007f44cd923690 code [0x00007f44cd923800, 0x00007f44cd923a28]
Event: 6.135 Thread 0x00007f44dc206800 3045 %     3       com.sun.javafx.iio.common.RoughScaler::putSourceScanline @ 116 (261 bytes)
Event: 6.135 Thread 0x00007f44dc200000 nmethod 3044 0x00007f44cd936850 code [0x00007f44cd9369c0, 0x00007f44cd936e48]
Event: 6.136 Thread 0x00007f44dc206800 nmethod 3045% 0x00007f44cd935410 code [0x00007f44cd935660, 0x00007f44cd936178]
Event: 6.136 Thread 0x00007f44dc206800 3046       3       com.sun.javafx.iio.common.RoughScaler::putSourceScanline (261 bytes)
Event: 6.136 Thread 0x00007f44dc206800 nmethod 3046 0x00007f44cd934190 code [0x00007f44cd9343e0, 0x00007f44cd934e18]
Event: 6.136 Thread 0x00007f44dc206800 3047       3       java.nio.Buffer::checkBounds (25 bytes)
Event: 6.136 Thread 0x00007f44dc206800 nmethod 3047 0x00007f44cd933d10 code [0x00007f44cd933e80, 0x00007f44cd9340a8]

GC Heap History (10 events):
Event: 0.487 GC heap before
{Heap before GC invocations=1 (full 0):
 PSYoungGen      total 27648K, used 24064K [0x00000000e1780000, 0x00000000e3600000, 0x0000000100000000)
  eden space 24064K, 100% used [0x00000000e1780000,0x00000000e2f00000,0x00000000e2f00000)
  from space 3584K, 0% used [0x00000000e3280000,0x00000000e3280000,0x00000000e3600000)
  to   space 3584K, 0% used [0x00000000e2f00000,0x00000000e2f00000,0x00000000e3280000)
 ParOldGen       total 62976K, used 0K [0x00000000a4600000, 0x00000000a8380000, 0x00000000e1780000)
  object space 62976K, 0% used [0x00000000a4600000,0x00000000a4600000,0x00000000a8380000)
 Metaspace       used 10464K, capacity 10840K, committed 11008K, reserved 1058816K
  class space    used 1322K, capacity 1474K, committed 1536K, reserved 1048576K
Event: 0.491 GC heap after
Heap after GC invocations=1 (full 0):
 PSYoungGen      total 27648K, used 3557K [0x00000000e1780000, 0x00000000e3600000, 0x0000000100000000)
  eden space 24064K, 0% used [0x00000000e1780000,0x00000000e1780000,0x00000000e2f00000)
  from space 3584K, 99% used [0x00000000e2f00000,0x00000000e3279620,0x00000000e3280000)
  to   space 3584K, 0% used [0x00000000e3280000,0x00000000e3280000,0x00000000e3600000)
 ParOldGen       total 62976K, used 3045K [0x00000000a4600000, 0x00000000a8380000, 0x00000000e1780000)
  object space 62976K, 4% used [0x00000000a4600000,0x00000000a48f96a8,0x00000000a8380000)
 Metaspace       used 10464K, capacity 10840K, committed 11008K, reserved 1058816K
  class space    used 1322K, capacity 1474K, committed 1536K, reserved 1048576K
}
Event: 0.843 GC heap before
{Heap before GC invocations=2 (full 0):
 PSYoungGen      total 27648K, used 27621K [0x00000000e1780000, 0x00000000e3600000, 0x0000000100000000)
  eden space 24064K, 100% used [0x00000000e1780000,0x00000000e2f00000,0x00000000e2f00000)
  from space 3584K, 99% used [0x00000000e2f00000,0x00000000e3279620,0x00000000e3280000)
  to   space 3584K, 0% used [0x00000000e3280000,0x00000000e3280000,0x00000000e3600000)
 ParOldGen       total 62976K, used 3045K [0x00000000a4600000, 0x00000000a8380000, 0x00000000e1780000)
  object space 62976K, 4% used [0x00000000a4600000,0x00000000a48f96a8,0x00000000a8380000)
 Metaspace       used 14759K, capacity 15376K, committed 15488K, reserved 1062912K
  class space    used 1960K, capacity 2138K, committed 2176K, reserved 1048576K
Event: 0.847 GC heap after
Heap after GC invocations=2 (full 0):
 PSYoungGen      total 27648K, used 3568K [0x00000000e1780000, 0x00000000e3600000, 0x0000000100000000)
  eden space 24064K, 0% used [0x00000000e1780000,0x00000000e1780000,0x00000000e2f00000)
  from space 3584K, 99% used [0x00000000e3280000,0x00000000e35fc050,0x00000000e3600000)
  to   space 3584K, 0% used [0x00000000e2f00000,0x00000000e2f00000,0x00000000e3280000)
 ParOldGen       total 62976K, used 5863K [0x00000000a4600000, 0x00000000a8380000, 0x00000000e1780000)
  object space 62976K, 9% used [0x00000000a4600000,0x00000000a4bb9f20,0x00000000a8380000)
 Metaspace       used 14759K, capacity 15376K, committed 15488K, reserved 1062912K
  class space    used 1960K, capacity 2138K, committed 2176K, reserved 1048576K
}
Event: 1.261 GC heap before
{Heap before GC invocations=3 (full 0):
 PSYoungGen      total 27648K, used 25523K [0x00000000e1780000, 0x00000000e3600000, 0x0000000100000000)
  eden space 24064K, 91% used [0x00000000e1780000,0x00000000e2cf0fa8,0x00000000e2f00000)
  from space 3584K, 99% used [0x00000000e3280000,0x00000000e35fc050,0x00000000e3600000)
  to   space 3584K, 0% used [0x00000000e2f00000,0x00000000e2f00000,0x00000000e3280000)
 ParOldGen       total 62976K, used 5863K [0x00000000a4600000, 0x00000000a8380000, 0x00000000e1780000)
  object space 62976K, 9% used [0x00000000a4600000,0x00000000a4bb9f20,0x00000000a8380000)
 Metaspace       used 20444K, capacity 21126K, committed 21248K, reserved 1067008K
  class space    used 2837K, capacity 3031K, committed 3072K, reserved 1048576K
Event: 1.266 GC heap after
Heap after GC invocations=3 (full 0):
 PSYoungGen      total 27648K, used 3572K [0x00000000e1780000, 0x00000000e4d80000, 0x0000000100000000)
  eden space 24064K, 0% used [0x00000000e1780000,0x00000000e1780000,0x00000000e2f00000)
  from space 3584K, 99% used [0x00000000e2f00000,0x00000000e327d040,0x00000000e3280000)
  to   space 3584K, 0% used [0x00000000e4a00000,0x00000000e4a00000,0x00000000e4d80000)
 ParOldGen       total 62976K, used 10184K [0x00000000a4600000, 0x00000000a8380000, 0x00000000e1780000)
  object space 62976K, 16% used [0x00000000a4600000,0x00000000a4ff2138,0x00000000a8380000)
 Metaspace       used 20444K, capacity 21126K, committed 21248K, reserved 1067008K
  class space    used 2837K, capacity 3031K, committed 3072K, reserved 1048576K
}
Event: 1.266 GC heap before
{Heap before GC invocations=4 (full 1):
 PSYoungGen      total 27648K, used 3572K [0x00000000e1780000, 0x00000000e4d80000, 0x0000000100000000)
  eden space 24064K, 0% used [0x00000000e1780000,0x00000000e1780000,0x00000000e2f00000)
  from space 3584K, 99% used [0x00000000e2f00000,0x00000000e327d040,0x00000000e3280000)
  to   space 3584K, 0% used [0x00000000e4a00000,0x00000000e4a00000,0x00000000e4d80000)
 ParOldGen       total 62976K, used 10184K [0x00000000a4600000, 0x00000000a8380000, 0x00000000e1780000)
  object space 62976K, 16% used [0x00000000a4600000,0x00000000a4ff2138,0x00000000a8380000)
 Metaspace       used 20444K, capacity 21126K, committed 21248K, reserved 1067008K
  class space    used 2837K, capacity 3031K, committed 3072K, reserved 1048576K
Event: 1.289 GC heap after
Heap after GC invocations=4 (full 1):
 PSYoungGen      total 27648K, used 0K [0x00000000e1780000, 0x00000000e4d80000, 0x0000000100000000)
  eden space 24064K, 0% used [0x00000000e1780000,0x00000000e1780000,0x00000000e2f00000)
  from space 3584K, 0% used [0x00000000e2f00000,0x00000000e2f00000,0x00000000e3280000)
  to   space 3584K, 0% used [0x00000000e4a00000,0x00000000e4a00000,0x00000000e4d80000)
 ParOldGen       total 52224K, used 8341K [0x00000000a4600000, 0x00000000a7900000, 0x00000000e1780000)
  object space 52224K, 15% used [0x00000000a4600000,0x00000000a4e25698,0x00000000a7900000)
 Metaspace       used 20444K, capacity 21126K, committed 21248K, reserved 1067008K
  class space    used 2837K, capacity 3031K, committed 3072K, reserved 1048576K
}
Event: 5.519 GC heap before
{Heap before GC invocations=5 (full 1):
 PSYoungGen      total 27648K, used 24064K [0x00000000e1780000, 0x00000000e4d80000, 0x0000000100000000)
  eden space 24064K, 100% used [0x00000000e1780000,0x00000000e2f00000,0x00000000e2f00000)
  from space 3584K, 0% used [0x00000000e2f00000,0x00000000e2f00000,0x00000000e3280000)
  to   space 3584K, 0% used [0x00000000e4a00000,0x00000000e4a00000,0x00000000e4d80000)
 ParOldGen       total 52224K, used 8341K [0x00000000a4600000, 0x00000000a7900000, 0x00000000e1780000)
  object space 52224K, 15% used [0x00000000a4600000,0x00000000a4e25698,0x00000000a7900000)
 Metaspace       used 26609K, capacity 27398K, committed 27648K, reserved 1073152K
  class space    used 3553K, capacity 3784K, committed 3840K, reserved 1048576K
Event: 5.522 GC heap after
Heap after GC invocations=5 (full 1):
 PSYoungGen      total 35328K, used 3583K [0x00000000e1780000, 0x00000000e4d80000, 0x0000000100000000)
  eden space 31744K, 0% used [0x00000000e1780000,0x00000000e1780000,0x00000000e3680000)
  from space 3584K, 99% used [0x00000000e4a00000,0x00000000e4d7ff08,0x00000000e4d80000)
  to   space 3584K, 0% used [0x00000000e4680000,0x00000000e4680000,0x00000000e4a00000)
 ParOldGen       total 52224K, used 11324K [0x00000000a4600000, 0x00000000a7900000, 0x00000000e1780000)
  object space 52224K, 21% used [0x00000000a4600000,0x00000000a510f308,0x00000000a7900000)
 Metaspace       used 26609K, capacity 27398K, committed 27648K, reserved 1073152K
  class space    used 3553K, capacity 3784K, committed 3840K, reserved 1048576K
}

Deoptimization events (10 events):
Event: 5.566 Thread 0x00007f44dc477000 Uncommon trap: reason=range_check action=make_not_entrant pc=0x00007f44cd6f8e00 method=sun.reflect.generics.parser.SignatureParser.current()C @ 34
Event: 5.918 Thread 0x00007f44dc477000 Uncommon trap: reason=unstable_if action=reinterpret pc=0x00007f44cd58eb74 method=java.lang.StrictMath.floorOrCeil(DDDD)D @ 38
Event: 6.061 Thread 0x00007f44dc477000 Uncommon trap: reason=array_check action=maybe_recompile pc=0x00007f44cd8a9970 method=com.sun.javafx.css.SimpleSelector.applies(Ljavafx/css/Styleable;[Ljava/util/Set;I)Z @ 37
Event: 6.062 Thread 0x00007f44dc477000 Uncommon trap: reason=array_check action=maybe_recompile pc=0x00007f44cd8a9970 method=com.sun.javafx.css.SimpleSelector.applies(Ljavafx/css/Styleable;[Ljava/util/Set;I)Z @ 37
Event: 6.062 Thread 0x00007f44dc477000 Uncommon trap: reason=array_check action=maybe_recompile pc=0x00007f44cd8a9970 method=com.sun.javafx.css.SimpleSelector.applies(Ljavafx/css/Styleable;[Ljava/util/Set;I)Z @ 37
Event: 6.062 Thread 0x00007f44dc477000 Uncommon trap: reason=array_check action=maybe_recompile pc=0x00007f44cd8a9970 method=com.sun.javafx.css.SimpleSelector.applies(Ljavafx/css/Styleable;[Ljava/util/Set;I)Z @ 37
Event: 6.106 Thread 0x00007f44dc477000 Uncommon trap: reason=class_check action=maybe_recompile pc=0x00007f44cd6732d4 method=com.sun.javafx.collections.VetoableListDecorator.size()I @ 4
Event: 6.106 Thread 0x00007f44dc477000 Uncommon trap: reason=class_check action=maybe_recompile pc=0x00007f44cd6732d4 method=com.sun.javafx.collections.VetoableListDecorator.size()I @ 4
Event: 6.106 Thread 0x00007f44dc477000 Uncommon trap: reason=class_check action=maybe_recompile pc=0x00007f44cd6732d4 method=com.sun.javafx.collections.VetoableListDecorator.size()I @ 4
Event: 6.106 Thread 0x00007f44dc477000 Uncommon trap: reason=class_check action=maybe_recompile pc=0x00007f44cd6732d4 method=com.sun.javafx.collections.VetoableListDecorator.size()I @ 4

Internal exceptions (10 events):
Event: 1.253 Thread 0x00007f4464394800 Exception <a 'java/lang/ArrayIndexOutOfBoundsException'> (0x00000000e2c6a5c8) thrown at [/build/openjdk-8-8u151-b12/src/hotspot/src/share/vm/runtime/sharedRuntime.cpp, line 605]
Event: 1.259 Thread 0x00007f4464394800 Exception <a 'java/lang/ArrayIndexOutOfBoundsException'> (0x00000000e2cd3958) thrown at [/build/openjdk-8-8u151-b12/src/hotspot/src/share/vm/runtime/sharedRuntime.cpp, line 605]
Event: 1.259 Thread 0x00007f4464394800 Exception <a 'java/lang/ArrayIndexOutOfBoundsException'> (0x00000000e2cd4b48) thrown at [/build/openjdk-8-8u151-b12/src/hotspot/src/share/vm/runtime/sharedRuntime.cpp, line 605]
Event: 1.260 Thread 0x00007f4464394800 Exception <a 'java/lang/ArrayIndexOutOfBoundsException'> (0x00000000e2cd60e0) thrown at [/build/openjdk-8-8u151-b12/src/hotspot/src/share/vm/runtime/sharedRuntime.cpp, line 605]
Event: 1.293 Thread 0x00007f4464394800 Exception <a 'java/lang/ArrayIndexOutOfBoundsException'> (0x00000000e17a01b8) thrown at [/build/openjdk-8-8u151-b12/src/hotspot/src/share/vm/runtime/sharedRuntime.cpp, line 605]
Event: 1.296 Thread 0x00007f4464394800 Exception <a 'java/lang/ArrayIndexOutOfBoundsException'> (0x00000000e1861a78) thrown at [/build/openjdk-8-8u151-b12/src/hotspot/src/share/vm/runtime/sharedRuntime.cpp, line 605]
Event: 1.512 Thread 0x00007f4464394800 Implicit null exception at 0x00007f44cd23d336 to 0x00007f44cd23d6e9
Event: 5.533 Thread 0x00007f44dc477000 Exception <a 'java/lang/ArrayIndexOutOfBoundsException'> (0x00000000e1818e90) thrown at [/build/openjdk-8-8u151-b12/src/hotspot/src/share/vm/runtime/sharedRuntime.cpp, line 605]
Event: 5.533 Thread 0x00007f44dc477000 Exception <a 'java/lang/ArrayIndexOutOfBoundsException'> (0x00000000e181b0a0) thrown at [/build/openjdk-8-8u151-b12/src/hotspot/src/share/vm/runtime/sharedRuntime.cpp, line 605]
Event: 5.566 Thread 0x00007f44dc477000 Exception <a 'java/lang/ArrayIndexOutOfBoundsException': 65> (0x00000000e19e2cd0) thrown at [/build/openjdk-8-8u151-b12/src/hotspot/src/share/vm/interpreter/interpreterRuntime.cpp, line 366]

Events (10 events):
Event: 6.127 loading class javafx/scene/shape/ArcTo$5
Event: 6.127 loading class javafx/scene/shape/ArcTo$5 done
Event: 6.127 loading class javafx/scene/shape/ArcTo$6
Event: 6.127 loading class javafx/scene/shape/ArcTo$6 done
Event: 6.127 loading class javafx/scene/shape/ArcTo$7
Event: 6.127 loading class javafx/scene/shape/ArcTo$7 done
Event: 6.128 loading class javafx/scene/shape/ArcTo$1
Event: 6.128 loading class javafx/scene/shape/ArcTo$1 done
Event: 6.128 loading class javafx/scene/shape/ArcTo$2
Event: 6.128 loading class javafx/scene/shape/ArcTo$2 done


Dynamic libraries:
a4600000-a7900000 rw-p 00000000 00:00 0 
a7900000-a8380000 ---p 00000000 00:00 0 
a8380000-e1780000 ---p 00000000 00:00 0 
e1780000-e4d80000 rw-p 00000000 00:00 0 
e4d80000-100000000 ---p 00000000 00:00 0 
100000000-100460000 rw-p 00000000 00:00 0 
100460000-140000000 ---p 00000000 00:00 0 
55d57d080000-55d57d081000 r-xp 00000000 08:02 792682                     /usr/lib/jvm/java-8-openjdk-amd64/jre/bin/java
55d57d280000-55d57d281000 r--p 00000000 08:02 792682                     /usr/lib/jvm/java-8-openjdk-amd64/jre/bin/java
55d57d281000-55d57d282000 rw-p 00001000 08:02 792682                     /usr/lib/jvm/java-8-openjdk-amd64/jre/bin/java
55d57f064000-55d57f085000 rw-p 00000000 00:00 0                          [heap]
7f444c000000-7f444c021000 rw-p 00000000 00:00 0 
7f444c021000-7f4450000000 ---p 00000000 00:00 0 
7f4450000000-7f4450021000 rw-p 00000000 00:00 0 
7f4450021000-7f4454000000 ---p 00000000 00:00 0 
7f4454000000-7f4454247000 rw-p 00000000 00:00 0 
7f4454247000-7f4458000000 ---p 00000000 00:00 0 
7f445a706000-7f445a7b3000 r--p 00000000 08:02 654387                     /usr/share/fonts/truetype/dejavu/DejaVuSans-Bold.ttf
7f445a7b3000-7f445a8f3000 rw-p 00000000 00:00 0 
7f445a8f3000-7f445a9b3000 ---p 00000000 00:00 0 
7f445a9b3000-7f445abb3000 rw-p 00000000 00:00 0 
7f445abb3000-7f445adb3000 rw-p 00000000 00:00 0 
7f445adb3000-7f445adb6000 ---p 00000000 00:00 0 
7f445adb6000-7f445aeb4000 rw-p 00000000 00:00 0 
7f445aeb4000-7f445b0b4000 rw-p 00000000 00:00 0 
7f445b0b4000-7f445b274000 rw-s 105788000 00:06 2466                      /dev/dri/card0
7f445b274000-7f445b434000 rw-s 00000000 00:05 117668                     /drm mm object (deleted)
7f445b434000-7f445b43d000 r-xp 00000000 08:02 801674                     /usr/lib/jvm/java-8-openjdk-amd64/jre/lib/amd64/libmanagement.so
7f445b43d000-7f445b63c000 ---p 00009000 08:02 801674                     /usr/lib/jvm/java-8-openjdk-amd64/jre/lib/amd64/libmanagement.so
7f445b63c000-7f445b63d000 r--p 00008000 08:02 801674                     /usr/lib/jvm/java-8-openjdk-amd64/jre/lib/amd64/libmanagement.so
7f445b63d000-7f445b63e000 rw-p 00009000 08:02 801674                     /usr/lib/jvm/java-8-openjdk-amd64/jre/lib/amd64/libmanagement.so
7f445b63e000-7f445b641000 ---p 00000000 00:00 0 
7f445b641000-7f445b73f000 rw-p 00000000 00:00 0 
7f445b73f000-7f445b8ff000 rw-s 00000000 00:05 118612                     /drm mm object (deleted)
7f445b8ff000-7f445baff000 rw-p 00000000 00:00 0 
7f445baff000-7f445bb02000 ---p 00000000 00:00 0 
7f445bb02000-7f445bc00000 rw-p 00000000 00:00 0 
7f445bc00000-7f445be00000 rw-p 00000000 00:00 0 
7f445be00000-7f445c000000 rw-p 00000000 00:00 0 
7f445c000000-7f445c021000 rw-p 00000000 00:00 0 
7f445c021000-7f4460000000 ---p 00000000 00:00 0 
7f446000b000-7f446000e000 ---p 00000000 00:00 0 
7f446000e000-7f446010c000 rw-p 00000000 00:00 0 
7f446010c000-7f44601c5000 r--p 00000000 08:02 654388                     /usr/share/fonts/truetype/dejavu/DejaVuSans.ttf
7f44601c5000-7f44601c9000 r-xp 00000000 08:02 794623                     /usr/lib/jvm/java-8-openjdk-amd64/jre/lib/amd64/libjavafx_font_pango.so
7f44601c9000-7f44603c8000 ---p 00004000 08:02 794623                     /usr/lib/jvm/java-8-openjdk-amd64/jre/lib/amd64/libjavafx_font_pango.so
7f44603c8000-7f44603c9000 r--p 00003000 08:02 794623                     /usr/lib/jvm/java-8-openjdk-amd64/jre/lib/amd64/libjavafx_font_pango.so
7f44603c9000-7f44603ca000 rw-p 00004000 08:02 794623                     /usr/lib/jvm/java-8-openjdk-amd64/jre/lib/amd64/libjavafx_font_pango.so
7f44603ca000-7f44605ca000 rw-p 00000000 00:00 0 
7f44605ca000-7f44635cb000 rw-p 00000000 00:00 0 
7f44635cb000-7f44635e2000 r-xp 00000000 08:02 801676                     /usr/lib/jvm/java-8-openjdk-amd64/jre/lib/amd64/libnet.so
7f44635e2000-7f44637e1000 ---p 00017000 08:02 801676                     /usr/lib/jvm/java-8-openjdk-amd64/jre/lib/amd64/libnet.so
7f44637e1000-7f44637e2000 r--p 00016000 08:02 801676                     /usr/lib/jvm/java-8-openjdk-amd64/jre/lib/amd64/libnet.so
7f44637e2000-7f44637e3000 rw-p 00017000 08:02 801676                     /usr/lib/jvm/java-8-openjdk-amd64/jre/lib/amd64/libnet.so
7f44637e3000-7f44637f4000 r-xp 00000000 08:02 801677                     /usr/lib/jvm/java-8-openjdk-amd64/jre/lib/amd64/libnio.so
7f44637f4000-7f44639f4000 ---p 00011000 08:02 801677                     /usr/lib/jvm/java-8-openjdk-amd64/jre/lib/amd64/libnio.so
7f44639f4000-7f44639f5000 r--p 00011000 08:02 801677                     /usr/lib/jvm/java-8-openjdk-amd64/jre/lib/amd64/libnio.so
7f44639f5000-7f44639f6000 rw-p 00012000 08:02 801677                     /usr/lib/jvm/java-8-openjdk-amd64/jre/lib/amd64/libnio.so
7f44639f6000-7f44639fb000 r-xp 00000000 08:02 794622                     /usr/lib/jvm/java-8-openjdk-amd64/jre/lib/amd64/libjavafx_font_freetype.so
7f44639fb000-7f4463bfa000 ---p 00005000 08:02 794622                     /usr/lib/jvm/java-8-openjdk-amd64/jre/lib/amd64/libjavafx_font_freetype.so
7f4463bfa000-7f4463bfb000 r--p 00004000 08:02 794622                     /usr/lib/jvm/java-8-openjdk-amd64/jre/lib/amd64/libjavafx_font_freetype.so
7f4463bfb000-7f4463bfc000 rw-p 00005000 08:02 794622                     /usr/lib/jvm/java-8-openjdk-amd64/jre/lib/amd64/libjavafx_font_freetype.so
7f4463bfc000-7f4463bff000 r-xp 00000000 08:02 794621                     /usr/lib/jvm/java-8-openjdk-amd64/jre/lib/amd64/libjavafx_font.so
7f4463bff000-7f4463dfe000 ---p 00003000 08:02 794621                     /usr/lib/jvm/java-8-openjdk-amd64/jre/lib/amd64/libjavafx_font.so
7f4463dfe000-7f4463dff000 r--p 00002000 08:02 794621                     /usr/lib/jvm/java-8-openjdk-amd64/jre/lib/amd64/libjavafx_font.so
7f4463dff000-7f4463e00000 rw-p 00003000 08:02 794621                     /usr/lib/jvm/java-8-openjdk-amd64/jre/lib/amd64/libjavafx_font.so
7f4463e00000-7f4464000000 rw-p 00000000 00:00 0 
7f4464000000-7f44645b5000 rw-p 00000000 00:00 0 
7f44645b5000-7f4468000000 ---p 00000000 00:00 0 
7f4468000000-7f4468021000 rw-p 00000000 00:00 0 
7f4468021000-7f446c000000 ---p 00000000 00:00 0 
7f446c000000-7f446c021000 rw-p 00000000 00:00 0 
7f446c021000-7f4470000000 ---p 00000000 00:00 0 
7f4470011000-7f4470014000 ---p 00000000 00:00 0 
7f4470014000-7f4470112000 rw-p 00000000 00:00 0 
7f4470112000-7f4470115000 ---p 00000000 00:00 0 
7f4470115000-7f4470213000 rw-p 00000000 00:00 0 
7f4470213000-7f447021a000 r-xp 00000000 08:02 272103                     /usr/lib/x86_64-linux-gnu/libogg.so.0.8.2
7f447021a000-7f447041a000 ---p 00007000 08:02 272103                     /usr/lib/x86_64-linux-gnu/libogg.so.0.8.2
7f447041a000-7f447041b000 r--p 00007000 08:02 272103                     /usr/lib/x86_64-linux-gnu/libogg.so.0.8.2
7f447041b000-7f447041c000 rw-p 00008000 08:02 272103                     /usr/lib/x86_64-linux-gnu/libogg.so.0.8.2
7f447041c000-7f4470447000 r-xp 00000000 08:02 274110                     /usr/lib/x86_64-linux-gnu/libvorbis.so.0.4.8
7f4470447000-7f4470646000 ---p 0002b000 08:02 274110                     /usr/lib/x86_64-linux-gnu/libvorbis.so.0.4.8
7f4470646000-7f4470647000 r--p 0002a000 08:02 274110                     /usr/lib/x86_64-linux-gnu/libvorbis.so.0.4.8
7f4470647000-7f4470648000 rw-p 0002b000 08:02 274110                     /usr/lib/x86_64-linux-gnu/libvorbis.so.0.4.8
7f4470648000-7f4470651000 r-xp 00000000 08:02 271260                     /usr/lib/x86_64-linux-gnu/libltdl.so.7.3.1
7f4470651000-7f4470850000 ---p 00009000 08:02 271260                     /usr/lib/x86_64-linux-gnu/libltdl.so.7.3.1
7f4470850000-7f4470851000 r--p 00008000 08:02 271260                     /usr/lib/x86_64-linux-gnu/libltdl.so.7.3.1
7f4470851000-7f4470852000 rw-p 00009000 08:02 271260                     /usr/lib/x86_64-linux-gnu/libltdl.so.7.3.1
7f4470852000-7f4470867000 r-xp 00000000 08:02 274452                     /usr/lib/x86_64-linux-gnu/libtdb.so.1.3.11
7f4470867000-7f4470a66000 ---p 00015000 08:02 274452                     /usr/lib/x86_64-linux-gnu/libtdb.so.1.3.11
7f4470a66000-7f4470a67000 r--p 00014000 08:02 274452                     /usr/lib/x86_64-linux-gnu/libtdb.so.1.3.11
7f4470a67000-7f4470a68000 rw-p 00015000 08:02 274452                     /usr/lib/x86_64-linux-gnu/libtdb.so.1.3.11
7f4470a68000-7f4470a70000 r-xp 00000000 08:02 275883                     /usr/lib/x86_64-linux-gnu/libvorbisfile.so.3.3.7
7f4470a70000-7f4470c6f000 ---p 00008000 08:02 275883                     /usr/lib/x86_64-linux-gnu/libvorbisfile.so.3.3.7
7f4470c6f000-7f4470c70000 r--p 00007000 08:02 275883                     /usr/lib/x86_64-linux-gnu/libvorbisfile.so.3.3.7
7f4470c70000-7f4470c71000 rw-p 00008000 08:02 275883                     /usr/lib/x86_64-linux-gnu/libvorbisfile.so.3.3.7
7f4470c71000-7f4470c82000 r-xp 00000000 08:02 275885                     /usr/lib/x86_64-linux-gnu/libcanberra.so.0.2.5
7f4470c82000-7f4470e81000 ---p 00011000 08:02 275885                     /usr/lib/x86_64-linux-gnu/libcanberra.so.0.2.5
7f4470e81000-7f4470e82000 r--p 00010000 08:02 275885                     /usr/lib/x86_64-linux-gnu/libcanberra.so.0.2.5
7f4470e82000-7f4470e83000 rw-p 00011000 08:02 275885                     /usr/lib/x86_64-linux-gnu/libcanberra.so.0.2.5
7f4470e83000-7f4470e87000 r-xp 00000000 08:02 318236                     /usr/lib/x86_64-linux-gnu/libcanberra-gtk.so.0.1.9
7f4470e87000-7f4471086000 ---p 00004000 08:02 318236                     /usr/lib/x86_64-linux-gnu/libcanberra-gtk.so.0.1.9
7f4471086000-7f4471087000 r--p 00003000 08:02 318236                     /usr/lib/x86_64-linux-gnu/libcanberra-gtk.so.0.1.9
7f4471087000-7f4471088000 rw-p 00004000 08:02 318236                     /usr/lib/x86_64-linux-gnu/libcanberra-gtk.so.0.1.9
7f4471088000-7f447108d000 r-xp 00000000 08:02 318239                     /usr/lib/x86_64-linux-gnu/gtk-2.0/modules/libcanberra-gtk-module.so
7f447108d000-7f447128c000 ---p 00005000 08:02 318239                     /usr/lib/x86_64-linux-gnu/gtk-2.0/modules/libcanberra-gtk-module.so
7f447128c000-7f447128d000 r--p 00004000 08:02 318239                     /usr/lib/x86_64-linux-gnu/gtk-2.0/modules/libcanberra-gtk-module.so
7f447128d000-7f447128e000 rw-p 00005000 08:02 318239                     /usr/lib/x86_64-linux-gnu/gtk-2.0/modules/libcanberra-gtk-module.so
7f447128e000-7f4471298000 r-xp 00000000 08:02 287844                     /usr/lib/x86_64-linux-gnu/gtk-2.0/2.10.0/engines/libpixmap.so
7f4471298000-7f4471497000 ---p 0000a000 08:02 287844                     /usr/lib/x86_64-linux-gnu/gtk-2.0/2.10.0/engines/libpixmap.so
7f4471497000-7f4471498000 r--p 00009000 08:02 287844                     /usr/lib/x86_64-linux-gnu/gtk-2.0/2.10.0/engines/libpixmap.so
7f4471498000-7f4471499000 rw-p 0000a000 08:02 287844                     /usr/lib/x86_64-linux-gnu/gtk-2.0/2.10.0/engines/libpixmap.so
7f4471499000-7f447149b000 r-xp 00000000 08:02 283562                     /usr/lib/x86_64-linux-gnu/gtk-2.0/2.10.0/engines/libadwaita.so
7f447149b000-7f447169b000 ---p 00002000 08:02 283562                     /usr/lib/x86_64-linux-gnu/gtk-2.0/2.10.0/engines/libadwaita.so
7f447169b000-7f447169c000 r--p 00002000 08:02 283562                     /usr/lib/x86_64-linux-gnu/gtk-2.0/2.10.0/engines/libadwaita.so
7f447169c000-7f447169d000 rw-p 00003000 08:02 283562                     /usr/lib/x86_64-linux-gnu/gtk-2.0/2.10.0/engines/libadwaita.so
7f447169d000-7f44716c6000 r-xp 00000000 08:02 794619                     /usr/lib/jvm/java-8-openjdk-amd64/jre/lib/amd64/libglass.so
7f44716c6000-7f44718c6000 ---p 00029000 08:02 794619                     /usr/lib/jvm/java-8-openjdk-amd64/jre/lib/amd64/libglass.so
7f44718c6000-7f44718c7000 r--p 00029000 08:02 794619                     /usr/lib/jvm/java-8-openjdk-amd64/jre/lib/amd64/libglass.so
7f44718c7000-7f44718c8000 rw-p 0002a000 08:02 794619                     /usr/lib/jvm/java-8-openjdk-amd64/jre/lib/amd64/libglass.so
7f44718c8000-7f44718c9000 rw-p 00000000 00:00 0 
7f44718c9000-7f4471901000 r-xp 00000000 08:02 290883                     /usr/lib/x86_64-linux-gnu/s2tc/libtxc_dxtn.so
7f4471901000-7f4471b01000 ---p 00038000 08:02 290883                     /usr/lib/x86_64-linux-gnu/s2tc/libtxc_dxtn.so
7f4471b01000-7f4471b02000 r--p 00038000 08:02 290883                     /usr/lib/x86_64-linux-gnu/s2tc/libtxc_dxtn.so
7f4471b02000-7f4471b03000 rw-p 00039000 08:02 290883                     /usr/lib/x86_64-linux-gnu/s2tc/libtxc_dxtn.so
7f4471b03000-7f4471b0b000 r-xp 00000000 08:02 288228                     /usr/lib/x86_64-linux-gnu/libpciaccess.so.0.11.1
7f4471b0b000-7f4471d0b000 ---p 00008000 08:02 288228                     /usr/lib/x86_64-linux-gnu/libpciaccess.so.0.11.1
7f4471d0b000-7f4471d0c000 r--p 00008000 08:02 288228                     /usr/lib/x86_64-linux-gnu/libpciaccess.so.0.11.1
7f4471d0c000-7f4471d0d000 rw-p 00009000 08:02 288228                     /usr/lib/x86_64-linux-gnu/libpciaccess.so.0.11.1
7f4471d0d000-7f4471d20000 r-xp 00000000 08:02 391730                     /lib/x86_64-linux-gnu/libgpg-error.so.0.21.0
7f4471d20000-7f4471f1f000 ---p 00013000 08:02 391730                     /lib/x86_64-linux-gnu/libgpg-error.so.0.21.0
7f4471f1f000-7f4471f20000 r--p 00012000 08:02 391730                     /lib/x86_64-linux-gnu/libgpg-error.so.0.21.0
7f4471f20000-7f4471f21000 rw-p 00013000 08:02 391730                     /lib/x86_64-linux-gnu/libgpg-error.so.0.21.0
7f4471f21000-7f4471f2c000 r-xp 00000000 08:02 288381                     /usr/lib/x86_64-linux-gnu/libdrm_radeon.so.1.0.1
7f4471f2c000-7f447212b000 ---p 0000b000 08:02 288381                     /usr/lib/x86_64-linux-gnu/libdrm_radeon.so.1.0.1
7f447212b000-7f447212c000 r--p 0000a000 08:02 288381                     /usr/lib/x86_64-linux-gnu/libdrm_radeon.so.1.0.1
7f447212c000-7f447212d000 rw-p 0000b000 08:02 288381                     /usr/lib/x86_64-linux-gnu/libdrm_radeon.so.1.0.1
7f447212d000-7f4472134000 r-xp 00000000 08:02 288378                     /usr/lib/x86_64-linux-gnu/libdrm_nouveau.so.2.0.0
7f4472134000-7f4472333000 ---p 00007000 08:02 288378                     /usr/lib/x86_64-linux-gnu/libdrm_nouveau.so.2.0.0
7f4472333000-7f4472334000 r--p 00006000 08:02 288378                     /usr/lib/x86_64-linux-gnu/libdrm_nouveau.so.2.0.0
7f4472334000-7f4472335000 rw-p 00007000 08:02 288378                     /usr/lib/x86_64-linux-gnu/libdrm_nouveau.so.2.0.0
7f4472335000-7f4472357000 r-xp 00000000 08:02 288230                     /usr/lib/x86_64-linux-gnu/libdrm_intel.so.1.0.0
7f4472357000-7f4472556000 ---p 00022000 08:02 288230                     /usr/lib/x86_64-linux-gnu/libdrm_intel.so.1.0.0
7f4472556000-7f4472557000 r--p 00021000 08:02 288230                     /usr/lib/x86_64-linux-gnu/libdrm_intel.so.1.0.0
7f4472557000-7f4472558000 rw-p 00022000 08:02 288230                     /usr/lib/x86_64-linux-gnu/libdrm_intel.so.1.0.0
7f4472558000-7f447265f000 r-xp 00000000 08:02 423581                     /lib/x86_64-linux-gnu/libgcrypt.so.20.1.6
7f447265f000-7f447285f000 ---p 00107000 08:02 423581                     /lib/x86_64-linux-gnu/libgcrypt.so.20.1.6
7f447285f000-7f4472861000 r--p 00107000 08:02 423581                     /lib/x86_64-linux-gnu/libgcrypt.so.20.1.6
7f4472861000-7f4472868000 rw-p 00109000 08:02 423581                     /lib/x86_64-linux-gnu/libgcrypt.so.20.1.6
7f4472868000-7f4472f0f000 r-xp 00000000 08:02 288573                     /usr/lib/x86_64-linux-gnu/dri/i965_dri.so
7f4472f0f000-7f447310e000 ---p 006a7000 08:02 288573                     /usr/lib/x86_64-linux-gnu/dri/i965_dri.so
7f447310e000-7f4473150000 r--p 006a6000 08:02 288573                     /usr/lib/x86_64-linux-gnu/dri/i965_dri.so
7f4473150000-7f4473158000 rw-p 006e8000 08:02 288573                     /usr/lib/x86_64-linux-gnu/dri/i965_dri.so
7f4473158000-7f4473160000 rw-p 00000000 00:00 0 
7f4473160000-7f4473164000 r-xp 00000000 08:02 391777                     /lib/x86_64-linux-gnu/libuuid.so.1.3.0
7f4473164000-7f4473363000 ---p 00004000 08:02 391777                     /lib/x86_64-linux-gnu/libuuid.so.1.3.0
7f4473363000-7f4473364000 r--p 00003000 08:02 391777                     /lib/x86_64-linux-gnu/libuuid.so.1.3.0
7f4473364000-7f4473365000 rw-p 00004000 08:02 391777                     /lib/x86_64-linux-gnu/libuuid.so.1.3.0
7f4473365000-7f4473378000 r-xp 00000000 08:02 392594                     /lib/x86_64-linux-gnu/libbsd.so.0.8.3
7f4473378000-7f4473578000 ---p 00013000 08:02 392594                     /lib/x86_64-linux-gnu/libbsd.so.0.8.3
7f4473578000-7f4473579000 r--p 00013000 08:02 392594                     /lib/x86_64-linux-gnu/libbsd.so.0.8.3
7f4473579000-7f447357a000 rw-p 00014000 08:02 392594                     /lib/x86_64-linux-gnu/libbsd.so.0.8.3
7f447357a000-7f447357b000 rw-p 00000000 00:00 0 
7f447357b000-7f4473582000 r-xp 00000000 08:02 271089                     /usr/lib/x86_64-linux-gnu/libdatrie.so.1.3.3
7f4473582000-7f4473781000 ---p 00007000 08:02 271089                     /usr/lib/x86_64-linux-gnu/libdatrie.so.1.3.3
7f4473781000-7f4473782000 r--p 00006000 08:02 271089                     /usr/lib/x86_64-linux-gnu/libdatrie.so.1.3.3
7f4473782000-7f4473783000 rw-p 00007000 08:02 271089                     /usr/lib/x86_64-linux-gnu/libdatrie.so.1.3.3
7f4473783000-7f44737ae000 r-xp 00000000 08:02 271095                     /usr/lib/x86_64-linux-gnu/libgraphite2.so.3.0.1
7f44737ae000-7f44739ad000 ---p 0002b000 08:02 271095                     /usr/lib/x86_64-linux-gnu/libgraphite2.so.3.0.1
7f44739ad000-7f44739af000 r--p 0002a000 08:02 271095                     /usr/lib/x86_64-linux-gnu/libgraphite2.so.3.0.1
7f44739af000-7f44739b0000 rw-p 0002c000 08:02 271095                     /usr/lib/x86_64-linux-gnu/libgraphite2.so.3.0.1
7f44739b0000-7f44739f1000 r-xp 00000000 08:02 391759                     /lib/x86_64-linux-gnu/libblkid.so.1.1.0
7f44739f1000-7f4473bf0000 ---p 00041000 08:02 391759                     /lib/x86_64-linux-gnu/libblkid.so.1.1.0
7f4473bf0000-7f4473bf4000 r--p 00040000 08:02 391759                     /lib/x86_64-linux-gnu/libblkid.so.1.1.0
7f4473bf4000-7f4473bf5000 rw-p 00044000 08:02 391759                     /lib/x86_64-linux-gnu/libblkid.so.1.1.0
7f4473bf5000-7f4473bf6000 rw-p 00000000 00:00 0 
7f4473bf6000-7f4473bfb000 r-xp 00000000 08:02 270528                     /usr/lib/x86_64-linux-gnu/libXdmcp.so.6.0.0
7f4473bfb000-7f4473dfa000 ---p 00005000 08:02 270528                     /usr/lib/x86_64-linux-gnu/libXdmcp.so.6.0.0
7f4473dfa000-7f4473dfb000 r--p 00004000 08:02 270528                     /usr/lib/x86_64-linux-gnu/libXdmcp.so.6.0.0
7f4473dfb000-7f4473dfc000 rw-p 00005000 08:02 270528                     /usr/lib/x86_64-linux-gnu/libXdmcp.so.6.0.0
7f4473dfc000-7f4473dff000 r-xp 00000000 08:02 270526                     /usr/lib/x86_64-linux-gnu/libXau.so.6.0.0
7f4473dff000-7f4473ffe000 ---p 00003000 08:02 270526                     /usr/lib/x86_64-linux-gnu/libXau.so.6.0.0
7f4473ffe000-7f4473fff000 r--p 00002000 08:02 270526                     /usr/lib/x86_64-linux-gnu/libXau.so.6.0.0
7f4473fff000-7f4474000000 rw-p 00003000 08:02 270526                     /usr/lib/x86_64-linux-gnu/libXau.so.6.0.0
7f4474000000-7f4475e1b000 rw-p 00000000 00:00 0 
7f4475e1b000-7f4478000000 ---p 00000000 00:00 0 
7f447804c000-7f447805c000 rw-s 00000000 00:05 118616                     /drm mm object (deleted)
7f447805c000-7f447806a000 r-xp 00000000 08:02 272145                     /usr/lib/x86_64-linux-gnu/libdrm.so.2.4.0
7f447806a000-7f447826a000 ---p 0000e000 08:02 272145                     /usr/lib/x86_64-linux-gnu/libdrm.so.2.4.0
7f447826a000-7f447826b000 r--p 0000e000 08:02 272145                     /usr/lib/x86_64-linux-gnu/libdrm.so.2.4.0
7f447826b000-7f447826c000 rw-p 0000f000 08:02 272145                     /usr/lib/x86_64-linux-gnu/libdrm.so.2.4.0
7f447826c000-7f4478270000 r-xp 00000000 08:02 272152                     /usr/lib/x86_64-linux-gnu/libxcb-dri2.so.0.0.0
7f4478270000-7f447846f000 ---p 00004000 08:02 272152                     /usr/lib/x86_64-linux-gnu/libxcb-dri2.so.0.0.0
7f447846f000-7f4478470000 r--p 00003000 08:02 272152                     /usr/lib/x86_64-linux-gnu/libxcb-dri2.so.0.0.0
7f4478470000-7f4478471000 rw-p 00004000 08:02 272152                     /usr/lib/x86_64-linux-gnu/libxcb-dri2.so.0.0.0
7f4478471000-7f4478489000 r-xp 00000000 08:02 272156                     /usr/lib/x86_64-linux-gnu/libxcb-glx.so.0.0.0
7f4478489000-7f4478689000 ---p 00018000 08:02 272156                     /usr/lib/x86_64-linux-gnu/libxcb-glx.so.0.0.0
7f4478689000-7f447868b000 r--p 00018000 08:02 272156                     /usr/lib/x86_64-linux-gnu/libxcb-glx.so.0.0.0
7f447868b000-7f447868c000 rw-p 0001a000 08:02 272156                     /usr/lib/x86_64-linux-gnu/libxcb-glx.so.0.0.0
7f447868c000-7f447868d000 r-xp 00000000 08:02 272150                     /usr/lib/x86_64-linux-gnu/libX11-xcb.so.1.0.0
7f447868d000-7f447888c000 ---p 00001000 08:02 272150                     /usr/lib/x86_64-linux-gnu/libX11-xcb.so.1.0.0
7f447888c000-7f447888d000 r--p 00000000 08:02 272150                     /usr/lib/x86_64-linux-gnu/libX11-xcb.so.1.0.0
7f447888d000-7f447888e000 rw-p 00001000 08:02 272150                     /usr/lib/x86_64-linux-gnu/libX11-xcb.so.1.0.0
7f447888e000-7f44788b8000 r-xp 00000000 08:02 272147                     /usr/lib/x86_64-linux-gnu/libglapi.so.0.0.0
7f44788b8000-7f4478ab7000 ---p 0002a000 08:02 272147                     /usr/lib/x86_64-linux-gnu/libglapi.so.0.0.0
7f4478ab7000-7f4478abb000 r--p 00029000 08:02 272147                     /usr/lib/x86_64-linux-gnu/libglapi.so.0.0.0
7f4478abb000-7f4478abc000 rw-p 0002d000 08:02 272147                     /usr/lib/x86_64-linux-gnu/libglapi.so.0.0.0
7f4478abc000-7f4478abd000 rw-p 00000000 00:00 0 
7f4478abd000-7f4478abe000 r-xp 00000000 08:02 272166                     /usr/lib/x86_64-linux-gnu/libxshmfence.so.1.0.0
7f4478abe000-7f4478cbd000 ---p 00001000 08:02 272166                     /usr/lib/x86_64-linux-gnu/libxshmfence.so.1.0.0
7f4478cbd000-7f4478cbe000 r--p 00000000 08:02 272166                     /usr/lib/x86_64-linux-gnu/libxshmfence.so.1.0.0
7f4478cbe000-7f4478cbf000 rw-p 00001000 08:02 272166                     /usr/lib/x86_64-linux-gnu/libxshmfence.so.1.0.0
7f4478cbf000-7f4478cc5000 r-xp 00000000 08:02 272160                     /usr/lib/x86_64-linux-gnu/libxcb-sync.so.1.0.0
7f4478cc5000-7f4478ec4000 ---p 00006000 08:02 272160                     /usr/lib/x86_64-linux-gnu/libxcb-sync.so.1.0.0
7f4478ec4000-7f4478ec5000 r--p 00005000 08:02 272160                     /usr/lib/x86_64-linux-gnu/libxcb-sync.so.1.0.0
7f4478ec5000-7f4478ec6000 rw-p 00006000 08:02 272160                     /usr/lib/x86_64-linux-gnu/libxcb-sync.so.1.0.0
7f4478ec6000-7f4478ec8000 r-xp 00000000 08:02 272158                     /usr/lib/x86_64-linux-gnu/libxcb-present.so.0.0.0
7f4478ec8000-7f44790c7000 ---p 00002000 08:02 272158                     /usr/lib/x86_64-linux-gnu/libxcb-present.so.0.0.0
7f44790c7000-7f44790c8000 r--p 00001000 08:02 272158                     /usr/lib/x86_64-linux-gnu/libxcb-present.so.0.0.0
7f44790c8000-7f44790c9000 rw-p 00002000 08:02 272158                     /usr/lib/x86_64-linux-gnu/libxcb-present.so.0.0.0
7f44790c9000-7f44790cb000 r-xp 00000000 08:02 272154                     /usr/lib/x86_64-linux-gnu/libxcb-dri3.so.0.0.0
7f44790cb000-7f44792ca000 ---p 00002000 08:02 272154                     /usr/lib/x86_64-linux-gnu/libxcb-dri3.so.0.0.0
7f44792ca000-7f44792cb000 r--p 00001000 08:02 272154                     /usr/lib/x86_64-linux-gnu/libxcb-dri3.so.0.0.0
7f44792cb000-7f44792cc000 rw-p 00002000 08:02 272154                     /usr/lib/x86_64-linux-gnu/libxcb-dri3.so.0.0.0
7f44792cc000-7f447933e000 r-xp 00000000 08:02 391717                     /lib/x86_64-linux-gnu/libpcre.so.3.13.3
7f447933e000-7f447953d000 ---p 00072000 08:02 391717                     /lib/x86_64-linux-gnu/libpcre.so.3.13.3
7f447953d000-7f447953e000 r--p 00071000 08:02 391717                     /lib/x86_64-linux-gnu/libpcre.so.3.13.3
7f447953e000-7f447953f000 rw-p 00072000 08:02 391717                     /lib/x86_64-linux-gnu/libpcre.so.3.13.3
7f447953f000-7f4479566000 r-xp 00000000 08:02 392927                     /lib/x86_64-linux-gnu/libexpat.so.1.6.2
7f4479566000-7f4479766000 ---p 00027000 08:02 392927                     /lib/x86_64-linux-gnu/libexpat.so.1.6.2
7f4479766000-7f4479768000 r--p 00027000 08:02 392927                     /lib/x86_64-linux-gnu/libexpat.so.1.6.2
7f4479768000-7f4479769000 rw-p 00029000 08:02 392927                     /lib/x86_64-linux-gnu/libexpat.so.1.6.2
7f4479769000-7f4479770000 r-xp 00000000 08:02 265548                     /usr/lib/x86_64-linux-gnu/libffi.so.6.0.4
7f4479770000-7f4479970000 ---p 00007000 08:02 265548                     /usr/lib/x86_64-linux-gnu/libffi.so.6.0.4
7f4479970000-7f4479971000 r--p 00007000 08:02 265548                     /usr/lib/x86_64-linux-gnu/libffi.so.6.0.4
7f4479971000-7f4479972000 rw-p 00008000 08:02 265548                     /usr/lib/x86_64-linux-gnu/libffi.so.6.0.4
7f4479972000-7f447997a000 r-xp 00000000 08:02 271091                     /usr/lib/x86_64-linux-gnu/libthai.so.0.3.0
7f447997a000-7f4479b7a000 ---p 00008000 08:02 271091                     /usr/lib/x86_64-linux-gnu/libthai.so.0.3.0
7f4479b7a000-7f4479b7b000 r--p 00008000 08:02 271091                     /usr/lib/x86_64-linux-gnu/libthai.so.0.3.0
7f4479b7b000-7f4479b7c000 rw-p 00009000 08:02 271091                     /usr/lib/x86_64-linux-gnu/libthai.so.0.3.0
7f4479b7c000-7f4479c0f000 r-xp 00000000 08:02 271099                     /usr/lib/x86_64-linux-gnu/libharfbuzz.so.0.10400.2
7f4479c0f000-7f4479e0e000 ---p 00093000 08:02 271099                     /usr/lib/x86_64-linux-gnu/libharfbuzz.so.0.10400.2
7f4479e0e000-7f4479e10000 r--p 00092000 08:02 271099                     /usr/lib/x86_64-linux-gnu/libharfbuzz.so.0.10400.2
7f4479e10000-7f4479e11000 rw-p 00094000 08:02 271099                     /usr/lib/x86_64-linux-gnu/libharfbuzz.so.0.10400.2
7f4479e11000-7f4479e5b000 r-xp 00000000 08:02 391765                     /lib/x86_64-linux-gnu/libmount.so.1.1.0
7f4479e5b000-7f447a05b000 ---p 0004a000 08:02 391765                     /lib/x86_64-linux-gnu/libmount.so.1.1.0
7f447a05b000-7f447a05c000 r--p 0004a000 08:02 391765                     /lib/x86_64-linux-gnu/libmount.so.1.1.0
7f447a05c000-7f447a05d000 rw-p 0004b000 08:02 391765                     /lib/x86_64-linux-gnu/libmount.so.1.1.0
7f447a05d000-7f447a05f000 rw-p 00000000 00:00 0 
7f447a05f000-7f447a073000 r-xp 00000000 08:02 391704                     /lib/x86_64-linux-gnu/libresolv-2.24.so
7f447a073000-7f447a272000 ---p 00014000 08:02 391704                     /lib/x86_64-linux-gnu/libresolv-2.24.so
7f447a272000-7f447a273000 r--p 00013000 08:02 391704                     /lib/x86_64-linux-gnu/libresolv-2.24.so
7f447a273000-7f447a274000 rw-p 00014000 08:02 391704                     /lib/x86_64-linux-gnu/libresolv-2.24.so
7f447a274000-7f447a276000 rw-p 00000000 00:00 0 
7f447a276000-7f447a29b000 r-xp 00000000 08:02 396812                     /lib/x86_64-linux-gnu/libselinux.so.1
7f447a29b000-7f447a49a000 ---p 00025000 08:02 396812                     /lib/x86_64-linux-gnu/libselinux.so.1
7f447a49a000-7f447a49b000 r--p 00024000 08:02 396812                     /lib/x86_64-linux-gnu/libselinux.so.1
7f447a49b000-7f447a49c000 rw-p 00025000 08:02 396812                     /lib/x86_64-linux-gnu/libselinux.so.1
7f447a49c000-7f447a49e000 rw-p 00000000 00:00 0 
7f447a49e000-7f447a4aa000 r-xp 00000000 08:02 271063                     /usr/lib/x86_64-linux-gnu/libxcb-render.so.0.0.0
7f447a4aa000-7f447a6aa000 ---p 0000c000 08:02 271063                     /usr/lib/x86_64-linux-gnu/libxcb-render.so.0.0.0
7f447a6aa000-7f447a6ab000 r--p 0000c000 08:02 271063                     /usr/lib/x86_64-linux-gnu/libxcb-render.so.0.0.0
7f447a6ab000-7f447a6ac000 rw-p 0000d000 08:02 271063                     /usr/lib/x86_64-linux-gnu/libxcb-render.so.0.0.0
7f447a6ac000-7f447a6d3000 r-xp 00000000 08:02 270530                     /usr/lib/x86_64-linux-gnu/libxcb.so.1.1.0
7f447a6d3000-7f447a8d2000 ---p 00027000 08:02 270530                     /usr/lib/x86_64-linux-gnu/libxcb.so.1.1.0
7f447a8d2000-7f447a8d3000 r--p 00026000 08:02 270530                     /usr/lib/x86_64-linux-gnu/libxcb.so.1.1.0
7f447a8d3000-7f447a8d4000 rw-p 00027000 08:02 270530                     /usr/lib/x86_64-linux-gnu/libxcb.so.1.1.0
7f447a8d4000-7f447a8d6000 r-xp 00000000 08:02 271065                     /usr/lib/x86_64-linux-gnu/libxcb-shm.so.0.0.0
7f447a8d6000-7f447aad6000 ---p 00002000 08:02 271065                     /usr/lib/x86_64-linux-gnu/libxcb-shm.so.0.0.0
7f447aad6000-7f447aad7000 r--p 00002000 08:02 271065                     /usr/lib/x86_64-linux-gnu/libxcb-shm.so.0.0.0
7f447aad7000-7f447aad8000 rw-p 00003000 08:02 271065                     /usr/lib/x86_64-linux-gnu/libxcb-shm.so.0.0.0
7f447aad8000-7f447ab09000 r-xp 00000000 08:02 270519                     /usr/lib/x86_64-linux-gnu/libpng16.so.16.28.0
7f447ab09000-7f447ad09000 ---p 00031000 08:02 270519                     /usr/lib/x86_64-linux-gnu/libpng16.so.16.28.0
7f447ad09000-7f447ad0a000 r--p 00031000 08:02 270519                     /usr/lib/x86_64-linux-gnu/libpng16.so.16.28.0
7f447ad0a000-7f447ad0b000 rw-p 00032000 08:02 270519                     /usr/lib/x86_64-linux-gnu/libpng16.so.16.28.0
7f447ad0b000-7f447ada9000 r-xp 00000000 08:02 271060                     /usr/lib/x86_64-linux-gnu/libpixman-1.so.0.34.0
7f447ada9000-7f447afa9000 ---p 0009e000 08:02 271060                     /usr/lib/x86_64-linux-gnu/libpixman-1.so.0.34.0
7f447afa9000-7f447afb1000 r--p 0009e000 08:02 271060                     /usr/lib/x86_64-linux-gnu/libpixman-1.so.0.34.0
7f447afb1000-7f447afb2000 rw-p 000a6000 08:02 271060                     /usr/lib/x86_64-linux-gnu/libpixman-1.so.0.34.0
7f447afb2000-7f447afc3000 r-xp 00000000 08:02 270537                     /usr/lib/x86_64-linux-gnu/libXext.so.6.4.0
7f447afc3000-7f447b1c2000 ---p 00011000 08:02 270537                     /usr/lib/x86_64-linux-gnu/libXext.so.6.4.0
7f447b1c2000-7f447b1c3000 r--p 00010000 08:02 270537                     /usr/lib/x86_64-linux-gnu/libXext.so.6.4.0
7f447b1c3000-7f447b1c4000 rw-p 00011000 08:02 270537                     /usr/lib/x86_64-linux-gnu/libXext.so.6.4.0
7f447b1c4000-7f447b1ce000 r-xp 00000000 08:02 296123                     /usr/lib/x86_64-linux-gnu/libXcursor.so.1.0.2
7f447b1ce000-7f447b3cd000 ---p 0000a000 08:02 296123                     /usr/lib/x86_64-linux-gnu/libXcursor.so.1.0.2
7f447b3cd000-7f447b3ce000 r--p 00009000 08:02 296123                     /usr/lib/x86_64-linux-gnu/libXcursor.so.1.0.2
7f447b3ce000-7f447b3cf000 rw-p 0000a000 08:02 296123                     /usr/lib/x86_64-linux-gnu/libXcursor.so.1.0.2
7f447b3cf000-7f447b3d9000 r-xp 00000000 08:02 270543                     /usr/lib/x86_64-linux-gnu/libXrandr.so.2.2.0
7f447b3d9000-7f447b5d8000 ---p 0000a000 08:02 270543                     /usr/lib/x86_64-linux-gnu/libXrandr.so.2.2.0
7f447b5d8000-7f447b5d9000 r--p 00009000 08:02 270543                     /usr/lib/x86_64-linux-gnu/libXrandr.so.2.2.0
7f447b5d9000-7f447b5da000 rw-p 0000a000 08:02 270543                     /usr/lib/x86_64-linux-gnu/libXrandr.so.2.2.0
7f447b5da000-7f447b5e9000 r-xp 00000000 08:02 273548                     /usr/lib/x86_64-linux-gnu/libXi.so.6.1.0
7f447b5e9000-7f447b7e8000 ---p 0000f000 08:02 273548                     /usr/lib/x86_64-linux-gnu/libXi.so.6.1.0
7f447b7e8000-7f447b7e9000 r--p 0000e000 08:02 273548                     /usr/lib/x86_64-linux-gnu/libXi.so.6.1.0
7f447b7e9000-7f447b7ea000 rw-p 0000f000 08:02 273548                     /usr/lib/x86_64-linux-gnu/libXi.so.6.1.0
7f447b7ea000-7f447b7ec000 r-xp 00000000 08:02 270539                     /usr/lib/x86_64-linux-gnu/libXinerama.so.1.0.0
7f447b7ec000-7f447b9eb000 ---p 00002000 08:02 270539                     /usr/lib/x86_64-linux-gnu/libXinerama.so.1.0.0
7f447b9eb000-7f447b9ec000 r--p 00001000 08:02 270539                     /usr/lib/x86_64-linux-gnu/libXinerama.so.1.0.0
7f447b9ec000-7f447b9ed000 rw-p 00002000 08:02 270539                     /usr/lib/x86_64-linux-gnu/libXinerama.so.1.0.0
7f447b9ed000-7f447b9f6000 r-xp 00000000 08:02 270541                     /usr/lib/x86_64-linux-gnu/libXrender.so.1.3.0
7f447b9f6000-7f447bbf5000 ---p 00009000 08:02 270541                     /usr/lib/x86_64-linux-gnu/libXrender.so.1.3.0
7f447bbf5000-7f447bbf6000 r--p 00008000 08:02 270541                     /usr/lib/x86_64-linux-gnu/libXrender.so.1.3.0
7f447bbf6000-7f447bbf7000 rw-p 00009000 08:02 270541                     /usr/lib/x86_64-linux-gnu/libXrender.so.1.3.0
7f447bbf7000-7f447bbfc000 r-xp 00000000 08:02 272162                     /usr/lib/x86_64-linux-gnu/libXfixes.so.3.1.0
7f447bbfc000-7f447bdfb000 ---p 00005000 08:02 272162                     /usr/lib/x86_64-linux-gnu/libXfixes.so.3.1.0
7f447bdfb000-7f447bdfc000 r--p 00004000 08:02 272162                     /usr/lib/x86_64-linux-gnu/libXfixes.so.3.1.0
7f447bdfc000-7f447bdfd000 rw-p 00005000 08:02 272162                     /usr/lib/x86_64-linux-gnu/libXfixes.so.3.1.0
7f447bdfd000-7f447bdff000 r-xp 00000000 08:02 272164                     /usr/lib/x86_64-linux-gnu/libXdamage.so.1.1.0
7f447bdff000-7f447bffe000 ---p 00002000 08:02 272164                     /usr/lib/x86_64-linux-gnu/libXdamage.so.1.1.0
7f447bffe000-7f447bfff000 r--p 00001000 08:02 272164                     /usr/lib/x86_64-linux-gnu/libXdamage.so.1.1.0
7f447bfff000-7f447c000000 rw-p 00002000 08:02 272164                     /usr/lib/x86_64-linux-gnu/libXdamage.so.1.1.0
7f447c000000-7f447c021000 rw-p 00000000 00:00 0 
7f447c021000-7f4480000000 ---p 00000000 00:00 0 
7f4480000000-7f4480021000 rw-p 00000000 00:00 0 
7f4480021000-7f4484000000 ---p 00000000 00:00 0 
7f4484000000-7f448480f000 rw-p 00000000 00:00 0 
7f448480f000-7f4488000000 ---p 00000000 00:00 0 
7f4488000000-7f448844e000 rw-p 00000000 00:00 0 
7f448844e000-7f448c000000 ---p 00000000 00:00 0 
7f448c000000-7f448c6e4000 rw-p 00000000 00:00 0 
7f448c6e4000-7f4490000000 ---p 00000000 00:00 0 
7f4490000000-7f449024c000 rw-p 00000000 00:00 0 
7f449024c000-7f4494000000 ---p 00000000 00:00 0 
7f4494000000-7f4494021000 rw-p 00000000 00:00 0 
7f4494021000-7f4498000000 ---p 00000000 00:00 0 
7f4498000000-7f4498021000 rw-p 00000000 00:00 0 
7f4498021000-7f449c000000 ---p 00000000 00:00 0 
7f449c000000-7f449c021000 rw-p 00000000 00:00 0 
7f449c021000-7f44a0000000 ---p 00000000 00:00 0 
7f44a0000000-7f44a0021000 rw-p 00000000 00:00 0 
7f44a0021000-7f44a4000000 ---p 00000000 00:00 0 
7f44a4000000-7f44a4021000 rw-p 00000000 00:00 0 
7f44a4021000-7f44a8000000 ---p 00000000 00:00 0 
7f44a8000000-7f44a8021000 rw-p 00000000 00:00 0 
7f44a8021000-7f44ac000000 ---p 00000000 00:00 0 
7f44ac000000-7f44ac021000 rw-p 00000000 00:00 0 
7f44ac021000-7f44b0000000 ---p 00000000 00:00 0 
7f44b0000000-7f44b0002000 rw-s 100b94000 00:06 2466                      /dev/dri/card0
7f44b0002000-7f44b000a000 rw-s 00000000 00:05 118615                     /drm mm object (deleted)
7f44b000a000-7f44b001a000 rw-s 00000000 00:05 118614                     /drm mm object (deleted)
7f44b001a000-7f44b0026000 rw-s 00000000 00:05 117651                     /drm mm object (deleted)
7f44b0026000-7f44b0086000 rw-s 00000000 00:05 79790090                   /SYSV00000000 (deleted)
7f44b0086000-7f44b0099000 r--s 00346000 08:02 801720                     /usr/lib/jvm/java-8-openjdk-amd64/jre/lib/resources.jar
7f44b0099000-7f44b00c2000 r--p 00000000 08:05 27                         /tmp/+JXF8799966258432852760.tmp
7f44b00c2000-7f44b00c7000 r--s 0009a000 08:02 801716                     /usr/lib/jvm/java-8-openjdk-amd64/jre/lib/jsse.jar
7f44b00c7000-7f44b00ce000 r--s 00000000 08:03 391235                     /var/cache/fontconfig/4be9850f182b35c1350b6bbf2e42601c-le64.cache-4
7f44b00ce000-7f44b00d9000 r--s 00000000 08:03 392638                     /var/cache/fontconfig/945677eb7aeaf62f1d50efc3fb3ec7d8-le64.cache-4
7f44b00d9000-7f44b00dc000 ---p 00000000 00:00 0 
7f44b00dc000-7f44b01da000 rw-p 00000000 00:00 0 
7f44b01da000-7f44b01dc000 r-xp 00000000 08:02 273544                     /usr/lib/x86_64-linux-gnu/libXcomposite.so.1.0.0
7f44b01dc000-7f44b03db000 ---p 00002000 08:02 273544                     /usr/lib/x86_64-linux-gnu/libXcomposite.so.1.0.0
7f44b03db000-7f44b03dc000 r--p 00001000 08:02 273544                     /usr/lib/x86_64-linux-gnu/libXcomposite.so.1.0.0
7f44b03dc000-7f44b03dd000 rw-p 00002000 08:02 273544                     /usr/lib/x86_64-linux-gnu/libXcomposite.so.1.0.0
7f44b03dd000-7f44b03e0000 r-xp 00000000 08:02 270880                     /usr/lib/x86_64-linux-gnu/libgmodule-2.0.so.0.5000.3
7f44b03e0000-7f44b05df000 ---p 00003000 08:02 270880                     /usr/lib/x86_64-linux-gnu/libgmodule-2.0.so.0.5000.3
7f44b05df000-7f44b05e0000 r--p 00002000 08:02 270880                     /usr/lib/x86_64-linux-gnu/libgmodule-2.0.so.0.5000.3
7f44b05e0000-7f44b05e1000 rw-p 00003000 08:02 270880                     /usr/lib/x86_64-linux-gnu/libgmodule-2.0.so.0.5000.3
7f44b05e1000-7f44b064f000 r-xp 00000000 08:02 272168                     /usr/lib/x86_64-linux-gnu/libGL.so.1.2.0
7f44b064f000-7f44b084e000 ---p 0006e000 08:02 272168                     /usr/lib/x86_64-linux-gnu/libGL.so.1.2.0
7f44b084e000-7f44b0851000 r--p 0006d000 08:02 272168                     /usr/lib/x86_64-linux-gnu/libGL.so.1.2.0
7f44b0851000-7f44b0852000 rw-p 00070000 08:02 272168                     /usr/lib/x86_64-linux-gnu/libGL.so.1.2.0
7f44b0852000-7f44b0853000 rw-p 00000000 00:00 0 
7f44b0853000-7f44b0858000 r-xp 00000000 08:02 270552                     /usr/lib/x86_64-linux-gnu/libXxf86vm.so.1.0.0
7f44b0858000-7f44b0a57000 ---p 00005000 08:02 270552                     /usr/lib/x86_64-linux-gnu/libXxf86vm.so.1.0.0
7f44b0a57000-7f44b0a58000 r--p 00004000 08:02 270552                     /usr/lib/x86_64-linux-gnu/libXxf86vm.so.1.0.0
7f44b0a58000-7f44b0a59000 rw-p 00005000 08:02 270552                     /usr/lib/x86_64-linux-gnu/libXxf86vm.so.1.0.0
7f44b0a59000-7f44b0b93000 r-xp 00000000 08:02 270534                     /usr/lib/x86_64-linux-gnu/libX11.so.6.3.0
7f44b0b93000-7f44b0d93000 ---p 0013a000 08:02 270534                     /usr/lib/x86_64-linux-gnu/libX11.so.6.3.0
7f44b0d93000-7f44b0d94000 r--p 0013a000 08:02 270534                     /usr/lib/x86_64-linux-gnu/libX11.so.6.3.0
7f44b0d94000-7f44b0d99000 rw-p 0013b000 08:02 270534                     /usr/lib/x86_64-linux-gnu/libX11.so.6.3.0
7f44b0d99000-7f44b0d9e000 r-xp 00000000 08:02 273883                     /usr/lib/x86_64-linux-gnu/libXtst.so.6.1.0
7f44b0d9e000-7f44b0f9d000 ---p 00005000 08:02 273883                     /usr/lib/x86_64-linux-gnu/libXtst.so.6.1.0
7f44b0f9d000-7f44b0f9e000 r--p 00004000 08:02 273883                     /usr/lib/x86_64-linux-gnu/libXtst.so.6.1.0
7f44b0f9e000-7f44b0f9f000 rw-p 00005000 08:02 273883                     /usr/lib/x86_64-linux-gnu/libXtst.so.6.1.0
7f44b0f9f000-7f44b10b1000 r-xp 00000000 08:02 396484                     /lib/x86_64-linux-gnu/libglib-2.0.so.0.5000.3
7f44b10b1000-7f44b12b0000 ---p 00112000 08:02 396484                     /lib/x86_64-linux-gnu/libglib-2.0.so.0.5000.3
7f44b12b0000-7f44b12b1000 r--p 00111000 08:02 396484                     /lib/x86_64-linux-gnu/libglib-2.0.so.0.5000.3
7f44b12b1000-7f44b12b2000 rw-p 00112000 08:02 396484                     /lib/x86_64-linux-gnu/libglib-2.0.so.0.5000.3
7f44b12b2000-7f44b12b3000 rw-p 00000000 00:00 0 
7f44b12b3000-7f44b12b4000 r-xp 00000000 08:02 270882                     /usr/lib/x86_64-linux-gnu/libgthread-2.0.so.0.5000.3
7f44b12b4000-7f44b14b3000 ---p 00001000 08:02 270882                     /usr/lib/x86_64-linux-gnu/libgthread-2.0.so.0.5000.3
7f44b14b3000-7f44b14b4000 r--p 00000000 08:02 270882                     /usr/lib/x86_64-linux-gnu/libgthread-2.0.so.0.5000.3
7f44b14b4000-7f44b14b5000 rw-p 00001000 08:02 270882                     /usr/lib/x86_64-linux-gnu/libgthread-2.0.so.0.5000.3
7f44b14b5000-7f44b155d000 r-xp 00000000 08:02 271054                     /usr/lib/x86_64-linux-gnu/libfreetype.so.6.12.3
7f44b155d000-7f44b175d000 ---p 000a8000 08:02 271054                     /usr/lib/x86_64-linux-gnu/libfreetype.so.6.12.3
7f44b175d000-7f44b1763000 r--p 000a8000 08:02 271054                     /usr/lib/x86_64-linux-gnu/libfreetype.so.6.12.3
7f44b1763000-7f44b1764000 rw-p 000ae000 08:02 271054                     /usr/lib/x86_64-linux-gnu/libfreetype.so.6.12.3
7f44b1764000-7f44b17a0000 r-xp 00000000 08:02 271058                     /usr/lib/x86_64-linux-gnu/libfontconfig.so.1.8.0
7f44b17a0000-7f44b199f000 ---p 0003c000 08:02 271058                     /usr/lib/x86_64-linux-gnu/libfontconfig.so.1.8.0
7f44b199f000-7f44b19a1000 r--p 0003b000 08:02 271058                     /usr/lib/x86_64-linux-gnu/libfontconfig.so.1.8.0
7f44b19a1000-7f44b19a2000 rw-p 0003d000 08:02 271058                     /usr/lib/x86_64-linux-gnu/libfontconfig.so.1.8.0
7f44b19a2000-7f44b19f4000 r-xp 00000000 08:02 270881                     /usr/lib/x86_64-linux-gnu/libgobject-2.0.so.0.5000.3
7f44b19f4000-7f44b1bf3000 ---p 00052000 08:02 270881                     /usr/lib/x86_64-linux-gnu/libgobject-2.0.so.0.5000.3
7f44b1bf3000-7f44b1bf4000 r--p 00051000 08:02 270881                     /usr/lib/x86_64-linux-gnu/libgobject-2.0.so.0.5000.3
7f44b1bf4000-7f44b1bf5000 rw-p 00052000 08:02 270881                     /usr/lib/x86_64-linux-gnu/libgobject-2.0.so.0.5000.3
7f44b1bf5000-7f44b1c3e000 r-xp 00000000 08:02 271093                     /usr/lib/x86_64-linux-gnu/libpango-1.0.so.0.4000.5
7f44b1c3e000-7f44b1e3d000 ---p 00049000 08:02 271093                     /usr/lib/x86_64-linux-gnu/libpango-1.0.so.0.4000.5
7f44b1e3d000-7f44b1e40000 r--p 00048000 08:02 271093                     /usr/lib/x86_64-linux-gnu/libpango-1.0.so.0.4000.5
7f44b1e40000-7f44b1e41000 rw-p 0004b000 08:02 271093                     /usr/lib/x86_64-linux-gnu/libpango-1.0.so.0.4000.5
7f44b1e41000-7f44b1e55000 r-xp 00000000 08:02 271101                     /usr/lib/x86_64-linux-gnu/libpangoft2-1.0.so.0.4000.5
7f44b1e55000-7f44b2055000 ---p 00014000 08:02 271101                     /usr/lib/x86_64-linux-gnu/libpangoft2-1.0.so.0.4000.5
7f44b2055000-7f44b2056000 r--p 00014000 08:02 271101                     /usr/lib/x86_64-linux-gnu/libpangoft2-1.0.so.0.4000.5
7f44b2056000-7f44b2057000 rw-p 00015000 08:02 271101                     /usr/lib/x86_64-linux-gnu/libpangoft2-1.0.so.0.4000.5
7f44b2057000-7f44b21e4000 r-xp 00000000 08:02 270879                     /usr/lib/x86_64-linux-gnu/libgio-2.0.so.0.5000.3
7f44b21e4000-7f44b23e4000 ---p 0018d000 08:02 270879                     /usr/lib/x86_64-linux-gnu/libgio-2.0.so.0.5000.3
7f44b23e4000-7f44b23e9000 r--p 0018d000 08:02 270879                     /usr/lib/x86_64-linux-gnu/libgio-2.0.so.0.5000.3
7f44b23e9000-7f44b23ec000 rw-p 00192000 08:02 270879                     /usr/lib/x86_64-linux-gnu/libgio-2.0.so.0.5000.3
7f44b23ec000-7f44b23ed000 rw-p 00000000 00:00 0 
7f44b23ed000-7f44b240f000 r-xp 00000000 08:02 262871                     /usr/lib/x86_64-linux-gnu/libgdk_pixbuf-2.0.so.0.3600.5
7f44b240f000-7f44b260f000 ---p 00022000 08:02 262871                     /usr/lib/x86_64-linux-gnu/libgdk_pixbuf-2.0.so.0.3600.5
7f44b260f000-7f44b2610000 r--p 00022000 08:02 262871                     /usr/lib/x86_64-linux-gnu/libgdk_pixbuf-2.0.so.0.3600.5
7f44b2610000-7f44b2611000 rw-p 00023000 08:02 262871                     /usr/lib/x86_64-linux-gnu/libgdk_pixbuf-2.0.so.0.3600.5
7f44b2611000-7f44b271f000 r-xp 00000000 08:02 271067                     /usr/lib/x86_64-linux-gnu/libcairo.so.2.11400.8
7f44b271f000-7f44b291f000 ---p 0010e000 08:02 271067                     /usr/lib/x86_64-linux-gnu/libcairo.so.2.11400.8
7f44b291f000-7f44b2922000 r--p 0010e000 08:02 271067                     /usr/lib/x86_64-linux-gnu/libcairo.so.2.11400.8
7f44b2922000-7f44b2923000 rw-p 00111000 08:02 271067                     /usr/lib/x86_64-linux-gnu/libcairo.so.2.11400.8
7f44b2923000-7f44b2925000 rw-p 00000000 00:00 0 
7f44b2925000-7f44b2948000 r-xp 00000000 08:02 272517                     /usr/lib/x86_64-linux-gnu/libatk-1.0.so.0.22209.1
7f44b2948000-7f44b2b47000 ---p 00023000 08:02 272517                     /usr/lib/x86_64-linux-gnu/libatk-1.0.so.0.22209.1
7f44b2b47000-7f44b2b4a000 r--p 00022000 08:02 272517                     /usr/lib/x86_64-linux-gnu/libatk-1.0.so.0.22209.1
7f44b2b4a000-7f44b2b4b000 rw-p 00025000 08:02 272517                     /usr/lib/x86_64-linux-gnu/libatk-1.0.so.0.22209.1
7f44b2b4b000-7f44b2b57000 r-xp 00000000 08:02 271103                     /usr/lib/x86_64-linux-gnu/libpangocairo-1.0.so.0.4000.5
7f44b2b57000-7f44b2d56000 ---p 0000c000 08:02 271103                     /usr/lib/x86_64-linux-gnu/libpangocairo-1.0.so.0.4000.5
7f44b2d56000-7f44b2d57000 r--p 0000b000 08:02 271103                     /usr/lib/x86_64-linux-gnu/libpangocairo-1.0.so.0.4000.5
7f44b2d57000-7f44b2d58000 rw-p 0000c000 08:02 271103                     /usr/lib/x86_64-linux-gnu/libpangocairo-1.0.so.0.4000.5
7f44b2d58000-7f44b2e08000 r-xp 00000000 08:02 274042                     /usr/lib/x86_64-linux-gnu/libgdk-x11-2.0.so.0.2400.31
7f44b2e08000-7f44b3007000 ---p 000b0000 08:02 274042                     /usr/lib/x86_64-linux-gnu/libgdk-x11-2.0.so.0.2400.31
7f44b3007000-7f44b300b000 r--p 000af000 08:02 274042                     /usr/lib/x86_64-linux-gnu/libgdk-x11-2.0.so.0.2400.31
7f44b300b000-7f44b300d000 rw-p 000b3000 08:02 274042                     /usr/lib/x86_64-linux-gnu/libgdk-x11-2.0.so.0.2400.31
7f44b300d000-7f44b3449000 r-xp 00000000 08:02 274043                     /usr/lib/x86_64-linux-gnu/libgtk-x11-2.0.so.0.2400.31
7f44b3449000-7f44b3648000 ---p 0043c000 08:02 274043                     /usr/lib/x86_64-linux-gnu/libgtk-x11-2.0.so.0.2400.31
7f44b3648000-7f44b364f000 r--p 0043b000 08:02 274043                     /usr/lib/x86_64-linux-gnu/libgtk-x11-2.0.so.0.2400.31
7f44b364f000-7f44b3653000 rw-p 00442000 08:02 274043                     /usr/lib/x86_64-linux-gnu/libgtk-x11-2.0.so.0.2400.31
7f44b3653000-7f44b3656000 rw-p 00000000 00:00 0 
7f44b3656000-7f44b3662000 r-xp 00000000 08:02 794628                     /usr/lib/jvm/java-8-openjdk-amd64/jre/lib/amd64/libprism_es2.so
7f44b3662000-7f44b3861000 ---p 0000c000 08:02 794628                     /usr/lib/jvm/java-8-openjdk-amd64/jre/lib/amd64/libprism_es2.so
7f44b3861000-7f44b3862000 r--p 0000b000 08:02 794628                     /usr/lib/jvm/java-8-openjdk-amd64/jre/lib/amd64/libprism_es2.so
7f44b3862000-7f44b3863000 rw-p 0000c000 08:02 794628                     /usr/lib/jvm/java-8-openjdk-amd64/jre/lib/amd64/libprism_es2.so
7f44b3863000-7f44b3866000 ---p 00000000 00:00 0 
7f44b3866000-7f44b3964000 rw-p 00000000 00:00 0 
7f44b3964000-7f44b39fa000 r--s 007ce000 08:02 784032                     /usr/share/java/openjfx/jre/lib/ext/jfxrt.jar
7f44b39fa000-7f44b39fb000 ---p 00000000 00:00 0 
7f44b39fb000-7f44b3afb000 rw-p 00000000 00:00 0 
7f44b3afb000-7f44b3afe000 ---p 00000000 00:00 0 
7f44b3afe000-7f44b3bfc000 rw-p 00000000 00:00 0 
7f44b3bfc000-7f44b3bff000 ---p 00000000 00:00 0 
7f44b3bff000-7f44b3cfd000 rw-p 00000000 00:00 0 
7f44b3cfd000-7f44b3d00000 ---p 00000000 00:00 0 
7f44b3d00000-7f44b3dfe000 rw-p 00000000 00:00 0 
7f44b3dfe000-7f44b3e01000 ---p 00000000 00:00 0 
7f44b3e01000-7f44b3eff000 rw-p 00000000 00:00 0 
7f44b3eff000-7f44b3f02000 ---p 00000000 00:00 0 
7f44b3f02000-7f44b4000000 rw-p 00000000 00:00 0 
7f44b4000000-7f44b4021000 rw-p 00000000 00:00 0 
7f44b4021000-7f44b8000000 ---p 00000000 00:00 0 
7f44b8000000-7f44b8021000 rw-p 00000000 00:00 0 
7f44b8021000-7f44bc000000 ---p 00000000 00:00 0 
7f44bc000000-7f44bc001000 rw-s 00000000 00:05 102374                     /drm mm object (deleted)
7f44bc001000-7f44bc004000 r--s 00015000 08:02 801714                     /usr/lib/jvm/java-8-openjdk-amd64/jre/lib/jce.jar
7f44bc004000-7f44bc008000 r--s 00000000 08:03 399368                     /var/cache/fontconfig/de156ccd2eddbdc19d37a45b8b2aac9c-le64.cache-4
7f44bc008000-7f44bc031000 r--s 00000000 08:03 391233                     /var/cache/fontconfig/0bd3dc0958fa2205aaaa8ebb13e2872b-le64.cache-4
7f44bc031000-7f44bc035000 r--s 00000000 08:03 399306                     /var/cache/fontconfig/c57959a16110560c8d0fcea73374aeeb-le64.cache-4
7f44bc035000-7f44bc03b000 r--s 00000000 08:03 392656                     /var/cache/fontconfig/3047814df9a2f067bd2d96a2b9c36e5a-le64.cache-4
7f44bc03b000-7f44bc043000 r--s 00000000 08:03 391054                     /var/cache/fontconfig/bf3b770c553c462765856025a94f1ce6-le64.cache-4
7f44bc043000-7f44bc056000 r--s 00000000 08:03 399514                     /var/cache/fontconfig/d52a8644073d54c13679302ca1180695-le64.cache-4
7f44bc056000-7f44bc085000 r--s 002e5000 08:06 17964813                   /home/umedzhon/NetBeansProjects/Library-Assistant-master/dist/run1203659466/lib/derby.jar
7f44bc085000-7f44bc088000 ---p 00000000 00:00 0 
7f44bc088000-7f44bc186000 rw-p 00000000 00:00 0 
7f44bc186000-7f44bc321000 r--p 00000000 08:02 261415                     /usr/lib/locale/locale-archive
7f44bc321000-7f44bc324000 ---p 00000000 00:00 0 
7f44bc324000-7f44bc422000 rw-p 00000000 00:00 0 
7f44bc422000-7f44bc425000 ---p 00000000 00:00 0 
7f44bc425000-7f44bc523000 rw-p 00000000 00:00 0 
7f44bc523000-7f44bc524000 ---p 00000000 00:00 0 
7f44bc524000-7f44bd230000 rw-p 00000000 00:00 0 
7f44bd230000-7f44c0000000 rw-p 00000000 00:00 0 
7f44c0000000-7f44c0021000 rw-p 00000000 00:00 0 
7f44c0021000-7f44c4000000 ---p 00000000 00:00 0 
7f44c4000000-7f44c4021000 rw-p 00000000 00:00 0 
7f44c4021000-7f44c8000000 ---p 00000000 00:00 0 
7f44c8000000-7f44c8021000 rw-p 00000000 00:00 0 
7f44c8021000-7f44cc000000 ---p 00000000 00:00 0 
7f44cc000000-7f44cc001000 rw-s 00000000 00:05 117642                     /drm mm object (deleted)
7f44cc001000-7f44cc002000 r--s 00000000 08:03 392653                     /var/cache/fontconfig/3f7329c5293ffd510edef78f73874cfd-le64.cache-4
7f44cc002000-7f44cc00e000 r--s 00000000 08:03 392652                     /var/cache/fontconfig/d589a48862398ed80a3d6066f4f56f4c-le64.cache-4
7f44cc00e000-7f44cc023000 r--s 00233000 08:06 17965158                   /home/umedzhon/NetBeansProjects/Library-Assistant-master/dist/run1203659466/lib/jfoenix.jar
7f44cc023000-7f44cce31000 rw-p 00000000 00:00 0 
7f44cce31000-7f44cd000000 r--s 03c21000 08:02 801721                     /usr/lib/jvm/java-8-openjdk-amd64/jre/lib/rt.jar
7f44cd000000-7f44cd940000 rwxp 00000000 00:00 0 
7f44cd940000-7f44dc000000 ---p 00000000 00:00 0 
7f44dc000000-7f44dc487000 rw-p 00000000 00:00 0 
7f44dc487000-7f44e0000000 ---p 00000000 00:00 0 
7f44e0000000-7f44e0002000 r--s 00000000 08:03 392636                     /var/cache/fontconfig/62f91419b9ebdb6975e7e41ab6412357-le64.cache-4
7f44e0002000-7f44e0005000 r--s 00000000 08:03 392640                     /var/cache/fontconfig/e13b20fdb08344e0e664864cc2ede53d-le64.cache-4
7f44e0005000-7f44e000a000 r--s 00034000 08:06 17965157                   /home/umedzhon/NetBeansProjects/Library-Assistant-master/dist/run1203659466/lib/gson-2.8.1.jar
7f44e000a000-7f44e000c000 r--s 00004000 08:06 17965155                   /home/umedzhon/NetBeansProjects/Library-Assistant-master/dist/run1203659466/lib/fontawesomefx-commons-8.15.jar
7f44e000c000-7f44e0013000 r--s 0008a000 08:06 17965154                   /home/umedzhon/NetBeansProjects/Library-Assistant-master/dist/run1203659466/lib/derbyclient.jar
7f44e0013000-7f44e001b000 rw-s 00000000 00:05 117650                     /drm mm object (deleted)
7f44e001b000-7f44e0023000 rw-s 00000000 00:05 117639                     /drm mm object (deleted)
7f44e0023000-7f44e002b000 rw-s 00000000 00:05 117627                     /drm mm object (deleted)
7f44e002b000-7f44e0033000 rw-s 00000000 00:05 117622                     /drm mm object (deleted)
7f44e0033000-7f44e004e000 r--s 001d6000 08:02 801700                     /usr/lib/jvm/java-8-openjdk-amd64/jre/lib/ext/nashorn.jar
7f44e004e000-7f44e0069000 r--s 00394000 08:02 801695                     /usr/lib/jvm/java-8-openjdk-amd64/jre/lib/ext/cldrdata.jar
7f44e0069000-7f44e01e0000 rw-p 00000000 00:00 0 
7f44e01e0000-7f44e0cbd000 rw-p 00000000 00:00 0 
7f44e0cbd000-7f44e0cbe000 ---p 00000000 00:00 0 
7f44e0cbe000-7f44e0dbe000 rw-p 00000000 00:00 0 
7f44e0dbe000-7f44e0dbf000 ---p 00000000 00:00 0 
7f44e0dbf000-7f44e0ebf000 rw-p 00000000 00:00 0 
7f44e0ebf000-7f44e0ec0000 ---p 00000000 00:00 0 
7f44e0ec0000-7f44e0fc0000 rw-p 00000000 00:00 0 
7f44e0fc0000-7f44e0fc1000 ---p 00000000 00:00 0 
7f44e0fc1000-7f44e10c1000 rw-p 00000000 00:00 0 
7f44e10c1000-7f44e10c2000 ---p 00000000 00:00 0 
7f44e10c2000-7f44e11c2000 rw-p 00000000 00:00 0 
7f44e11c2000-7f44e11c3000 ---p 00000000 00:00 0 
7f44e11c3000-7f44e12c3000 rw-p 00000000 00:00 0 
7f44e12c3000-7f44e12c4000 ---p 00000000 00:00 0 
7f44e12c4000-7f44e13c4000 rw-p 00000000 00:00 0 
7f44e13c4000-7f44e13c5000 ---p 00000000 00:00 0 
7f44e13c5000-7f44e14c5000 rw-p 00000000 00:00 0 
7f44e14c5000-7f44e14df000 rw-p 00000000 00:00 0 
7f44e14df000-7f44e14e4000 ---p 00000000 00:00 0 
7f44e14e4000-7f44e16ae000 ---p 00000000 00:00 0 
7f44e16ae000-7f44e16c8000 rw-p 00000000 00:00 0 
7f44e16c8000-7f44e16cd000 ---p 00000000 00:00 0 
7f44e16cd000-7f44e1896000 ---p 00000000 00:00 0 
7f44e1896000-7f44e18b2000 rw-p 00000000 00:00 0 
7f44e18b2000-7f44e198b000 ---p 00000000 00:00 0 
7f44e198b000-7f44e19b1000 rw-p 00000000 00:00 0 
7f44e19b1000-7f44e1d4c000 ---p 00000000 00:00 0 
7f44e1d4c000-7f44e1d54000 r-xp 00000000 08:02 801684                     /usr/lib/jvm/java-8-openjdk-amd64/jre/lib/amd64/libzip.so
7f44e1d54000-7f44e1f53000 ---p 00008000 08:02 801684                     /usr/lib/jvm/java-8-openjdk-amd64/jre/lib/amd64/libzip.so
7f44e1f53000-7f44e1f54000 r--p 00007000 08:02 801684                     /usr/lib/jvm/java-8-openjdk-amd64/jre/lib/amd64/libzip.so
7f44e1f54000-7f44e1f55000 rw-p 00008000 08:02 801684                     /usr/lib/jvm/java-8-openjdk-amd64/jre/lib/amd64/libzip.so
7f44e1f55000-7f44e1f5f000 r-xp 00000000 08:02 391698                     /lib/x86_64-linux-gnu/libnss_files-2.24.so
7f44e1f5f000-7f44e215f000 ---p 0000a000 08:02 391698                     /lib/x86_64-linux-gnu/libnss_files-2.24.so
7f44e215f000-7f44e2160000 r--p 0000a000 08:02 391698                     /lib/x86_64-linux-gnu/libnss_files-2.24.so
7f44e2160000-7f44e2161000 rw-p 0000b000 08:02 391698                     /lib/x86_64-linux-gnu/libnss_files-2.24.so
7f44e2161000-7f44e2167000 rw-p 00000000 00:00 0 
7f44e2167000-7f44e2172000 r-xp 00000000 08:02 391700                     /lib/x86_64-linux-gnu/libnss_nis-2.24.so
7f44e2172000-7f44e2371000 ---p 0000b000 08:02 391700                     /lib/x86_64-linux-gnu/libnss_nis-2.24.so
7f44e2371000-7f44e2372000 r--p 0000a000 08:02 391700                     /lib/x86_64-linux-gnu/libnss_nis-2.24.so
7f44e2372000-7f44e2373000 rw-p 0000b000 08:02 391700                     /lib/x86_64-linux-gnu/libnss_nis-2.24.so
7f44e2373000-7f44e2387000 r-xp 00000000 08:02 391695                     /lib/x86_64-linux-gnu/libnsl-2.24.so
7f44e2387000-7f44e2587000 ---p 00014000 08:02 391695                     /lib/x86_64-linux-gnu/libnsl-2.24.so
7f44e2587000-7f44e2588000 r--p 00014000 08:02 391695                     /lib/x86_64-linux-gnu/libnsl-2.24.so
7f44e2588000-7f44e2589000 rw-p 00015000 08:02 391695                     /lib/x86_64-linux-gnu/libnsl-2.24.so
7f44e2589000-7f44e258b000 rw-p 00000000 00:00 0 
7f44e258b000-7f44e2592000 r-xp 00000000 08:02 391696                     /lib/x86_64-linux-gnu/libnss_compat-2.24.so
7f44e2592000-7f44e2791000 ---p 00007000 08:02 391696                     /lib/x86_64-linux-gnu/libnss_compat-2.24.so
7f44e2791000-7f44e2792000 r--p 00006000 08:02 391696                     /lib/x86_64-linux-gnu/libnss_compat-2.24.so
7f44e2792000-7f44e2793000 rw-p 00007000 08:02 391696                     /lib/x86_64-linux-gnu/libnss_compat-2.24.so
7f44e2793000-7f44e27c0000 r-xp 00000000 08:02 801661                     /usr/lib/jvm/java-8-openjdk-amd64/jre/lib/amd64/libjava.so
7f44e27c0000-7f44e29bf000 ---p 0002d000 08:02 801661                     /usr/lib/jvm/java-8-openjdk-amd64/jre/lib/amd64/libjava.so
7f44e29bf000-7f44e29c0000 r--p 0002c000 08:02 801661                     /usr/lib/jvm/java-8-openjdk-amd64/jre/lib/amd64/libjava.so
7f44e29c0000-7f44e29c2000 rw-p 0002d000 08:02 801661                     /usr/lib/jvm/java-8-openjdk-amd64/jre/lib/amd64/libjava.so
7f44e29c2000-7f44e29d1000 r-xp 00000000 08:02 801683                     /usr/lib/jvm/java-8-openjdk-amd64/jre/lib/amd64/libverify.so
7f44e29d1000-7f44e2bd1000 ---p 0000f000 08:02 801683                     /usr/lib/jvm/java-8-openjdk-amd64/jre/lib/amd64/libverify.so
7f44e2bd1000-7f44e2bd3000 r--p 0000f000 08:02 801683                     /usr/lib/jvm/java-8-openjdk-amd64/jre/lib/amd64/libverify.so
7f44e2bd3000-7f44e2bd4000 rw-p 00011000 08:02 801683                     /usr/lib/jvm/java-8-openjdk-amd64/jre/lib/amd64/libverify.so
7f44e2bd4000-7f44e2bdb000 r-xp 00000000 08:02 391705                     /lib/x86_64-linux-gnu/librt-2.24.so
7f44e2bdb000-7f44e2dda000 ---p 00007000 08:02 391705                     /lib/x86_64-linux-gnu/librt-2.24.so
7f44e2dda000-7f44e2ddb000 r--p 00006000 08:02 391705                     /lib/x86_64-linux-gnu/librt-2.24.so
7f44e2ddb000-7f44e2ddc000 rw-p 00007000 08:02 391705                     /lib/x86_64-linux-gnu/librt-2.24.so
7f44e2ddc000-7f44e2df2000 r-xp 00000000 08:02 391684                     /lib/x86_64-linux-gnu/libgcc_s.so.1
7f44e2df2000-7f44e2ff1000 ---p 00016000 08:02 391684                     /lib/x86_64-linux-gnu/libgcc_s.so.1
7f44e2ff1000-7f44e2ff2000 r--p 00015000 08:02 391684                     /lib/x86_64-linux-gnu/libgcc_s.so.1
7f44e2ff2000-7f44e2ff3000 rw-p 00016000 08:02 391684                     /lib/x86_64-linux-gnu/libgcc_s.so.1
7f44e2ff3000-7f44e30f6000 r-xp 00000000 08:02 391692                     /lib/x86_64-linux-gnu/libm-2.24.so
7f44e30f6000-7f44e32f5000 ---p 00103000 08:02 391692                     /lib/x86_64-linux-gnu/libm-2.24.so
7f44e32f5000-7f44e32f6000 r--p 00102000 08:02 391692                     /lib/x86_64-linux-gnu/libm-2.24.so
7f44e32f6000-7f44e32f7000 rw-p 00103000 08:02 391692                     /lib/x86_64-linux-gnu/libm-2.24.so
7f44e32f7000-7f44e3469000 r-xp 00000000 08:02 266041                     /usr/lib/x86_64-linux-gnu/libstdc++.so.6.0.22
7f44e3469000-7f44e3669000 ---p 00172000 08:02 266041                     /usr/lib/x86_64-linux-gnu/libstdc++.so.6.0.22
7f44e3669000-7f44e3673000 r--p 00172000 08:02 266041                     /usr/lib/x86_64-linux-gnu/libstdc++.so.6.0.22
7f44e3673000-7f44e3675000 rw-p 0017c000 08:02 266041                     /usr/lib/x86_64-linux-gnu/libstdc++.so.6.0.22
7f44e3675000-7f44e3679000 rw-p 00000000 00:00 0 
7f44e3679000-7f44e42cd000 r-xp 00000000 08:02 801686                     /usr/lib/jvm/java-8-openjdk-amd64/jre/lib/amd64/server/libjvm.so
7f44e42cd000-7f44e44cc000 ---p 00c54000 08:02 801686                     /usr/lib/jvm/java-8-openjdk-amd64/jre/lib/amd64/server/libjvm.so
7f44e44cc000-7f44e455f000 r--p 00c53000 08:02 801686                     /usr/lib/jvm/java-8-openjdk-amd64/jre/lib/amd64/server/libjvm.so
7f44e455f000-7f44e4588000 rw-p 00ce6000 08:02 801686                     /usr/lib/jvm/java-8-openjdk-amd64/jre/lib/amd64/server/libjvm.so
7f44e4588000-7f44e45b8000 rw-p 00000000 00:00 0 
7f44e45b8000-7f44e474d000 r-xp 00000000 08:02 391688                     /lib/x86_64-linux-gnu/libc-2.24.so
7f44e474d000-7f44e494d000 ---p 00195000 08:02 391688                     /lib/x86_64-linux-gnu/libc-2.24.so
7f44e494d000-7f44e4951000 r--p 00195000 08:02 391688                     /lib/x86_64-linux-gnu/libc-2.24.so
7f44e4951000-7f44e4953000 rw-p 00199000 08:02 391688                     /lib/x86_64-linux-gnu/libc-2.24.so
7f44e4953000-7f44e4957000 rw-p 00000000 00:00 0 
7f44e4957000-7f44e495a000 r-xp 00000000 08:02 391691                     /lib/x86_64-linux-gnu/libdl-2.24.so
7f44e495a000-7f44e4b59000 ---p 00003000 08:02 391691                     /lib/x86_64-linux-gnu/libdl-2.24.so
7f44e4b59000-7f44e4b5a000 r--p 00002000 08:02 391691                     /lib/x86_64-linux-gnu/libdl-2.24.so
7f44e4b5a000-7f44e4b5b000 rw-p 00003000 08:02 391691                     /lib/x86_64-linux-gnu/libdl-2.24.so
7f44e4b5b000-7f44e4b68000 r-xp 00000000 08:02 801644                     /usr/lib/jvm/java-8-openjdk-amd64/jre/lib/amd64/jli/libjli.so
7f44e4b68000-7f44e4d68000 ---p 0000d000 08:02 801644                     /usr/lib/jvm/java-8-openjdk-amd64/jre/lib/amd64/jli/libjli.so
7f44e4d68000-7f44e4d69000 r--p 0000d000 08:02 801644                     /usr/lib/jvm/java-8-openjdk-amd64/jre/lib/amd64/jli/libjli.so
7f44e4d69000-7f44e4d6a000 rw-p 0000e000 08:02 801644                     /usr/lib/jvm/java-8-openjdk-amd64/jre/lib/amd64/jli/libjli.so
7f44e4d6a000-7f44e4d83000 r-xp 00000000 08:02 391770                     /lib/x86_64-linux-gnu/libz.so.1.2.8
7f44e4d83000-7f44e4f82000 ---p 00019000 08:02 391770                     /lib/x86_64-linux-gnu/libz.so.1.2.8
7f44e4f82000-7f44e4f83000 r--p 00018000 08:02 391770                     /lib/x86_64-linux-gnu/libz.so.1.2.8
7f44e4f83000-7f44e4f84000 rw-p 00019000 08:02 391770                     /lib/x86_64-linux-gnu/libz.so.1.2.8
7f44e4f84000-7f44e4f9c000 r-xp 00000000 08:02 391703                     /lib/x86_64-linux-gnu/libpthread-2.24.so
7f44e4f9c000-7f44e519b000 ---p 00018000 08:02 391703                     /lib/x86_64-linux-gnu/libpthread-2.24.so
7f44e519b000-7f44e519c000 r--p 00017000 08:02 391703                     /lib/x86_64-linux-gnu/libpthread-2.24.so
7f44e519c000-7f44e519d000 rw-p 00018000 08:02 391703                     /lib/x86_64-linux-gnu/libpthread-2.24.so
7f44e519d000-7f44e51a1000 rw-p 00000000 00:00 0 
7f44e51a1000-7f44e51c4000 r-xp 00000000 08:02 391683                     /lib/x86_64-linux-gnu/ld-2.24.so
7f44e51c4000-7f44e51c5000 r--s 00021000 08:06 17965156                   /home/umedzhon/NetBeansProjects/Library-Assistant-master/dist/run1203659466/lib/fontawesomefx-fontawesome-4.7.0-5.jar
7f44e51c5000-7f44e51c7000 r--s 0000d000 08:06 17964812                   /home/umedzhon/NetBeansProjects/Library-Assistant-master/dist/run1203659466/lib/commons-codec-1.4.jar
7f44e51c8000-7f44e51c9000 rw-s 00000000 00:05 117624                     /drm mm object (deleted)
7f44e51c9000-7f44e51ca000 rw-s 100bac000 00:06 2466                      /dev/dri/card0
7f44e51ca000-7f44e51cd000 r--s 00017000 08:06 17964810                   /home/umedzhon/NetBeansProjects/Library-Assistant-master/dist/run1203659466/Library Assistant.jar
7f44e51cd000-7f44e51cf000 r--s 00007000 08:02 657657                     /usr/share/java/java-atk-wrapper.jar
7f44e51cf000-7f44e51d0000 r--s 00010000 08:02 801704                     /usr/lib/jvm/java-8-openjdk-amd64/jre/lib/ext/zipfs.jar
7f44e51d0000-7f44e51d3000 r--s 0000f000 08:02 801697                     /usr/lib/jvm/java-8-openjdk-amd64/jre/lib/ext/icedtea-sound.jar
7f44e51d3000-7f44e51d9000 r--s 0003a000 08:02 801702                     /usr/lib/jvm/java-8-openjdk-amd64/jre/lib/ext/sunjce_provider.jar
7f44e51d9000-7f44e51db000 r--s 00008000 08:02 801701                     /usr/lib/jvm/java-8-openjdk-amd64/jre/lib/ext/sunec.jar
7f44e51db000-7f44e51df000 r--s 00037000 08:02 801703                     /usr/lib/jvm/java-8-openjdk-amd64/jre/lib/ext/sunpkcs11.jar
7f44e51df000-7f44e51e9000 r--s 00116000 08:02 801699                     /usr/lib/jvm/java-8-openjdk-amd64/jre/lib/ext/localedata.jar
7f44e51e9000-7f44e51eb000 r--s 00001000 08:02 801696                     /usr/lib/jvm/java-8-openjdk-amd64/jre/lib/ext/dnsns.jar
7f44e51eb000-7f44e5294000 rw-p 00000000 00:00 0 
7f44e5294000-7f44e5297000 ---p 00000000 00:00 0 
7f44e5297000-7f44e5399000 rw-p 00000000 00:00 0 
7f44e5399000-7f44e539a000 r--s 0000a000 08:02 801698                     /usr/lib/jvm/java-8-openjdk-amd64/jre/lib/ext/jaccess.jar
7f44e539a000-7f44e53b7000 rw-p 00000000 00:00 0 
7f44e53b7000-7f44e53bf000 rw-s 00000000 08:05 26                         /tmp/hsperfdata_umedzhon/7816
7f44e53bf000-7f44e53c0000 rw-p 00000000 00:00 0 
7f44e53c0000-7f44e53c1000 r--p 00000000 00:00 0 
7f44e53c1000-7f44e53c4000 rw-p 00000000 00:00 0 
7f44e53c4000-7f44e53c5000 r--p 00023000 08:02 391683                     /lib/x86_64-linux-gnu/ld-2.24.so
7f44e53c5000-7f44e53c6000 rw-p 00024000 08:02 391683                     /lib/x86_64-linux-gnu/ld-2.24.so
7f44e53c6000-7f44e53c7000 rw-p 00000000 00:00 0 
7ffffe1f2000-7ffffe213000 rw-p 00000000 00:00 0                          [stack]
7ffffe28b000-7ffffe28d000 r--p 00000000 00:00 0                          [vvar]
7ffffe28d000-7ffffe28f000 r-xp 00000000 00:00 0                          [vdso]
ffffffffff600000-ffffffffff601000 r-xp 00000000 00:00 0                  [vsyscall]

VM Arguments:
jvm_args: -Dfile.encoding=UTF-8 
java_command: /home/umedzhon/NetBeansProjects/Library-Assistant-master/dist/run1203659466/Library Assistant.jar
java_class_path (initial): /home/umedzhon/NetBeansProjects/Library-Assistant-master/dist/run1203659466/Library Assistant.jar
Launcher Type: SUN_STANDARD

Environment Variables:
PATH=/usr/local/bin:/usr/bin:/bin:/usr/local/games:/usr/games:/home/umedzhon/.rvm/bin
USERNAME=umedzhon
LD_LIBRARY_PATH=/usr/lib/jvm/default-java/jre/lib/amd64:/usr/lib/jvm/default-java/jre/lib/i386:
SHELL=/bin/bash
DISPLAY=:0

Signal Handlers:
SIGSEGV: [libjvm.so+0xa6bed0], sa_mask[0]=11111111011111111101111111111110, sa_flags=SA_RESTART|SA_SIGINFO
SIGBUS: [libjvm.so+0xa6bed0], sa_mask[0]=11111111011111111101111111111110, sa_flags=SA_RESTART|SA_SIGINFO
SIGFPE: [libjvm.so+0x8b6390], sa_mask[0]=11111111011111111101111111111110, sa_flags=SA_RESTART|SA_SIGINFO
SIGPIPE: SIG_IGN, sa_mask[0]=00000000000010000000000000000000, sa_flags=SA_RESTART
SIGXFSZ: [libjvm.so+0x8b6390], sa_mask[0]=11111111011111111101111111111110, sa_flags=SA_RESTART|SA_SIGINFO
SIGILL: [libjvm.so+0x8b6390], sa_mask[0]=11111111011111111101111111111110, sa_flags=SA_RESTART|SA_SIGINFO
SIGUSR1: SIG_DFL, sa_mask[0]=00000000000000000000000000000000, sa_flags=none
SIGUSR2: [libjvm.so+0x8b6240], sa_mask[0]=00100000000000000000000000000000, sa_flags=SA_RESTART|SA_SIGINFO
SIGHUP: [libjvm.so+0x8b66f0], sa_mask[0]=11111111011111111101111111111110, sa_flags=SA_RESTART|SA_SIGINFO
SIGINT: SIG_IGN, sa_mask[0]=00000000000000000000000000000000, sa_flags=none
SIGTERM: [libjvm.so+0x8b66f0], sa_mask[0]=11111111011111111101111111111110, sa_flags=SA_RESTART|SA_SIGINFO
SIGQUIT: [libjvm.so+0x8b66f0], sa_mask[0]=11111111011111111101111111111110, sa_flags=SA_RESTART|SA_SIGINFO


---------------  S Y S T E M  ---------------

OS:PRETTY_NAME="Debian GNU/Linux 9 (stretch)"
NAME="Debian GNU/Linux"
VERSION_ID="9"
VERSION="9 (stretch)"
ID=debian
HOME_URL="https://www.debian.org/"
SUPPORT_URL="https://www.debian.org/support"
BUG_REPORT_URL="https://bugs.debian.org/"

uname:Linux 4.9.0-4-amd64 #1 SMP Debian 4.9.65-3 (2017-12-03) x86_64
libc:glibc 2.24 NPTL 2.24 
rlimit: STACK 8192k, CORE 0k, NPROC 22636, NOFILE 1048576, AS infinity
load average:1.31 0.50 0.44

/proc/meminfo:
MemTotal:        6003640 kB
MemFree:          850788 kB
MemAvailable:    2489100 kB
Buffers:          217772 kB
Cached:          1732016 kB
SwapCached:            0 kB
Active:          3769880 kB
Inactive:         988112 kB
Active(anon):    2780844 kB
Inactive(anon):   284404 kB
Active(file):     989036 kB
Inactive(file):   703708 kB
Unevictable:         320 kB
Mlocked:             320 kB
SwapTotal:       6179836 kB
SwapFree:        6179836 kB
Dirty:             13868 kB
Writeback:             0 kB
AnonPages:       2808728 kB
Mapped:           312332 kB
Shmem:            257044 kB
Slab:             289980 kB
SReclaimable:     243336 kB
SUnreclaim:        46644 kB
KernelStack:       11120 kB
PageTables:        35708 kB
NFS_Unstable:          0 kB
Bounce:                0 kB
WritebackTmp:          0 kB
CommitLimit:     9181656 kB
Committed_AS:    6926004 kB
VmallocTotal:   34359738367 kB
VmallocUsed:           0 kB
VmallocChunk:          0 kB
HardwareCorrupted:     0 kB
AnonHugePages:         0 kB
ShmemHugePages:        0 kB
ShmemPmdMapped:        0 kB
HugePages_Total:       0
HugePages_Free:        0
HugePages_Rsvd:        0
HugePages_Surp:        0
Hugepagesize:       2048 kB
DirectMap4k:      159608 kB
DirectMap2M:     6021120 kB


CPU:total 8 (initial active 8) (4 cores per cpu, 2 threads per core) family 6 model 58 stepping 9, cmov, cx8, fxsr, mmx, sse, sse2, sse3, ssse3, sse4.1, sse4.2, popcnt, avx, aes, clmul, erms, ht, tsc, tscinvbit, tscinv

/proc/cpuinfo:
processor	: 0
vendor_id	: GenuineIntel
cpu family	: 6
model		: 58
model name	: Intel(R) Core(TM) i7-3630QM CPU @ 2.40GHz
stepping	: 9
microcode	: 0x15
cpu MHz		: 3199.951
cache size	: 6144 KB
physical id	: 0
siblings	: 8
core id		: 0
cpu cores	: 4
apicid		: 0
initial apicid	: 0
fpu		: yes
fpu_exception	: yes
cpuid level	: 13
wp		: yes
flags		: fpu vme de pse tsc msr pae mce cx8 apic sep mtrr pge mca cmov pat pse36 clflush dts acpi mmx fxsr sse sse2 ss ht tm pbe syscall nx rdtscp lm constant_tsc arch_perfmon pebs bts rep_good nopl xtopology nonstop_tsc aperfmperf eagerfpu pni pclmulqdq dtes64 monitor ds_cpl vmx est tm2 ssse3 cx16 xtpr pdcm pcid sse4_1 sse4_2 x2apic popcnt tsc_deadline_timer aes xsave avx f16c rdrand lahf_lm epb tpr_shadow vnmi flexpriority ept vpid fsgsbase smep erms xsaveopt dtherm ida arat pln pts
bugs		:
bogomips	: 4788.84
clflush size	: 64
cache_alignment	: 64
address sizes	: 36 bits physical, 48 bits virtual
power management:

processor	: 1
vendor_id	: GenuineIntel
cpu family	: 6
model		: 58
model name	: Intel(R) Core(TM) i7-3630QM CPU @ 2.40GHz
stepping	: 9
microcode	: 0x15
cpu MHz		: 3199.951
cache size	: 6144 KB
physical id	: 0
siblings	: 8
core id		: 1
cpu cores	: 4
apicid		: 2
initial apicid	: 2
fpu		: yes
fpu_exception	: yes
cpuid level	: 13
wp		: yes
flags		: fpu vme de pse tsc msr pae mce cx8 apic sep mtrr pge mca cmov pat pse36 clflush dts acpi mmx fxsr sse sse2 ss ht tm pbe syscall nx rdtscp lm constant_tsc arch_perfmon pebs bts rep_good nopl xtopology nonstop_tsc aperfmperf eagerfpu pni pclmulqdq dtes64 monitor ds_cpl vmx est tm2 ssse3 cx16 xtpr pdcm pcid sse4_1 sse4_2 x2apic popcnt tsc_deadline_timer aes xsave avx f16c rdrand lahf_lm epb tpr_shadow vnmi flexpriority ept vpid fsgsbase smep erms xsaveopt dtherm ida arat pln pts
bugs		:
bogomips	: 4788.84
clflush size	: 64
cache_alignment	: 64
address sizes	: 36 bits physical, 48 bits virtual
power management:

processor	: 2
vendor_id	: GenuineIntel
cpu family	: 6
model		: 58
model name	: Intel(R) Core(TM) i7-3630QM CPU @ 2.40GHz
stepping	: 9
microcode	: 0x15
cpu MHz		: 3199.951
cache size	: 6144 KB
physical id	: 0
siblings	: 8
core id		: 2
cpu cores	: 4
apicid		: 4
initial apicid	: 4
fpu		: yes
fpu_exception	: yes
cpuid level	: 13
wp		: yes
flags		: fpu vme de pse tsc msr pae mce cx8 apic sep mtrr pge mca cmov pat pse36 clflush dts acpi mmx fxsr sse sse2 ss ht tm pbe syscall nx rdtscp lm constant_tsc arch_perfmon pebs bts rep_good nopl xtopology nonstop_tsc aperfmperf eagerfpu pni pclmulqdq dtes64 monitor ds_cpl vmx est tm2 ssse3 cx16 xtpr pdcm pcid sse4_1 sse4_2 x2apic popcnt tsc_deadline_timer aes xsave avx f16c rdrand lahf_lm epb tpr_shadow vnmi flexpriority ept vpid fsgsbase smep erms xsaveopt dtherm ida arat pln pts
bugs		:
bogomips	: 4788.84
clflush size	: 64
cache_alignment	: 64
address sizes	: 36 bits physical, 48 bits virtual
power management:

processor	: 3
vendor_id	: GenuineIntel
cpu family	: 6
model		: 58
model name	: Intel(R) Core(TM) i7-3630QM CPU @ 2.40GHz
stepping	: 9
microcode	: 0x15
cpu MHz		: 3199.951
cache size	: 6144 KB
physical id	: 0
siblings	: 8
core id		: 3
cpu cores	: 4
apicid		: 6
initial apicid	: 6
fpu		: yes
fpu_exception	: yes
cpuid level	: 13
wp		: yes
flags		: fpu vme de pse tsc msr pae mce cx8 apic sep mtrr pge mca cmov pat pse36 clflush dts acpi mmx fxsr sse sse2 ss ht tm pbe syscall nx rdtscp lm constant_tsc arch_perfmon pebs bts rep_good nopl xtopology nonstop_tsc aperfmperf eagerfpu pni pclmulqdq dtes64 monitor ds_cpl vmx est tm2 ssse3 cx16 xtpr pdcm pcid sse4_1 sse4_2 x2apic popcnt tsc_deadline_timer aes xsave avx f16c rdrand lahf_lm epb tpr_shadow vnmi flexpriority ept vpid fsgsbase smep erms xsaveopt dtherm ida arat pln pts
bugs		:
bogomips	: 4788.84
clflush size	: 64
cache_alignment	: 64
address sizes	: 36 bits physical, 48 bits virtual
power management:

processor	: 4
vendor_id	: GenuineIntel
cpu family	: 6
model		: 58
model name	: Intel(R) Core(TM) i7-3630QM CPU @ 2.40GHz
stepping	: 9
microcode	: 0x15
cpu MHz		: 3199.951
cache size	: 6144 KB
physical id	: 0
siblings	: 8
core id		: 0
cpu cores	: 4
apicid		: 1
initial apicid	: 1
fpu		: yes
fpu_exception	: yes
cpuid level	: 13
wp		: yes
flags		: fpu vme de pse tsc msr pae mce cx8 apic sep mtrr pge mca cmov pat pse36 clflush dts acpi mmx fxsr sse sse2 ss ht tm pbe syscall nx rdtscp lm constant_tsc arch_perfmon pebs bts rep_good nopl xtopology nonstop_tsc aperfmperf eagerfpu pni pclmulqdq dtes64 monitor ds_cpl vmx est tm2 ssse3 cx16 xtpr pdcm pcid sse4_1 sse4_2 x2apic popcnt tsc_deadline_timer aes xsave avx f16c rdrand lahf_lm epb tpr_shadow vnmi flexpriority ept vpid fsgsbase smep erms xsaveopt dtherm ida arat pln pts
bugs		:
bogomips	: 4788.84
clflush size	: 64
cache_alignment	: 64
address sizes	: 36 bits physical, 48 bits virtual
power management:

processor	: 5
vendor_id	: GenuineIntel
cpu family	: 6
model		: 58
model name	: Intel(R) Core(TM) i7-3630QM CPU @ 2.40GHz
stepping	: 9
microcode	: 0x15
cpu MHz		: 3199.951
cache size	: 6144 KB
physical id	: 0
siblings	: 8
core id		: 1
cpu cores	: 4
apicid		: 3
initial apicid	: 3
fpu		: yes
fpu_exception	: yes
cpuid level	: 13
wp		: yes
flags		: fpu vme de pse tsc msr pae mce cx8 apic sep mtrr pge mca cmov pat pse36 clflush dts acpi mmx fxsr sse sse2 ss ht tm pbe syscall nx rdtscp lm constant_tsc arch_perfmon pebs bts rep_good nopl xtopology nonstop_tsc aperfmperf eagerfpu pni pclmulqdq dtes64 monitor ds_cpl vmx est tm2 ssse3 cx16 xtpr pdcm pcid sse4_1 sse4_2 x2apic popcnt tsc_deadline_timer aes xsave avx f16c rdrand lahf_lm epb tpr_shadow vnmi flexpriority ept vpid fsgsbase smep erms xsaveopt dtherm ida arat pln pts
bugs		:
bogomips	: 4788.84
clflush size	: 64
cache_alignment	: 64
address sizes	: 36 bits physical, 48 bits virtual
power management:

processor	: 6
vendor_id	: GenuineIntel
cpu family	: 6
model		: 58
model name	: Intel(R) Core(TM) i7-3630QM CPU @ 2.40GHz
stepping	: 9
microcode	: 0x15
cpu MHz		: 3199.951
cache size	: 6144 KB
physical id	: 0
siblings	: 8
core id		: 2
cpu cores	: 4
apicid		: 5
initial apicid	: 5
fpu		: yes
fpu_exception	: yes
cpuid level	: 13
wp		: yes
flags		: fpu vme de pse tsc msr pae mce cx8 apic sep mtrr pge mca cmov pat pse36 clflush dts acpi mmx fxsr sse sse2 ss ht tm pbe syscall nx rdtscp lm constant_tsc arch_perfmon pebs bts rep_good nopl xtopology nonstop_tsc aperfmperf eagerfpu pni pclmulqdq dtes64 monitor ds_cpl vmx est tm2 ssse3 cx16 xtpr pdcm pcid sse4_1 sse4_2 x2apic popcnt tsc_deadline_timer aes xsave avx f16c rdrand lahf_lm epb tpr_shadow vnmi flexpriority ept vpid fsgsbase smep erms xsaveopt dtherm ida arat pln pts
bugs		:
bogomips	: 4788.84
clflush size	: 64
cache_alignment	: 64
address sizes	: 36 bits physical, 48 bits virtual
power management:

processor	: 7
vendor_id	: GenuineIntel
cpu family	: 6
model		: 58
model name	: Intel(R) Core(TM) i7-3630QM CPU @ 2.40GHz
stepping	: 9
microcode	: 0x15
cpu MHz		: 3199.951
cache size	: 6144 KB
physical id	: 0
siblings	: 8
core id		: 3
cpu cores	: 4
apicid		: 7
initial apicid	: 7
fpu		: yes
fpu_exception	: yes
cpuid level	: 13
wp		: yes
flags		: fpu vme de pse tsc msr pae mce cx8 apic sep mtrr pge mca cmov pat pse36 clflush dts acpi mmx fxsr sse sse2 ss ht tm pbe syscall nx rdtscp lm constant_tsc arch_perfmon pebs bts rep_good nopl xtopology nonstop_tsc aperfmperf eagerfpu pni pclmulqdq dtes64 monitor ds_cpl vmx est tm2 ssse3 cx16 xtpr pdcm pcid sse4_1 sse4_2 x2apic popcnt tsc_deadline_timer aes xsave avx f16c rdrand lahf_lm epb tpr_shadow vnmi flexpriority ept vpid fsgsbase smep erms xsaveopt dtherm ida arat pln pts
bugs		:
bogomips	: 4788.84
clflush size	: 64
cache_alignment	: 64
address sizes	: 36 bits physical, 48 bits virtual
power management:



Memory: 4k page, physical 6003640k(850044k free), swap 6179836k(6179836k free)

vm_info: OpenJDK 64-Bit Server VM (25.151-b12) for linux-amd64 JRE (1.8.0_151-8u151-b12-1~deb9u1-b12), built on Nov  1 2017 14:17:57 by "pbuilder" with gcc 6.3.0 20170516

time: Thu Dec 21 10:22:52 2017
elapsed time: 6 seconds (0d 0h 0m 6s)

