#
# A fatal error has been detected by the Java Runtime Environment:
#
#  SIGSEGV (0xb) at pc=0x00007fc40bf1cc2d, pid=9014, tid=0x00007fc398416700
#
# JRE version: OpenJDK Runtime Environment (8.0_151-b12) (build 1.8.0_151-8u151-b12-1~deb9u1-b12)
# Java VM: OpenJDK 64-Bit Server VM (25.151-b12 mixed mode linux-amd64 compressed oops)
# Problematic frame:
# V  [libjvm.so+0x67cc2d]
#
# Failed to write core dump. Core dumps have been disabled. To enable core dumping, try "ulimit -c unlimited" before starting Java again
#
# If you would like to submit a bug report, please visit:
#   http://bugreport.java.com/bugreport/crash.jsp
#

---------------  T H R E A D  ---------------

Current thread (0x00007fc404477000):  JavaThread "JavaFX Application Thread" [_thread_in_vm, id=9041, stack(0x00007fc398316000,0x00007fc398417000)]

siginfo: si_signo: 11 (SIGSEGV), si_code: 128 (SI_KERNEL), si_addr: 0x0000000000000000

Registers:
RAX=0x0000000000000000, RBX=0x00007fc404477000, RCX=0x00007fc4043ded88, RDX=0x74616c736e617274
RSP=0x00007fc398415230, RBP=0x00007fc3984153b0, RSI=0x00007fc3984153d0, RDI=0x00007fc4044771e0
R8 =0x00007fc398415400, R9 =0x00007fc404477000, R10=0x00007fc38c000ae0, R11=0x00007fc3f54acd60
R12=0x00007fc4044771e0, R13=0x00007fc404477000, R14=0x00007fc398415490, R15=0x74616c736e617274
RIP=0x00007fc40bf1cc2d, EFLAGS=0x0000000000010206, CSGSFS=0x002b000000000033, ERR=0x0000000000000000
  TRAPNO=0x000000000000000d

Top of Stack: (sp=0x00007fc398415230)
0x00007fc398415230:   00007fc398415340 00007fc40bf03ed3
0x00007fc398415240:   00007fc408995c70 00007fc398415280
0x00007fc398415250:   00007fc40000000e 00007fc4044771e0
0x00007fc398415260:   00007fc398415270 00007fc3984153d0
0x00007fc398415270:   00007fc4088f78c0 00007fc404477000
0x00007fc398415280:   00007fc4088f78c0 00007fc404477000
0x00007fc398415290:   00007fc404476cc0 00007fc3b8055770
0x00007fc3984152a0:   00007fc3b8055780 00007fc3b8055b58
0x00007fc3984152b0:   00000000000003d8 00007fc404476d00
0x00007fc3984152c0:   00007fc4088f78c0 00007fc404477000
0x00007fc3984152d0:   00000000088ed830 00000000a4b2e3b8
0x00007fc3984152e0:   0000000000000000 00007fc3f5017748
0x00007fc3984152f0:   00007fc4088f78c0 00007fc404477000
0x00007fc398415300:   00007fc408995c70 00000000a4b2e378
0x00007fc398415310:   00007fc30000006f 00007fc30000000a
0x00007fc398415320:   00000000e2ef1fe8 00007fc400000000
0x00007fc398415330:   00007fc398415420 00007fc3984153e0
0x00007fc398415340:   00007fc3984154d0 0000000100000130
0x00007fc398415350:   00007fc40440b020 00007fc398415308
0x00007fc398415360:   00007fc398415349 0000000800000005
0x00007fc398415370:   00007fc400000000 b674880ded12b000
0x00007fc398415380:   00007fc398415390 00007fc404477000
0x00007fc398415390:   00007fc4044771e0 00007fc4043ded88
0x00007fc3984153a0:   00007fc398415490 74616c736e617274
0x00007fc3984153b0:   00007fc398415480 00007fc40bf2025a
0x00007fc3984153c0:   00007fc38c008280 00007fc398415400
0x00007fc3984153d0:   000000000000000e 00007fc300000000
0x00007fc3984153e0:   00007fc404477000 0000000000000000
0x00007fc3984153f0:   0000000000000067 b674880ded12b000
0x00007fc398415400:   00007fc40c6feef0 00007fc40d466690
0x00007fc398415410:   00000000043fe8a0 00007fc300000063
0x00007fc398415420:   0000000000000000 0000003000000018 

Instructions: (pc=0x00007fc40bf1cc2d)
0x00007fc40bf1cc0d:   ff 48 89 b5 b8 fe ff ff 64 48 8b 04 25 28 00 00
0x00007fc40bf1cc1d:   00 48 89 45 c8 31 c0 48 85 d2 0f 84 3b 03 00 00
0x00007fc40bf1cc2d:   4c 8b 32 4d 85 f6 0f 84 2f 03 00 00 49 8b b9 20
0x00007fc40bf1cc3d:   01 00 00 48 89 cb 4d 89 c4 e8 f5 4c ff ff 4c 89 

Register to memory mapping:

RAX=0x0000000000000000 is an unknown value
RBX=0x00007fc404477000 is a thread
RCX=0x00007fc4043ded88 is an unknown value
RDX=0x74616c736e617274 is an unknown value
RSP=0x00007fc398415230 is pointing into the stack for thread: 0x00007fc404477000
RBP=0x00007fc3984153b0 is pointing into the stack for thread: 0x00007fc404477000
RSI=0x00007fc3984153d0 is pointing into the stack for thread: 0x00007fc404477000
RDI=0x00007fc4044771e0 is an unknown value
R8 =0x00007fc398415400 is pointing into the stack for thread: 0x00007fc404477000
R9 =0x00007fc404477000 is a thread
R10=0x00007fc38c000ae0 is an unknown value
R11=0x00007fc3f54acd60 is at entry_point+32 in (nmethod*)0x00007fc3f54acbd0
R12=0x00007fc4044771e0 is an unknown value
R13=0x00007fc404477000 is a thread
R14=0x00007fc398415490 is pointing into the stack for thread: 0x00007fc404477000
R15=0x74616c736e617274 is an unknown value


Stack: [0x00007fc398316000,0x00007fc398417000],  sp=0x00007fc398415230,  free space=1020k
Native frames: (J=compiled Java code, j=interpreted, Vv=VM code, C=native code)
V  [libjvm.so+0x67cc2d]
V  [libjvm.so+0x68025a]
C  [libglass.so+0x12d33]  JNIEnv_::CallVoidMethod(_jobject*, _jmethodID*, ...)+0x93
C  [libglass.so+0x1ccf6]  WindowContextBase::process_key(_GdkEventKey*)+0x226
C  [libglass.so+0x1a9c0]  WindowContextBase::im_filter_keypress(_GdkEventKey*)+0x1f0
C  [libglass.so+0x23094]
C  [libgdk-x11-2.0.so.0+0x5acbc]

Java frames: (J=compiled Java code, j=interpreted, Vv=VM code)
j  com.sun.glass.ui.gtk.GtkApplication._runLoop(Ljava/lang/Runnable;Z)V+0
j  com.sun.glass.ui.gtk.GtkApplication.lambda$null$5(Ljava/lang/Runnable;Z)V+7
j  com.sun.glass.ui.gtk.GtkApplication$$Lambda$41.run()V+12
j  java.lang.Thread.run()V+11
v  ~StubRoutines::call_stub

---------------  P R O C E S S  ---------------

Java Threads: ( => current thread )
  0x00007fc37c11e800 JavaThread "derby.rawStoreDaemon" daemon [_thread_blocked, id=9046, stack(0x00007fc382fb3000,0x00007fc3830b4000)]
  0x00007fc37c0e6800 JavaThread "Timer-0" daemon [_thread_blocked, id=9045, stack(0x00007fc38383e000,0x00007fc38393f000)]
  0x00007fc38c288800 JavaThread "Prism Font Disposer" daemon [_thread_blocked, id=9043, stack(0x00007fc38820b000,0x00007fc38830c000)]
  0x00007fc40447b000 JavaThread "JavaFX-Launcher" [_thread_blocked, id=9042, stack(0x00007fc398215000,0x00007fc398316000)]
=>0x00007fc404477000 JavaThread "JavaFX Application Thread" [_thread_in_vm, id=9041, stack(0x00007fc398316000,0x00007fc398417000)]
  0x00007fc404473000 JavaThread "Thread-1" daemon [_thread_blocked, id=9040, stack(0x00007fc3bc06d000,0x00007fc3bc16e000)]
  0x00007fc4043d2000 JavaThread "QuantumRenderer-0" daemon [_thread_blocked, id=9039, stack(0x00007fc3bf9fa000,0x00007fc3bfafb000)]
  0x00007fc404223000 JavaThread "Service Thread" daemon [_thread_blocked, id=9035, stack(0x00007fc3bfbfc000,0x00007fc3bfcfd000)]
  0x00007fc404206800 JavaThread "C1 CompilerThread3" daemon [_thread_blocked, id=9034, stack(0x00007fc3bfcfd000,0x00007fc3bfdfe000)]
  0x00007fc404201800 JavaThread "C2 CompilerThread2" daemon [_thread_in_native, id=9033, stack(0x00007fc3bfdfe000,0x00007fc3bfeff000)]
  0x00007fc404200000 JavaThread "C2 CompilerThread1" daemon [_thread_in_native, id=9032, stack(0x00007fc3bfeff000,0x00007fc3c0000000)]
  0x00007fc4041fd000 JavaThread "C2 CompilerThread0" daemon [_thread_in_native, id=9031, stack(0x00007fc3d4085000,0x00007fc3d4186000)]
  0x00007fc4041fb000 JavaThread "Signal Dispatcher" daemon [_thread_blocked, id=9030, stack(0x00007fc3d4186000,0x00007fc3d4287000)]
  0x00007fc4041d3000 JavaThread "Finalizer" daemon [_thread_blocked, id=9029, stack(0x00007fc3d4422000,0x00007fc3d4523000)]
  0x00007fc4041ce800 JavaThread "Reference Handler" daemon [_thread_blocked, id=9028, stack(0x00007fc3d4523000,0x00007fc3d4624000)]
  0x00007fc40400a000 JavaThread "main" [_thread_blocked, id=9017, stack(0x00007fc40d4bb000,0x00007fc40d5bc000)]

Other Threads:
  0x00007fc4041c7000 VMThread [stack: 0x00007fc3d4624000,0x00007fc3d4725000] [id=9027]
  0x00007fc404225800 WatcherThread [stack: 0x00007fc3bfafb000,0x00007fc3bfbfc000] [id=9036]

VM state:not at safepoint (normal execution)

VM Mutex/Monitor currently owned by a thread: None

Heap:
 PSYoungGen      total 35840K, used 22108K [0x00000000e1780000, 0x00000000e4d80000, 0x0000000100000000)
  eden space 32256K, 57% used [0x00000000e1780000,0x00000000e299eb78,0x00000000e3700000)
  from space 3584K, 99% used [0x00000000e4a00000,0x00000000e4d784e8,0x00000000e4d80000)
  to   space 3584K, 0% used [0x00000000e4680000,0x00000000e4680000,0x00000000e4a00000)
 ParOldGen       total 52224K, used 11312K [0x00000000a4600000, 0x00000000a7900000, 0x00000000e1780000)
  object space 52224K, 21% used [0x00000000a4600000,0x00000000a510c3b0,0x00000000a7900000)
 Metaspace       used 29096K, capacity 30224K, committed 30336K, reserved 1075200K
  class space    used 3983K, capacity 4393K, committed 4480K, reserved 1048576K

Card table byte_map: [0x00007fc4098d5000,0x00007fc409bb3000] byte_map_base: 0x00007fc4093b2000

Marking Bits: (ParMarkBitMap*) 0x00007fc40c7c22c0
 Begin Bits: [0x00007fc3d5230000, 0x00007fc3d6918000)
 End Bits:   [0x00007fc3d6918000, 0x00007fc3d8000000)

Polling page: 0x00007fc40d5e7000

CodeCache: size=245760Kb used=9080Kb max_used=9088Kb free=236680Kb
 bounds [0x00007fc3f5000000, 0x00007fc3f58f0000, 0x00007fc404000000]
 total_blobs=3812 nmethods=2953 adapters=773
 compilation: enabled

Compilation events (10 events):
Event: 9.827 Thread 0x00007fc4041fd000 nmethod 2782 0x00007fc3f58de050 code [0x00007fc3f58dea80, 0x00007fc3f58e28f0]
Event: 9.827 Thread 0x00007fc4041fd000 2956       4       java.io.FilterInputStream::read (8 bytes)
Event: 9.829 Thread 0x00007fc404206800 2957 %     3       com.sun.javafx.iio.common.RoughScaler::putSourceScanline @ 116 (261 bytes)
Event: 9.829 Thread 0x00007fc404206800 nmethod 2957% 0x00007fc3f58d7d50 code [0x00007fc3f58d7fa0, 0x00007fc3f58d8ab8]
Event: 9.830 Thread 0x00007fc404206800 2958       3       com.sun.javafx.iio.common.RoughScaler::putSourceScanline (261 bytes)
Event: 9.830 Thread 0x00007fc4041fd000 nmethod 2956 0x00007fc3f58d2590 code [0x00007fc3f58d2700, 0x00007fc3f58d2b88]
Event: 9.830 Thread 0x00007fc4041fd000 2936       4       javafx.scene.Node::impl_geomChanged (45 bytes)
Event: 9.830 Thread 0x00007fc404206800 nmethod 2958 0x00007fc3f58d6ad0 code [0x00007fc3f58d6d20, 0x00007fc3f58d7758]
Event: 9.830 Thread 0x00007fc404206800 2959       3       java.nio.Buffer::checkBounds (25 bytes)
Event: 9.830 Thread 0x00007fc404206800 nmethod 2959 0x00007fc3f58d6650 code [0x00007fc3f58d67c0, 0x00007fc3f58d69e8]

GC Heap History (10 events):
Event: 0.535 GC heap before
{Heap before GC invocations=1 (full 0):
 PSYoungGen      total 27648K, used 24064K [0x00000000e1780000, 0x00000000e3600000, 0x0000000100000000)
  eden space 24064K, 100% used [0x00000000e1780000,0x00000000e2f00000,0x00000000e2f00000)
  from space 3584K, 0% used [0x00000000e3280000,0x00000000e3280000,0x00000000e3600000)
  to   space 3584K, 0% used [0x00000000e2f00000,0x00000000e2f00000,0x00000000e3280000)
 ParOldGen       total 62976K, used 0K [0x00000000a4600000, 0x00000000a8380000, 0x00000000e1780000)
  object space 62976K, 0% used [0x00000000a4600000,0x00000000a4600000,0x00000000a8380000)
 Metaspace       used 10458K, capacity 10812K, committed 11008K, reserved 1058816K
  class space    used 1320K, capacity 1442K, committed 1536K, reserved 1048576K
Event: 0.540 GC heap after
Heap after GC invocations=1 (full 0):
 PSYoungGen      total 27648K, used 3575K [0x00000000e1780000, 0x00000000e3600000, 0x0000000100000000)
  eden space 24064K, 0% used [0x00000000e1780000,0x00000000e1780000,0x00000000e2f00000)
  from space 3584K, 99% used [0x00000000e2f00000,0x00000000e327df38,0x00000000e3280000)
  to   space 3584K, 0% used [0x00000000e3280000,0x00000000e3280000,0x00000000e3600000)
 ParOldGen       total 62976K, used 3082K [0x00000000a4600000, 0x00000000a8380000, 0x00000000e1780000)
  object space 62976K, 4% used [0x00000000a4600000,0x00000000a4902b80,0x00000000a8380000)
 Metaspace       used 10458K, capacity 10812K, committed 11008K, reserved 1058816K
  class space    used 1320K, capacity 1442K, committed 1536K, reserved 1048576K
}
Event: 0.833 GC heap before
{Heap before GC invocations=2 (full 0):
 PSYoungGen      total 27648K, used 27639K [0x00000000e1780000, 0x00000000e3600000, 0x0000000100000000)
  eden space 24064K, 100% used [0x00000000e1780000,0x00000000e2f00000,0x00000000e2f00000)
  from space 3584K, 99% used [0x00000000e2f00000,0x00000000e327df38,0x00000000e3280000)
  to   space 3584K, 0% used [0x00000000e3280000,0x00000000e3280000,0x00000000e3600000)
 ParOldGen       total 62976K, used 3082K [0x00000000a4600000, 0x00000000a8380000, 0x00000000e1780000)
  object space 62976K, 4% used [0x00000000a4600000,0x00000000a4902b80,0x00000000a8380000)
 Metaspace       used 14743K, capacity 15312K, committed 15488K, reserved 1062912K
  class space    used 1959K, capacity 2138K, committed 2176K, reserved 1048576K
Event: 0.837 GC heap after
Heap after GC invocations=2 (full 0):
 PSYoungGen      total 27648K, used 3568K [0x00000000e1780000, 0x00000000e4d80000, 0x0000000100000000)
  eden space 24064K, 0% used [0x00000000e1780000,0x00000000e1780000,0x00000000e2f00000)
  from space 3584K, 99% used [0x00000000e3280000,0x00000000e35fc050,0x00000000e3600000)
  to   space 3584K, 0% used [0x00000000e2f00000,0x00000000e2f00000,0x00000000e3280000)
 ParOldGen       total 62976K, used 5890K [0x00000000a4600000, 0x00000000a8380000, 0x00000000e1780000)
  object space 62976K, 9% used [0x00000000a4600000,0x00000000a4bc08f0,0x00000000a8380000)
 Metaspace       used 14743K, capacity 15312K, committed 15488K, reserved 1062912K
  class space    used 1959K, capacity 2138K, committed 2176K, reserved 1048576K
}
Event: 1.114 GC heap before
{Heap before GC invocations=3 (full 0):
 PSYoungGen      total 27648K, used 25448K [0x00000000e1780000, 0x00000000e4d80000, 0x0000000100000000)
  eden space 24064K, 90% used [0x00000000e1780000,0x00000000e2cde130,0x00000000e2f00000)
  from space 3584K, 99% used [0x00000000e3280000,0x00000000e35fc050,0x00000000e3600000)
  to   space 3584K, 0% used [0x00000000e2f00000,0x00000000e2f00000,0x00000000e3280000)
 ParOldGen       total 62976K, used 5890K [0x00000000a4600000, 0x00000000a8380000, 0x00000000e1780000)
  object space 62976K, 9% used [0x00000000a4600000,0x00000000a4bc08f0,0x00000000a8380000)
 Metaspace       used 20464K, capacity 21118K, committed 21248K, reserved 1067008K
  class space    used 2837K, capacity 3029K, committed 3072K, reserved 1048576K
Event: 1.119 GC heap after
Heap after GC invocations=3 (full 0):
 PSYoungGen      total 27648K, used 3572K [0x00000000e1780000, 0x00000000e4d80000, 0x0000000100000000)
  eden space 24064K, 0% used [0x00000000e1780000,0x00000000e1780000,0x00000000e2f00000)
  from space 3584K, 99% used [0x00000000e2f00000,0x00000000e327d060,0x00000000e3280000)
  to   space 3584K, 0% used [0x00000000e4a00000,0x00000000e4a00000,0x00000000e4d80000)
 ParOldGen       total 62976K, used 10234K [0x00000000a4600000, 0x00000000a8380000, 0x00000000e1780000)
  object space 62976K, 16% used [0x00000000a4600000,0x00000000a4ffeab0,0x00000000a8380000)
 Metaspace       used 20464K, capacity 21118K, committed 21248K, reserved 1067008K
  class space    used 2837K, capacity 3029K, committed 3072K, reserved 1048576K
}
Event: 1.119 GC heap before
{Heap before GC invocations=4 (full 1):
 PSYoungGen      total 27648K, used 3572K [0x00000000e1780000, 0x00000000e4d80000, 0x0000000100000000)
  eden space 24064K, 0% used [0x00000000e1780000,0x00000000e1780000,0x00000000e2f00000)
  from space 3584K, 99% used [0x00000000e2f00000,0x00000000e327d060,0x00000000e3280000)
  to   space 3584K, 0% used [0x00000000e4a00000,0x00000000e4a00000,0x00000000e4d80000)
 ParOldGen       total 62976K, used 10234K [0x00000000a4600000, 0x00000000a8380000, 0x00000000e1780000)
  object space 62976K, 16% used [0x00000000a4600000,0x00000000a4ffeab0,0x00000000a8380000)
 Metaspace       used 20464K, capacity 21118K, committed 21248K, reserved 1067008K
  class space    used 2837K, capacity 3029K, committed 3072K, reserved 1048576K
Event: 1.142 GC heap after
Heap after GC invocations=4 (full 1):
 PSYoungGen      total 27648K, used 0K [0x00000000e1780000, 0x00000000e4d80000, 0x0000000100000000)
  eden space 24064K, 0% used [0x00000000e1780000,0x00000000e1780000,0x00000000e2f00000)
  from space 3584K, 0% used [0x00000000e2f00000,0x00000000e2f00000,0x00000000e3280000)
  to   space 3584K, 0% used [0x00000000e4a00000,0x00000000e4a00000,0x00000000e4d80000)
 ParOldGen       total 52224K, used 8366K [0x00000000a4600000, 0x00000000a7900000, 0x00000000e1780000)
  object space 52224K, 16% used [0x00000000a4600000,0x00000000a4e2bad0,0x00000000a7900000)
 Metaspace       used 20464K, capacity 21118K, committed 21248K, reserved 1067008K
  class space    used 2837K, capacity 3029K, committed 3072K, reserved 1048576K
}
Event: 9.449 GC heap before
{Heap before GC invocations=5 (full 1):
 PSYoungGen      total 27648K, used 24064K [0x00000000e1780000, 0x00000000e4d80000, 0x0000000100000000)
  eden space 24064K, 100% used [0x00000000e1780000,0x00000000e2f00000,0x00000000e2f00000)
  from space 3584K, 0% used [0x00000000e2f00000,0x00000000e2f00000,0x00000000e3280000)
  to   space 3584K, 0% used [0x00000000e4a00000,0x00000000e4a00000,0x00000000e4d80000)
 ParOldGen       total 52224K, used 8366K [0x00000000a4600000, 0x00000000a7900000, 0x00000000e1780000)
  object space 52224K, 16% used [0x00000000a4600000,0x00000000a4e2bad0,0x00000000a7900000)
 Metaspace       used 26534K, capacity 27338K, committed 27648K, reserved 1073152K
  class space    used 3537K, capacity 3784K, committed 3840K, reserved 1048576K
Event: 9.452 GC heap after
Heap after GC invocations=5 (full 1):
 PSYoungGen      total 35840K, used 3553K [0x00000000e1780000, 0x00000000e4d80000, 0x0000000100000000)
  eden space 32256K, 0% used [0x00000000e1780000,0x00000000e1780000,0x00000000e3700000)
  from space 3584K, 99% used [0x00000000e4a00000,0x00000000e4d784e8,0x00000000e4d80000)
  to   space 3584K, 0% used [0x00000000e4680000,0x00000000e4680000,0x00000000e4a00000)
 ParOldGen       total 52224K, used 11312K [0x00000000a4600000, 0x00000000a7900000, 0x00000000e1780000)
  object space 52224K, 21% used [0x00000000a4600000,0x00000000a510c3b0,0x00000000a7900000)
 Metaspace       used 26534K, capacity 27338K, committed 27648K, reserved 1073152K
  class space    used 3537K, capacity 3784K, committed 3840K, reserved 1048576K
}

Deoptimization events (10 events):
Event: 1.028 Thread 0x00007fc404477000 Uncommon trap: reason=unstable_if action=reinterpret pc=0x00007fc3f5365f7c method=jdk.internal.org.objectweb.asm.Type.getArgumentsAndReturnSizes(Ljava/lang/String;)I @ 47
Event: 1.451 Thread 0x00007fc38c38c800 Uncommon trap: reason=unstable_if action=reinterpret pc=0x00007fc3f522e040 method=java.lang.AbstractStringBuilder.append(Ljava/lang/String;)Ljava/lang/AbstractStringBuilder; @ 1
Event: 1.682 Thread 0x00007fc38c38c800 Uncommon trap: reason=unstable_if action=reinterpret pc=0x00007fc3f5389654 method=java.lang.ClassLoader.checkName(Ljava/lang/String;)Z @ 36
Event: 1.683 Thread 0x00007fc38c38c800 Uncommon trap: reason=unstable_if action=reinterpret pc=0x00007fc3f540fef4 method=java.util.concurrent.ConcurrentHashMap.putVal(Ljava/lang/Object;Ljava/lang/Object;Z)Ljava/lang/Object; @ 181
Event: 9.470 Thread 0x00007fc404477000 Uncommon trap: reason=range_check action=make_not_entrant pc=0x00007fc3f560f300 method=sun.reflect.generics.parser.SignatureParser.current()C @ 34
Event: 9.660 Thread 0x00007fc404477000 Uncommon trap: reason=unstable_if action=reinterpret pc=0x00007fc3f5595b74 method=java.lang.StrictMath.floorOrCeil(DDDD)D @ 38
Event: 9.801 Thread 0x00007fc404477000 Uncommon trap: reason=array_check action=maybe_recompile pc=0x00007fc3f58ae108 method=com.sun.javafx.css.SimpleSelector.applies(Ljavafx/css/Styleable;[Ljava/util/Set;I)Z @ 37
Event: 9.801 Thread 0x00007fc404477000 Uncommon trap: reason=array_check action=maybe_recompile pc=0x00007fc3f58ae108 method=com.sun.javafx.css.SimpleSelector.applies(Ljavafx/css/Styleable;[Ljava/util/Set;I)Z @ 37
Event: 9.801 Thread 0x00007fc404477000 Uncommon trap: reason=array_check action=maybe_recompile pc=0x00007fc3f58ae108 method=com.sun.javafx.css.SimpleSelector.applies(Ljavafx/css/Styleable;[Ljava/util/Set;I)Z @ 37
Event: 9.801 Thread 0x00007fc404477000 Uncommon trap: reason=array_check action=maybe_recompile pc=0x00007fc3f58ae108 method=com.sun.javafx.css.SimpleSelector.applies(Ljavafx/css/Styleable;[Ljava/util/Set;I)Z @ 37

Internal exceptions (10 events):
Event: 1.105 Thread 0x00007fc38c38c800 Exception <a 'java/lang/ArrayIndexOutOfBoundsException'> (0x00000000e2c663b0) thrown at [/build/openjdk-8-8u151-b12/src/hotspot/src/share/vm/runtime/sharedRuntime.cpp, line 605]
Event: 1.106 Thread 0x00007fc38c38c800 Exception <a 'java/lang/ArrayIndexOutOfBoundsException'> (0x00000000e2c67ba0) thrown at [/build/openjdk-8-8u151-b12/src/hotspot/src/share/vm/runtime/sharedRuntime.cpp, line 605]
Event: 1.112 Thread 0x00007fc38c38c800 Exception <a 'java/lang/ArrayIndexOutOfBoundsException'> (0x00000000e2cd07d8) thrown at [/build/openjdk-8-8u151-b12/src/hotspot/src/share/vm/runtime/sharedRuntime.cpp, line 605]
Event: 1.112 Thread 0x00007fc38c38c800 Exception <a 'java/lang/ArrayIndexOutOfBoundsException'> (0x00000000e2cd19c8) thrown at [/build/openjdk-8-8u151-b12/src/hotspot/src/share/vm/runtime/sharedRuntime.cpp, line 605]
Event: 1.112 Thread 0x00007fc38c38c800 Exception <a 'java/lang/ArrayIndexOutOfBoundsException'> (0x00000000e2cd2f60) thrown at [/build/openjdk-8-8u151-b12/src/hotspot/src/share/vm/runtime/sharedRuntime.cpp, line 605]
Event: 1.147 Thread 0x00007fc38c38c800 Exception <a 'java/lang/ArrayIndexOutOfBoundsException'> (0x00000000e179c980) thrown at [/build/openjdk-8-8u151-b12/src/hotspot/src/share/vm/runtime/sharedRuntime.cpp, line 605]
Event: 1.151 Thread 0x00007fc38c38c800 Exception <a 'java/lang/ArrayIndexOutOfBoundsException'> (0x00000000e17aad80) thrown at [/build/openjdk-8-8u151-b12/src/hotspot/src/share/vm/runtime/sharedRuntime.cpp, line 605]
Event: 1.451 Thread 0x00007fc38c38c800 Implicit null exception at 0x00007fc3f522dc76 to 0x00007fc3f522e029
Event: 9.470 Thread 0x00007fc404477000 Exception <a 'java/lang/ArrayIndexOutOfBoundsException'> (0x00000000e186c848) thrown at [/build/openjdk-8-8u151-b12/src/hotspot/src/share/vm/runtime/sharedRuntime.cpp, line 605]
Event: 9.470 Thread 0x00007fc404477000 Exception <a 'java/lang/ArrayIndexOutOfBoundsException': 66> (0x00000000e186ea58) thrown at [/build/openjdk-8-8u151-b12/src/hotspot/src/share/vm/interpreter/interpreterRuntime.cpp, line 366]

Events (10 events):
Event: 9.819 loading class javafx/scene/shape/ArcTo$3
Event: 9.819 loading class javafx/scene/shape/ArcTo$3 done
Event: 9.820 loading class javafx/scene/shape/ArcTo$6
Event: 9.820 loading class javafx/scene/shape/ArcTo$6 done
Event: 9.820 loading class javafx/scene/shape/ArcTo$7
Event: 9.820 loading class javafx/scene/shape/ArcTo$7 done
Event: 9.820 loading class javafx/scene/shape/ArcTo$1
Event: 9.820 loading class javafx/scene/shape/ArcTo$1 done
Event: 9.820 loading class javafx/scene/shape/ArcTo$2
Event: 9.820 loading class javafx/scene/shape/ArcTo$2 done


Dynamic libraries:
a4600000-a7900000 rw-p 00000000 00:00 0 
a7900000-a8380000 ---p 00000000 00:00 0 
a8380000-e1780000 ---p 00000000 00:00 0 
e1780000-e4d80000 rw-p 00000000 00:00 0 
e4d80000-100000000 ---p 00000000 00:00 0 
100000000-100460000 rw-p 00000000 00:00 0 
100460000-140000000 ---p 00000000 00:00 0 
55e95ed63000-55e95ed64000 r-xp 00000000 08:02 792682                     /usr/lib/jvm/java-8-openjdk-amd64/jre/bin/java
55e95ef63000-55e95ef64000 r--p 00000000 08:02 792682                     /usr/lib/jvm/java-8-openjdk-amd64/jre/bin/java
55e95ef64000-55e95ef65000 rw-p 00001000 08:02 792682                     /usr/lib/jvm/java-8-openjdk-amd64/jre/bin/java
55e95f8b5000-55e95f8d6000 rw-p 00000000 00:00 0                          [heap]
7fc374000000-7fc374021000 rw-p 00000000 00:00 0 
7fc374021000-7fc378000000 ---p 00000000 00:00 0 
7fc378000000-7fc378021000 rw-p 00000000 00:00 0 
7fc378021000-7fc37c000000 ---p 00000000 00:00 0 
7fc37c000000-7fc37c24f000 rw-p 00000000 00:00 0 
7fc37c24f000-7fc380000000 ---p 00000000 00:00 0 
7fc382906000-7fc3829b3000 r--p 00000000 08:02 654387                     /usr/share/fonts/truetype/dejavu/DejaVuSans-Bold.ttf
7fc3829b3000-7fc382af3000 rw-p 00000000 00:00 0 
7fc382af3000-7fc382bb3000 ---p 00000000 00:00 0 
7fc382bb3000-7fc382db3000 rw-p 00000000 00:00 0 
7fc382db3000-7fc382fb3000 rw-p 00000000 00:00 0 
7fc382fb3000-7fc382fb6000 ---p 00000000 00:00 0 
7fc382fb6000-7fc3830b4000 rw-p 00000000 00:00 0 
7fc3830b4000-7fc3832b4000 rw-p 00000000 00:00 0 
7fc3832b4000-7fc383474000 rw-s 108dc0000 00:06 11543                     /dev/dri/card0
7fc383474000-7fc383634000 rw-s 00000000 00:05 189437                     /drm mm object (deleted)
7fc383634000-7fc38363d000 r-xp 00000000 08:02 801674                     /usr/lib/jvm/java-8-openjdk-amd64/jre/lib/amd64/libmanagement.so
7fc38363d000-7fc38383c000 ---p 00009000 08:02 801674                     /usr/lib/jvm/java-8-openjdk-amd64/jre/lib/amd64/libmanagement.so
7fc38383c000-7fc38383d000 r--p 00008000 08:02 801674                     /usr/lib/jvm/java-8-openjdk-amd64/jre/lib/amd64/libmanagement.so
7fc38383d000-7fc38383e000 rw-p 00009000 08:02 801674                     /usr/lib/jvm/java-8-openjdk-amd64/jre/lib/amd64/libmanagement.so
7fc38383e000-7fc383841000 ---p 00000000 00:00 0 
7fc383841000-7fc38393f000 rw-p 00000000 00:00 0 
7fc38393f000-7fc383aff000 rw-s 00000000 00:05 186249                     /drm mm object (deleted)
7fc383aff000-7fc383cff000 rw-p 00000000 00:00 0 
7fc383cff000-7fc383d02000 ---p 00000000 00:00 0 
7fc383d02000-7fc383e00000 rw-p 00000000 00:00 0 
7fc383e00000-7fc384000000 rw-p 00000000 00:00 0 
7fc384000000-7fc384021000 rw-p 00000000 00:00 0 
7fc384021000-7fc388000000 ---p 00000000 00:00 0 
7fc38800b000-7fc38820b000 rw-p 00000000 00:00 0 
7fc38820b000-7fc38820e000 ---p 00000000 00:00 0 
7fc38820e000-7fc38830c000 rw-p 00000000 00:00 0 
7fc38830c000-7fc3883c5000 r--p 00000000 08:02 654388                     /usr/share/fonts/truetype/dejavu/DejaVuSans.ttf
7fc3883c5000-7fc3883c9000 r-xp 00000000 08:02 794623                     /usr/lib/jvm/java-8-openjdk-amd64/jre/lib/amd64/libjavafx_font_pango.so
7fc3883c9000-7fc3885c8000 ---p 00004000 08:02 794623                     /usr/lib/jvm/java-8-openjdk-amd64/jre/lib/amd64/libjavafx_font_pango.so
7fc3885c8000-7fc3885c9000 r--p 00003000 08:02 794623                     /usr/lib/jvm/java-8-openjdk-amd64/jre/lib/amd64/libjavafx_font_pango.so
7fc3885c9000-7fc3885ca000 rw-p 00004000 08:02 794623                     /usr/lib/jvm/java-8-openjdk-amd64/jre/lib/amd64/libjavafx_font_pango.so
7fc3885ca000-7fc3887ca000 rw-p 00000000 00:00 0 
7fc3887ca000-7fc38b7cb000 rw-p 00000000 00:00 0 
7fc38b7cb000-7fc38b7e2000 r-xp 00000000 08:02 801676                     /usr/lib/jvm/java-8-openjdk-amd64/jre/lib/amd64/libnet.so
7fc38b7e2000-7fc38b9e1000 ---p 00017000 08:02 801676                     /usr/lib/jvm/java-8-openjdk-amd64/jre/lib/amd64/libnet.so
7fc38b9e1000-7fc38b9e2000 r--p 00016000 08:02 801676                     /usr/lib/jvm/java-8-openjdk-amd64/jre/lib/amd64/libnet.so
7fc38b9e2000-7fc38b9e3000 rw-p 00017000 08:02 801676                     /usr/lib/jvm/java-8-openjdk-amd64/jre/lib/amd64/libnet.so
7fc38b9e3000-7fc38b9f4000 r-xp 00000000 08:02 801677                     /usr/lib/jvm/java-8-openjdk-amd64/jre/lib/amd64/libnio.so
7fc38b9f4000-7fc38bbf4000 ---p 00011000 08:02 801677                     /usr/lib/jvm/java-8-openjdk-amd64/jre/lib/amd64/libnio.so
7fc38bbf4000-7fc38bbf5000 r--p 00011000 08:02 801677                     /usr/lib/jvm/java-8-openjdk-amd64/jre/lib/amd64/libnio.so
7fc38bbf5000-7fc38bbf6000 rw-p 00012000 08:02 801677                     /usr/lib/jvm/java-8-openjdk-amd64/jre/lib/amd64/libnio.so
7fc38bbf6000-7fc38bbfb000 r-xp 00000000 08:02 794622                     /usr/lib/jvm/java-8-openjdk-amd64/jre/lib/amd64/libjavafx_font_freetype.so
7fc38bbfb000-7fc38bdfa000 ---p 00005000 08:02 794622                     /usr/lib/jvm/java-8-openjdk-amd64/jre/lib/amd64/libjavafx_font_freetype.so
7fc38bdfa000-7fc38bdfb000 r--p 00004000 08:02 794622                     /usr/lib/jvm/java-8-openjdk-amd64/jre/lib/amd64/libjavafx_font_freetype.so
7fc38bdfb000-7fc38bdfc000 rw-p 00005000 08:02 794622                     /usr/lib/jvm/java-8-openjdk-amd64/jre/lib/amd64/libjavafx_font_freetype.so
7fc38bdfc000-7fc38bdff000 r-xp 00000000 08:02 794621                     /usr/lib/jvm/java-8-openjdk-amd64/jre/lib/amd64/libjavafx_font.so
7fc38bdff000-7fc38bffe000 ---p 00003000 08:02 794621                     /usr/lib/jvm/java-8-openjdk-amd64/jre/lib/amd64/libjavafx_font.so
7fc38bffe000-7fc38bfff000 r--p 00002000 08:02 794621                     /usr/lib/jvm/java-8-openjdk-amd64/jre/lib/amd64/libjavafx_font.so
7fc38bfff000-7fc38c000000 rw-p 00003000 08:02 794621                     /usr/lib/jvm/java-8-openjdk-amd64/jre/lib/amd64/libjavafx_font.so
7fc38c000000-7fc38c69e000 rw-p 00000000 00:00 0 
7fc38c69e000-7fc390000000 ---p 00000000 00:00 0 
7fc390000000-7fc390021000 rw-p 00000000 00:00 0 
7fc390021000-7fc394000000 ---p 00000000 00:00 0 
7fc394000000-7fc394021000 rw-p 00000000 00:00 0 
7fc394021000-7fc398000000 ---p 00000000 00:00 0 
7fc398015000-7fc398215000 rw-p 00000000 00:00 0 
7fc398215000-7fc398218000 ---p 00000000 00:00 0 
7fc398218000-7fc398316000 rw-p 00000000 00:00 0 
7fc398316000-7fc398319000 ---p 00000000 00:00 0 
7fc398319000-7fc398417000 rw-p 00000000 00:00 0 
7fc398417000-7fc39841e000 r-xp 00000000 08:02 272103                     /usr/lib/x86_64-linux-gnu/libogg.so.0.8.2
7fc39841e000-7fc39861e000 ---p 00007000 08:02 272103                     /usr/lib/x86_64-linux-gnu/libogg.so.0.8.2
7fc39861e000-7fc39861f000 r--p 00007000 08:02 272103                     /usr/lib/x86_64-linux-gnu/libogg.so.0.8.2
7fc39861f000-7fc398620000 rw-p 00008000 08:02 272103                     /usr/lib/x86_64-linux-gnu/libogg.so.0.8.2
7fc398620000-7fc39864b000 r-xp 00000000 08:02 274110                     /usr/lib/x86_64-linux-gnu/libvorbis.so.0.4.8
7fc39864b000-7fc39884a000 ---p 0002b000 08:02 274110                     /usr/lib/x86_64-linux-gnu/libvorbis.so.0.4.8
7fc39884a000-7fc39884b000 r--p 0002a000 08:02 274110                     /usr/lib/x86_64-linux-gnu/libvorbis.so.0.4.8
7fc39884b000-7fc39884c000 rw-p 0002b000 08:02 274110                     /usr/lib/x86_64-linux-gnu/libvorbis.so.0.4.8
7fc39884c000-7fc398855000 r-xp 00000000 08:02 271260                     /usr/lib/x86_64-linux-gnu/libltdl.so.7.3.1
7fc398855000-7fc398a54000 ---p 00009000 08:02 271260                     /usr/lib/x86_64-linux-gnu/libltdl.so.7.3.1
7fc398a54000-7fc398a55000 r--p 00008000 08:02 271260                     /usr/lib/x86_64-linux-gnu/libltdl.so.7.3.1
7fc398a55000-7fc398a56000 rw-p 00009000 08:02 271260                     /usr/lib/x86_64-linux-gnu/libltdl.so.7.3.1
7fc398a56000-7fc398a6b000 r-xp 00000000 08:02 274452                     /usr/lib/x86_64-linux-gnu/libtdb.so.1.3.11
7fc398a6b000-7fc398c6a000 ---p 00015000 08:02 274452                     /usr/lib/x86_64-linux-gnu/libtdb.so.1.3.11
7fc398c6a000-7fc398c6b000 r--p 00014000 08:02 274452                     /usr/lib/x86_64-linux-gnu/libtdb.so.1.3.11
7fc398c6b000-7fc398c6c000 rw-p 00015000 08:02 274452                     /usr/lib/x86_64-linux-gnu/libtdb.so.1.3.11
7fc398c6c000-7fc398c74000 r-xp 00000000 08:02 275883                     /usr/lib/x86_64-linux-gnu/libvorbisfile.so.3.3.7
7fc398c74000-7fc398e73000 ---p 00008000 08:02 275883                     /usr/lib/x86_64-linux-gnu/libvorbisfile.so.3.3.7
7fc398e73000-7fc398e74000 r--p 00007000 08:02 275883                     /usr/lib/x86_64-linux-gnu/libvorbisfile.so.3.3.7
7fc398e74000-7fc398e75000 rw-p 00008000 08:02 275883                     /usr/lib/x86_64-linux-gnu/libvorbisfile.so.3.3.7
7fc398e75000-7fc398e86000 r-xp 00000000 08:02 275885                     /usr/lib/x86_64-linux-gnu/libcanberra.so.0.2.5
7fc398e86000-7fc399085000 ---p 00011000 08:02 275885                     /usr/lib/x86_64-linux-gnu/libcanberra.so.0.2.5
7fc399085000-7fc399086000 r--p 00010000 08:02 275885                     /usr/lib/x86_64-linux-gnu/libcanberra.so.0.2.5
7fc399086000-7fc399087000 rw-p 00011000 08:02 275885                     /usr/lib/x86_64-linux-gnu/libcanberra.so.0.2.5
7fc399087000-7fc39908b000 r-xp 00000000 08:02 318236                     /usr/lib/x86_64-linux-gnu/libcanberra-gtk.so.0.1.9
7fc39908b000-7fc39928a000 ---p 00004000 08:02 318236                     /usr/lib/x86_64-linux-gnu/libcanberra-gtk.so.0.1.9
7fc39928a000-7fc39928b000 r--p 00003000 08:02 318236                     /usr/lib/x86_64-linux-gnu/libcanberra-gtk.so.0.1.9
7fc39928b000-7fc39928c000 rw-p 00004000 08:02 318236                     /usr/lib/x86_64-linux-gnu/libcanberra-gtk.so.0.1.9
7fc39928c000-7fc399291000 r-xp 00000000 08:02 318239                     /usr/lib/x86_64-linux-gnu/gtk-2.0/modules/libcanberra-gtk-module.so
7fc399291000-7fc399490000 ---p 00005000 08:02 318239                     /usr/lib/x86_64-linux-gnu/gtk-2.0/modules/libcanberra-gtk-module.so
7fc399490000-7fc399491000 r--p 00004000 08:02 318239                     /usr/lib/x86_64-linux-gnu/gtk-2.0/modules/libcanberra-gtk-module.so
7fc399491000-7fc399492000 rw-p 00005000 08:02 318239                     /usr/lib/x86_64-linux-gnu/gtk-2.0/modules/libcanberra-gtk-module.so
7fc399492000-7fc39949c000 r-xp 00000000 08:02 287844                     /usr/lib/x86_64-linux-gnu/gtk-2.0/2.10.0/engines/libpixmap.so
7fc39949c000-7fc39969b000 ---p 0000a000 08:02 287844                     /usr/lib/x86_64-linux-gnu/gtk-2.0/2.10.0/engines/libpixmap.so
7fc39969b000-7fc39969c000 r--p 00009000 08:02 287844                     /usr/lib/x86_64-linux-gnu/gtk-2.0/2.10.0/engines/libpixmap.so
7fc39969c000-7fc39969d000 rw-p 0000a000 08:02 287844                     /usr/lib/x86_64-linux-gnu/gtk-2.0/2.10.0/engines/libpixmap.so
7fc39969d000-7fc39969f000 r-xp 00000000 08:02 283562                     /usr/lib/x86_64-linux-gnu/gtk-2.0/2.10.0/engines/libadwaita.so
7fc39969f000-7fc39989f000 ---p 00002000 08:02 283562                     /usr/lib/x86_64-linux-gnu/gtk-2.0/2.10.0/engines/libadwaita.so
7fc39989f000-7fc3998a0000 r--p 00002000 08:02 283562                     /usr/lib/x86_64-linux-gnu/gtk-2.0/2.10.0/engines/libadwaita.so
7fc3998a0000-7fc3998a1000 rw-p 00003000 08:02 283562                     /usr/lib/x86_64-linux-gnu/gtk-2.0/2.10.0/engines/libadwaita.so
7fc3998a1000-7fc3998ca000 r-xp 00000000 08:02 794619                     /usr/lib/jvm/java-8-openjdk-amd64/jre/lib/amd64/libglass.so
7fc3998ca000-7fc399aca000 ---p 00029000 08:02 794619                     /usr/lib/jvm/java-8-openjdk-amd64/jre/lib/amd64/libglass.so
7fc399aca000-7fc399acb000 r--p 00029000 08:02 794619                     /usr/lib/jvm/java-8-openjdk-amd64/jre/lib/amd64/libglass.so
7fc399acb000-7fc399acc000 rw-p 0002a000 08:02 794619                     /usr/lib/jvm/java-8-openjdk-amd64/jre/lib/amd64/libglass.so
7fc399acc000-7fc399acd000 rw-p 00000000 00:00 0 
7fc399acd000-7fc399b05000 r-xp 00000000 08:02 290883                     /usr/lib/x86_64-linux-gnu/s2tc/libtxc_dxtn.so
7fc399b05000-7fc399d05000 ---p 00038000 08:02 290883                     /usr/lib/x86_64-linux-gnu/s2tc/libtxc_dxtn.so
7fc399d05000-7fc399d06000 r--p 00038000 08:02 290883                     /usr/lib/x86_64-linux-gnu/s2tc/libtxc_dxtn.so
7fc399d06000-7fc399d07000 rw-p 00039000 08:02 290883                     /usr/lib/x86_64-linux-gnu/s2tc/libtxc_dxtn.so
7fc399d07000-7fc399d0f000 r-xp 00000000 08:02 288228                     /usr/lib/x86_64-linux-gnu/libpciaccess.so.0.11.1
7fc399d0f000-7fc399f0f000 ---p 00008000 08:02 288228                     /usr/lib/x86_64-linux-gnu/libpciaccess.so.0.11.1
7fc399f0f000-7fc399f10000 r--p 00008000 08:02 288228                     /usr/lib/x86_64-linux-gnu/libpciaccess.so.0.11.1
7fc399f10000-7fc399f11000 rw-p 00009000 08:02 288228                     /usr/lib/x86_64-linux-gnu/libpciaccess.so.0.11.1
7fc399f11000-7fc399f24000 r-xp 00000000 08:02 391730                     /lib/x86_64-linux-gnu/libgpg-error.so.0.21.0
7fc399f24000-7fc39a123000 ---p 00013000 08:02 391730                     /lib/x86_64-linux-gnu/libgpg-error.so.0.21.0
7fc39a123000-7fc39a124000 r--p 00012000 08:02 391730                     /lib/x86_64-linux-gnu/libgpg-error.so.0.21.0
7fc39a124000-7fc39a125000 rw-p 00013000 08:02 391730                     /lib/x86_64-linux-gnu/libgpg-error.so.0.21.0
7fc39a125000-7fc39a130000 r-xp 00000000 08:02 288381                     /usr/lib/x86_64-linux-gnu/libdrm_radeon.so.1.0.1
7fc39a130000-7fc39a32f000 ---p 0000b000 08:02 288381                     /usr/lib/x86_64-linux-gnu/libdrm_radeon.so.1.0.1
7fc39a32f000-7fc39a330000 r--p 0000a000 08:02 288381                     /usr/lib/x86_64-linux-gnu/libdrm_radeon.so.1.0.1
7fc39a330000-7fc39a331000 rw-p 0000b000 08:02 288381                     /usr/lib/x86_64-linux-gnu/libdrm_radeon.so.1.0.1
7fc39a331000-7fc39a338000 r-xp 00000000 08:02 288378                     /usr/lib/x86_64-linux-gnu/libdrm_nouveau.so.2.0.0
7fc39a338000-7fc39a537000 ---p 00007000 08:02 288378                     /usr/lib/x86_64-linux-gnu/libdrm_nouveau.so.2.0.0
7fc39a537000-7fc39a538000 r--p 00006000 08:02 288378                     /usr/lib/x86_64-linux-gnu/libdrm_nouveau.so.2.0.0
7fc39a538000-7fc39a539000 rw-p 00007000 08:02 288378                     /usr/lib/x86_64-linux-gnu/libdrm_nouveau.so.2.0.0
7fc39a539000-7fc39a55b000 r-xp 00000000 08:02 288230                     /usr/lib/x86_64-linux-gnu/libdrm_intel.so.1.0.0
7fc39a55b000-7fc39a75a000 ---p 00022000 08:02 288230                     /usr/lib/x86_64-linux-gnu/libdrm_intel.so.1.0.0
7fc39a75a000-7fc39a75b000 r--p 00021000 08:02 288230                     /usr/lib/x86_64-linux-gnu/libdrm_intel.so.1.0.0
7fc39a75b000-7fc39a75c000 rw-p 00022000 08:02 288230                     /usr/lib/x86_64-linux-gnu/libdrm_intel.so.1.0.0
7fc39a75c000-7fc39a863000 r-xp 00000000 08:02 423581                     /lib/x86_64-linux-gnu/libgcrypt.so.20.1.6
7fc39a863000-7fc39aa63000 ---p 00107000 08:02 423581                     /lib/x86_64-linux-gnu/libgcrypt.so.20.1.6
7fc39aa63000-7fc39aa65000 r--p 00107000 08:02 423581                     /lib/x86_64-linux-gnu/libgcrypt.so.20.1.6
7fc39aa65000-7fc39aa6c000 rw-p 00109000 08:02 423581                     /lib/x86_64-linux-gnu/libgcrypt.so.20.1.6
7fc39aa6c000-7fc39b113000 r-xp 00000000 08:02 288573                     /usr/lib/x86_64-linux-gnu/dri/i965_dri.so
7fc39b113000-7fc39b312000 ---p 006a7000 08:02 288573                     /usr/lib/x86_64-linux-gnu/dri/i965_dri.so
7fc39b312000-7fc39b354000 r--p 006a6000 08:02 288573                     /usr/lib/x86_64-linux-gnu/dri/i965_dri.so
7fc39b354000-7fc39b35c000 rw-p 006e8000 08:02 288573                     /usr/lib/x86_64-linux-gnu/dri/i965_dri.so
7fc39b35c000-7fc39b364000 rw-p 00000000 00:00 0 
7fc39b364000-7fc39b368000 r-xp 00000000 08:02 391777                     /lib/x86_64-linux-gnu/libuuid.so.1.3.0
7fc39b368000-7fc39b567000 ---p 00004000 08:02 391777                     /lib/x86_64-linux-gnu/libuuid.so.1.3.0
7fc39b567000-7fc39b568000 r--p 00003000 08:02 391777                     /lib/x86_64-linux-gnu/libuuid.so.1.3.0
7fc39b568000-7fc39b569000 rw-p 00004000 08:02 391777                     /lib/x86_64-linux-gnu/libuuid.so.1.3.0
7fc39b569000-7fc39b57c000 r-xp 00000000 08:02 392594                     /lib/x86_64-linux-gnu/libbsd.so.0.8.3
7fc39b57c000-7fc39b77c000 ---p 00013000 08:02 392594                     /lib/x86_64-linux-gnu/libbsd.so.0.8.3
7fc39b77c000-7fc39b77d000 r--p 00013000 08:02 392594                     /lib/x86_64-linux-gnu/libbsd.so.0.8.3
7fc39b77d000-7fc39b77e000 rw-p 00014000 08:02 392594                     /lib/x86_64-linux-gnu/libbsd.so.0.8.3
7fc39b77e000-7fc39b77f000 rw-p 00000000 00:00 0 
7fc39b77f000-7fc39b786000 r-xp 00000000 08:02 271089                     /usr/lib/x86_64-linux-gnu/libdatrie.so.1.3.3
7fc39b786000-7fc39b985000 ---p 00007000 08:02 271089                     /usr/lib/x86_64-linux-gnu/libdatrie.so.1.3.3
7fc39b985000-7fc39b986000 r--p 00006000 08:02 271089                     /usr/lib/x86_64-linux-gnu/libdatrie.so.1.3.3
7fc39b986000-7fc39b987000 rw-p 00007000 08:02 271089                     /usr/lib/x86_64-linux-gnu/libdatrie.so.1.3.3
7fc39b987000-7fc39b9b2000 r-xp 00000000 08:02 271095                     /usr/lib/x86_64-linux-gnu/libgraphite2.so.3.0.1
7fc39b9b2000-7fc39bbb1000 ---p 0002b000 08:02 271095                     /usr/lib/x86_64-linux-gnu/libgraphite2.so.3.0.1
7fc39bbb1000-7fc39bbb3000 r--p 0002a000 08:02 271095                     /usr/lib/x86_64-linux-gnu/libgraphite2.so.3.0.1
7fc39bbb3000-7fc39bbb4000 rw-p 0002c000 08:02 271095                     /usr/lib/x86_64-linux-gnu/libgraphite2.so.3.0.1
7fc39bbb4000-7fc39bbf5000 r-xp 00000000 08:02 391759                     /lib/x86_64-linux-gnu/libblkid.so.1.1.0
7fc39bbf5000-7fc39bdf4000 ---p 00041000 08:02 391759                     /lib/x86_64-linux-gnu/libblkid.so.1.1.0
7fc39bdf4000-7fc39bdf8000 r--p 00040000 08:02 391759                     /lib/x86_64-linux-gnu/libblkid.so.1.1.0
7fc39bdf8000-7fc39bdf9000 rw-p 00044000 08:02 391759                     /lib/x86_64-linux-gnu/libblkid.so.1.1.0
7fc39bdf9000-7fc39bdfa000 rw-p 00000000 00:00 0 
7fc39bdfa000-7fc39bdff000 r-xp 00000000 08:02 270528                     /usr/lib/x86_64-linux-gnu/libXdmcp.so.6.0.0
7fc39bdff000-7fc39bffe000 ---p 00005000 08:02 270528                     /usr/lib/x86_64-linux-gnu/libXdmcp.so.6.0.0
7fc39bffe000-7fc39bfff000 r--p 00004000 08:02 270528                     /usr/lib/x86_64-linux-gnu/libXdmcp.so.6.0.0
7fc39bfff000-7fc39c000000 rw-p 00005000 08:02 270528                     /usr/lib/x86_64-linux-gnu/libXdmcp.so.6.0.0
7fc39c000000-7fc39de18000 rw-p 00000000 00:00 0 
7fc39de18000-7fc3a0000000 ---p 00000000 00:00 0 
7fc3a005b000-7fc3a005e000 r-xp 00000000 08:02 270526                     /usr/lib/x86_64-linux-gnu/libXau.so.6.0.0
7fc3a005e000-7fc3a025d000 ---p 00003000 08:02 270526                     /usr/lib/x86_64-linux-gnu/libXau.so.6.0.0
7fc3a025d000-7fc3a025e000 r--p 00002000 08:02 270526                     /usr/lib/x86_64-linux-gnu/libXau.so.6.0.0
7fc3a025e000-7fc3a025f000 rw-p 00003000 08:02 270526                     /usr/lib/x86_64-linux-gnu/libXau.so.6.0.0
7fc3a025f000-7fc3a026d000 r-xp 00000000 08:02 272145                     /usr/lib/x86_64-linux-gnu/libdrm.so.2.4.0
7fc3a026d000-7fc3a046d000 ---p 0000e000 08:02 272145                     /usr/lib/x86_64-linux-gnu/libdrm.so.2.4.0
7fc3a046d000-7fc3a046e000 r--p 0000e000 08:02 272145                     /usr/lib/x86_64-linux-gnu/libdrm.so.2.4.0
7fc3a046e000-7fc3a046f000 rw-p 0000f000 08:02 272145                     /usr/lib/x86_64-linux-gnu/libdrm.so.2.4.0
7fc3a046f000-7fc3a0473000 r-xp 00000000 08:02 272152                     /usr/lib/x86_64-linux-gnu/libxcb-dri2.so.0.0.0
7fc3a0473000-7fc3a0672000 ---p 00004000 08:02 272152                     /usr/lib/x86_64-linux-gnu/libxcb-dri2.so.0.0.0
7fc3a0672000-7fc3a0673000 r--p 00003000 08:02 272152                     /usr/lib/x86_64-linux-gnu/libxcb-dri2.so.0.0.0
7fc3a0673000-7fc3a0674000 rw-p 00004000 08:02 272152                     /usr/lib/x86_64-linux-gnu/libxcb-dri2.so.0.0.0
7fc3a0674000-7fc3a068c000 r-xp 00000000 08:02 272156                     /usr/lib/x86_64-linux-gnu/libxcb-glx.so.0.0.0
7fc3a068c000-7fc3a088c000 ---p 00018000 08:02 272156                     /usr/lib/x86_64-linux-gnu/libxcb-glx.so.0.0.0
7fc3a088c000-7fc3a088e000 r--p 00018000 08:02 272156                     /usr/lib/x86_64-linux-gnu/libxcb-glx.so.0.0.0
7fc3a088e000-7fc3a088f000 rw-p 0001a000 08:02 272156                     /usr/lib/x86_64-linux-gnu/libxcb-glx.so.0.0.0
7fc3a088f000-7fc3a0890000 r-xp 00000000 08:02 272150                     /usr/lib/x86_64-linux-gnu/libX11-xcb.so.1.0.0
7fc3a0890000-7fc3a0a8f000 ---p 00001000 08:02 272150                     /usr/lib/x86_64-linux-gnu/libX11-xcb.so.1.0.0
7fc3a0a8f000-7fc3a0a90000 r--p 00000000 08:02 272150                     /usr/lib/x86_64-linux-gnu/libX11-xcb.so.1.0.0
7fc3a0a90000-7fc3a0a91000 rw-p 00001000 08:02 272150                     /usr/lib/x86_64-linux-gnu/libX11-xcb.so.1.0.0
7fc3a0a91000-7fc3a0abb000 r-xp 00000000 08:02 272147                     /usr/lib/x86_64-linux-gnu/libglapi.so.0.0.0
7fc3a0abb000-7fc3a0cba000 ---p 0002a000 08:02 272147                     /usr/lib/x86_64-linux-gnu/libglapi.so.0.0.0
7fc3a0cba000-7fc3a0cbe000 r--p 00029000 08:02 272147                     /usr/lib/x86_64-linux-gnu/libglapi.so.0.0.0
7fc3a0cbe000-7fc3a0cbf000 rw-p 0002d000 08:02 272147                     /usr/lib/x86_64-linux-gnu/libglapi.so.0.0.0
7fc3a0cbf000-7fc3a0cc0000 rw-p 00000000 00:00 0 
7fc3a0cc0000-7fc3a0cc1000 r-xp 00000000 08:02 272166                     /usr/lib/x86_64-linux-gnu/libxshmfence.so.1.0.0
7fc3a0cc1000-7fc3a0ec0000 ---p 00001000 08:02 272166                     /usr/lib/x86_64-linux-gnu/libxshmfence.so.1.0.0
7fc3a0ec0000-7fc3a0ec1000 r--p 00000000 08:02 272166                     /usr/lib/x86_64-linux-gnu/libxshmfence.so.1.0.0
7fc3a0ec1000-7fc3a0ec2000 rw-p 00001000 08:02 272166                     /usr/lib/x86_64-linux-gnu/libxshmfence.so.1.0.0
7fc3a0ec2000-7fc3a0ec8000 r-xp 00000000 08:02 272160                     /usr/lib/x86_64-linux-gnu/libxcb-sync.so.1.0.0
7fc3a0ec8000-7fc3a10c7000 ---p 00006000 08:02 272160                     /usr/lib/x86_64-linux-gnu/libxcb-sync.so.1.0.0
7fc3a10c7000-7fc3a10c8000 r--p 00005000 08:02 272160                     /usr/lib/x86_64-linux-gnu/libxcb-sync.so.1.0.0
7fc3a10c8000-7fc3a10c9000 rw-p 00006000 08:02 272160                     /usr/lib/x86_64-linux-gnu/libxcb-sync.so.1.0.0
7fc3a10c9000-7fc3a10cb000 r-xp 00000000 08:02 272158                     /usr/lib/x86_64-linux-gnu/libxcb-present.so.0.0.0
7fc3a10cb000-7fc3a12ca000 ---p 00002000 08:02 272158                     /usr/lib/x86_64-linux-gnu/libxcb-present.so.0.0.0
7fc3a12ca000-7fc3a12cb000 r--p 00001000 08:02 272158                     /usr/lib/x86_64-linux-gnu/libxcb-present.so.0.0.0
7fc3a12cb000-7fc3a12cc000 rw-p 00002000 08:02 272158                     /usr/lib/x86_64-linux-gnu/libxcb-present.so.0.0.0
7fc3a12cc000-7fc3a12ce000 r-xp 00000000 08:02 272154                     /usr/lib/x86_64-linux-gnu/libxcb-dri3.so.0.0.0
7fc3a12ce000-7fc3a14cd000 ---p 00002000 08:02 272154                     /usr/lib/x86_64-linux-gnu/libxcb-dri3.so.0.0.0
7fc3a14cd000-7fc3a14ce000 r--p 00001000 08:02 272154                     /usr/lib/x86_64-linux-gnu/libxcb-dri3.so.0.0.0
7fc3a14ce000-7fc3a14cf000 rw-p 00002000 08:02 272154                     /usr/lib/x86_64-linux-gnu/libxcb-dri3.so.0.0.0
7fc3a14cf000-7fc3a1541000 r-xp 00000000 08:02 391717                     /lib/x86_64-linux-gnu/libpcre.so.3.13.3
7fc3a1541000-7fc3a1740000 ---p 00072000 08:02 391717                     /lib/x86_64-linux-gnu/libpcre.so.3.13.3
7fc3a1740000-7fc3a1741000 r--p 00071000 08:02 391717                     /lib/x86_64-linux-gnu/libpcre.so.3.13.3
7fc3a1741000-7fc3a1742000 rw-p 00072000 08:02 391717                     /lib/x86_64-linux-gnu/libpcre.so.3.13.3
7fc3a1742000-7fc3a1769000 r-xp 00000000 08:02 392927                     /lib/x86_64-linux-gnu/libexpat.so.1.6.2
7fc3a1769000-7fc3a1969000 ---p 00027000 08:02 392927                     /lib/x86_64-linux-gnu/libexpat.so.1.6.2
7fc3a1969000-7fc3a196b000 r--p 00027000 08:02 392927                     /lib/x86_64-linux-gnu/libexpat.so.1.6.2
7fc3a196b000-7fc3a196c000 rw-p 00029000 08:02 392927                     /lib/x86_64-linux-gnu/libexpat.so.1.6.2
7fc3a196c000-7fc3a1973000 r-xp 00000000 08:02 265548                     /usr/lib/x86_64-linux-gnu/libffi.so.6.0.4
7fc3a1973000-7fc3a1b73000 ---p 00007000 08:02 265548                     /usr/lib/x86_64-linux-gnu/libffi.so.6.0.4
7fc3a1b73000-7fc3a1b74000 r--p 00007000 08:02 265548                     /usr/lib/x86_64-linux-gnu/libffi.so.6.0.4
7fc3a1b74000-7fc3a1b75000 rw-p 00008000 08:02 265548                     /usr/lib/x86_64-linux-gnu/libffi.so.6.0.4
7fc3a1b75000-7fc3a1b7d000 r-xp 00000000 08:02 271091                     /usr/lib/x86_64-linux-gnu/libthai.so.0.3.0
7fc3a1b7d000-7fc3a1d7d000 ---p 00008000 08:02 271091                     /usr/lib/x86_64-linux-gnu/libthai.so.0.3.0
7fc3a1d7d000-7fc3a1d7e000 r--p 00008000 08:02 271091                     /usr/lib/x86_64-linux-gnu/libthai.so.0.3.0
7fc3a1d7e000-7fc3a1d7f000 rw-p 00009000 08:02 271091                     /usr/lib/x86_64-linux-gnu/libthai.so.0.3.0
7fc3a1d7f000-7fc3a1e12000 r-xp 00000000 08:02 271099                     /usr/lib/x86_64-linux-gnu/libharfbuzz.so.0.10400.2
7fc3a1e12000-7fc3a2011000 ---p 00093000 08:02 271099                     /usr/lib/x86_64-linux-gnu/libharfbuzz.so.0.10400.2
7fc3a2011000-7fc3a2013000 r--p 00092000 08:02 271099                     /usr/lib/x86_64-linux-gnu/libharfbuzz.so.0.10400.2
7fc3a2013000-7fc3a2014000 rw-p 00094000 08:02 271099                     /usr/lib/x86_64-linux-gnu/libharfbuzz.so.0.10400.2
7fc3a2014000-7fc3a205e000 r-xp 00000000 08:02 391765                     /lib/x86_64-linux-gnu/libmount.so.1.1.0
7fc3a205e000-7fc3a225e000 ---p 0004a000 08:02 391765                     /lib/x86_64-linux-gnu/libmount.so.1.1.0
7fc3a225e000-7fc3a225f000 r--p 0004a000 08:02 391765                     /lib/x86_64-linux-gnu/libmount.so.1.1.0
7fc3a225f000-7fc3a2260000 rw-p 0004b000 08:02 391765                     /lib/x86_64-linux-gnu/libmount.so.1.1.0
7fc3a2260000-7fc3a2262000 rw-p 00000000 00:00 0 
7fc3a2262000-7fc3a2276000 r-xp 00000000 08:02 391704                     /lib/x86_64-linux-gnu/libresolv-2.24.so
7fc3a2276000-7fc3a2475000 ---p 00014000 08:02 391704                     /lib/x86_64-linux-gnu/libresolv-2.24.so
7fc3a2475000-7fc3a2476000 r--p 00013000 08:02 391704                     /lib/x86_64-linux-gnu/libresolv-2.24.so
7fc3a2476000-7fc3a2477000 rw-p 00014000 08:02 391704                     /lib/x86_64-linux-gnu/libresolv-2.24.so
7fc3a2477000-7fc3a2479000 rw-p 00000000 00:00 0 
7fc3a2479000-7fc3a249e000 r-xp 00000000 08:02 396812                     /lib/x86_64-linux-gnu/libselinux.so.1
7fc3a249e000-7fc3a269d000 ---p 00025000 08:02 396812                     /lib/x86_64-linux-gnu/libselinux.so.1
7fc3a269d000-7fc3a269e000 r--p 00024000 08:02 396812                     /lib/x86_64-linux-gnu/libselinux.so.1
7fc3a269e000-7fc3a269f000 rw-p 00025000 08:02 396812                     /lib/x86_64-linux-gnu/libselinux.so.1
7fc3a269f000-7fc3a26a1000 rw-p 00000000 00:00 0 
7fc3a26a1000-7fc3a26ad000 r-xp 00000000 08:02 271063                     /usr/lib/x86_64-linux-gnu/libxcb-render.so.0.0.0
7fc3a26ad000-7fc3a28ad000 ---p 0000c000 08:02 271063                     /usr/lib/x86_64-linux-gnu/libxcb-render.so.0.0.0
7fc3a28ad000-7fc3a28ae000 r--p 0000c000 08:02 271063                     /usr/lib/x86_64-linux-gnu/libxcb-render.so.0.0.0
7fc3a28ae000-7fc3a28af000 rw-p 0000d000 08:02 271063                     /usr/lib/x86_64-linux-gnu/libxcb-render.so.0.0.0
7fc3a28af000-7fc3a28d6000 r-xp 00000000 08:02 270530                     /usr/lib/x86_64-linux-gnu/libxcb.so.1.1.0
7fc3a28d6000-7fc3a2ad5000 ---p 00027000 08:02 270530                     /usr/lib/x86_64-linux-gnu/libxcb.so.1.1.0
7fc3a2ad5000-7fc3a2ad6000 r--p 00026000 08:02 270530                     /usr/lib/x86_64-linux-gnu/libxcb.so.1.1.0
7fc3a2ad6000-7fc3a2ad7000 rw-p 00027000 08:02 270530                     /usr/lib/x86_64-linux-gnu/libxcb.so.1.1.0
7fc3a2ad7000-7fc3a2ad9000 r-xp 00000000 08:02 271065                     /usr/lib/x86_64-linux-gnu/libxcb-shm.so.0.0.0
7fc3a2ad9000-7fc3a2cd9000 ---p 00002000 08:02 271065                     /usr/lib/x86_64-linux-gnu/libxcb-shm.so.0.0.0
7fc3a2cd9000-7fc3a2cda000 r--p 00002000 08:02 271065                     /usr/lib/x86_64-linux-gnu/libxcb-shm.so.0.0.0
7fc3a2cda000-7fc3a2cdb000 rw-p 00003000 08:02 271065                     /usr/lib/x86_64-linux-gnu/libxcb-shm.so.0.0.0
7fc3a2cdb000-7fc3a2d0c000 r-xp 00000000 08:02 270519                     /usr/lib/x86_64-linux-gnu/libpng16.so.16.28.0
7fc3a2d0c000-7fc3a2f0c000 ---p 00031000 08:02 270519                     /usr/lib/x86_64-linux-gnu/libpng16.so.16.28.0
7fc3a2f0c000-7fc3a2f0d000 r--p 00031000 08:02 270519                     /usr/lib/x86_64-linux-gnu/libpng16.so.16.28.0
7fc3a2f0d000-7fc3a2f0e000 rw-p 00032000 08:02 270519                     /usr/lib/x86_64-linux-gnu/libpng16.so.16.28.0
7fc3a2f0e000-7fc3a2fac000 r-xp 00000000 08:02 271060                     /usr/lib/x86_64-linux-gnu/libpixman-1.so.0.34.0
7fc3a2fac000-7fc3a31ac000 ---p 0009e000 08:02 271060                     /usr/lib/x86_64-linux-gnu/libpixman-1.so.0.34.0
7fc3a31ac000-7fc3a31b4000 r--p 0009e000 08:02 271060                     /usr/lib/x86_64-linux-gnu/libpixman-1.so.0.34.0
7fc3a31b4000-7fc3a31b5000 rw-p 000a6000 08:02 271060                     /usr/lib/x86_64-linux-gnu/libpixman-1.so.0.34.0
7fc3a31b5000-7fc3a31c6000 r-xp 00000000 08:02 270537                     /usr/lib/x86_64-linux-gnu/libXext.so.6.4.0
7fc3a31c6000-7fc3a33c5000 ---p 00011000 08:02 270537                     /usr/lib/x86_64-linux-gnu/libXext.so.6.4.0
7fc3a33c5000-7fc3a33c6000 r--p 00010000 08:02 270537                     /usr/lib/x86_64-linux-gnu/libXext.so.6.4.0
7fc3a33c6000-7fc3a33c7000 rw-p 00011000 08:02 270537                     /usr/lib/x86_64-linux-gnu/libXext.so.6.4.0
7fc3a33c7000-7fc3a33d1000 r-xp 00000000 08:02 296123                     /usr/lib/x86_64-linux-gnu/libXcursor.so.1.0.2
7fc3a33d1000-7fc3a35d0000 ---p 0000a000 08:02 296123                     /usr/lib/x86_64-linux-gnu/libXcursor.so.1.0.2
7fc3a35d0000-7fc3a35d1000 r--p 00009000 08:02 296123                     /usr/lib/x86_64-linux-gnu/libXcursor.so.1.0.2
7fc3a35d1000-7fc3a35d2000 rw-p 0000a000 08:02 296123                     /usr/lib/x86_64-linux-gnu/libXcursor.so.1.0.2
7fc3a35d2000-7fc3a35dc000 r-xp 00000000 08:02 270543                     /usr/lib/x86_64-linux-gnu/libXrandr.so.2.2.0
7fc3a35dc000-7fc3a37db000 ---p 0000a000 08:02 270543                     /usr/lib/x86_64-linux-gnu/libXrandr.so.2.2.0
7fc3a37db000-7fc3a37dc000 r--p 00009000 08:02 270543                     /usr/lib/x86_64-linux-gnu/libXrandr.so.2.2.0
7fc3a37dc000-7fc3a37dd000 rw-p 0000a000 08:02 270543                     /usr/lib/x86_64-linux-gnu/libXrandr.so.2.2.0
7fc3a37dd000-7fc3a37ec000 r-xp 00000000 08:02 273548                     /usr/lib/x86_64-linux-gnu/libXi.so.6.1.0
7fc3a37ec000-7fc3a39eb000 ---p 0000f000 08:02 273548                     /usr/lib/x86_64-linux-gnu/libXi.so.6.1.0
7fc3a39eb000-7fc3a39ec000 r--p 0000e000 08:02 273548                     /usr/lib/x86_64-linux-gnu/libXi.so.6.1.0
7fc3a39ec000-7fc3a39ed000 rw-p 0000f000 08:02 273548                     /usr/lib/x86_64-linux-gnu/libXi.so.6.1.0
7fc3a39ed000-7fc3a39ef000 r-xp 00000000 08:02 270539                     /usr/lib/x86_64-linux-gnu/libXinerama.so.1.0.0
7fc3a39ef000-7fc3a3bee000 ---p 00002000 08:02 270539                     /usr/lib/x86_64-linux-gnu/libXinerama.so.1.0.0
7fc3a3bee000-7fc3a3bef000 r--p 00001000 08:02 270539                     /usr/lib/x86_64-linux-gnu/libXinerama.so.1.0.0
7fc3a3bef000-7fc3a3bf0000 rw-p 00002000 08:02 270539                     /usr/lib/x86_64-linux-gnu/libXinerama.so.1.0.0
7fc3a3bf0000-7fc3a3bf9000 r-xp 00000000 08:02 270541                     /usr/lib/x86_64-linux-gnu/libXrender.so.1.3.0
7fc3a3bf9000-7fc3a3df8000 ---p 00009000 08:02 270541                     /usr/lib/x86_64-linux-gnu/libXrender.so.1.3.0
7fc3a3df8000-7fc3a3df9000 r--p 00008000 08:02 270541                     /usr/lib/x86_64-linux-gnu/libXrender.so.1.3.0
7fc3a3df9000-7fc3a3dfa000 rw-p 00009000 08:02 270541                     /usr/lib/x86_64-linux-gnu/libXrender.so.1.3.0
7fc3a3dfa000-7fc3a3dff000 r-xp 00000000 08:02 272162                     /usr/lib/x86_64-linux-gnu/libXfixes.so.3.1.0
7fc3a3dff000-7fc3a3ffe000 ---p 00005000 08:02 272162                     /usr/lib/x86_64-linux-gnu/libXfixes.so.3.1.0
7fc3a3ffe000-7fc3a3fff000 r--p 00004000 08:02 272162                     /usr/lib/x86_64-linux-gnu/libXfixes.so.3.1.0
7fc3a3fff000-7fc3a4000000 rw-p 00005000 08:02 272162                     /usr/lib/x86_64-linux-gnu/libXfixes.so.3.1.0
7fc3a4000000-7fc3a4021000 rw-p 00000000 00:00 0 
7fc3a4021000-7fc3a8000000 ---p 00000000 00:00 0 
7fc3a8000000-7fc3a8021000 rw-p 00000000 00:00 0 
7fc3a8021000-7fc3ac000000 ---p 00000000 00:00 0 
7fc3ac000000-7fc3ac2cc000 rw-p 00000000 00:00 0 
7fc3ac2cc000-7fc3b0000000 ---p 00000000 00:00 0 
7fc3b0000000-7fc3b0637000 rw-p 00000000 00:00 0 
7fc3b0637000-7fc3b4000000 ---p 00000000 00:00 0 
7fc3b4000000-7fc3b46d7000 rw-p 00000000 00:00 0 
7fc3b46d7000-7fc3b8000000 ---p 00000000 00:00 0 
7fc3b8000000-7fc3b8813000 rw-p 00000000 00:00 0 
7fc3b8813000-7fc3bc000000 ---p 00000000 00:00 0 
7fc3bc00d000-7fc3bc06d000 rw-s 00000000 00:05 118947845                  /SYSV00000000 (deleted)
7fc3bc06d000-7fc3bc070000 ---p 00000000 00:00 0 
7fc3bc070000-7fc3bc16e000 rw-p 00000000 00:00 0 
7fc3bc16e000-7fc3bc170000 r-xp 00000000 08:02 272164                     /usr/lib/x86_64-linux-gnu/libXdamage.so.1.1.0
7fc3bc170000-7fc3bc36f000 ---p 00002000 08:02 272164                     /usr/lib/x86_64-linux-gnu/libXdamage.so.1.1.0
7fc3bc36f000-7fc3bc370000 r--p 00001000 08:02 272164                     /usr/lib/x86_64-linux-gnu/libXdamage.so.1.1.0
7fc3bc370000-7fc3bc371000 rw-p 00002000 08:02 272164                     /usr/lib/x86_64-linux-gnu/libXdamage.so.1.1.0
7fc3bc371000-7fc3bc373000 r-xp 00000000 08:02 273544                     /usr/lib/x86_64-linux-gnu/libXcomposite.so.1.0.0
7fc3bc373000-7fc3bc572000 ---p 00002000 08:02 273544                     /usr/lib/x86_64-linux-gnu/libXcomposite.so.1.0.0
7fc3bc572000-7fc3bc573000 r--p 00001000 08:02 273544                     /usr/lib/x86_64-linux-gnu/libXcomposite.so.1.0.0
7fc3bc573000-7fc3bc574000 rw-p 00002000 08:02 273544                     /usr/lib/x86_64-linux-gnu/libXcomposite.so.1.0.0
7fc3bc574000-7fc3bc577000 r-xp 00000000 08:02 270880                     /usr/lib/x86_64-linux-gnu/libgmodule-2.0.so.0.5000.3
7fc3bc577000-7fc3bc776000 ---p 00003000 08:02 270880                     /usr/lib/x86_64-linux-gnu/libgmodule-2.0.so.0.5000.3
7fc3bc776000-7fc3bc777000 r--p 00002000 08:02 270880                     /usr/lib/x86_64-linux-gnu/libgmodule-2.0.so.0.5000.3
7fc3bc777000-7fc3bc778000 rw-p 00003000 08:02 270880                     /usr/lib/x86_64-linux-gnu/libgmodule-2.0.so.0.5000.3
7fc3bc778000-7fc3bc7e6000 r-xp 00000000 08:02 272168                     /usr/lib/x86_64-linux-gnu/libGL.so.1.2.0
7fc3bc7e6000-7fc3bc9e5000 ---p 0006e000 08:02 272168                     /usr/lib/x86_64-linux-gnu/libGL.so.1.2.0
7fc3bc9e5000-7fc3bc9e8000 r--p 0006d000 08:02 272168                     /usr/lib/x86_64-linux-gnu/libGL.so.1.2.0
7fc3bc9e8000-7fc3bc9e9000 rw-p 00070000 08:02 272168                     /usr/lib/x86_64-linux-gnu/libGL.so.1.2.0
7fc3bc9e9000-7fc3bc9ea000 rw-p 00000000 00:00 0 
7fc3bc9ea000-7fc3bc9ef000 r-xp 00000000 08:02 270552                     /usr/lib/x86_64-linux-gnu/libXxf86vm.so.1.0.0
7fc3bc9ef000-7fc3bcbee000 ---p 00005000 08:02 270552                     /usr/lib/x86_64-linux-gnu/libXxf86vm.so.1.0.0
7fc3bcbee000-7fc3bcbef000 r--p 00004000 08:02 270552                     /usr/lib/x86_64-linux-gnu/libXxf86vm.so.1.0.0
7fc3bcbef000-7fc3bcbf0000 rw-p 00005000 08:02 270552                     /usr/lib/x86_64-linux-gnu/libXxf86vm.so.1.0.0
7fc3bcbf0000-7fc3bcd2a000 r-xp 00000000 08:02 270534                     /usr/lib/x86_64-linux-gnu/libX11.so.6.3.0
7fc3bcd2a000-7fc3bcf2a000 ---p 0013a000 08:02 270534                     /usr/lib/x86_64-linux-gnu/libX11.so.6.3.0
7fc3bcf2a000-7fc3bcf2b000 r--p 0013a000 08:02 270534                     /usr/lib/x86_64-linux-gnu/libX11.so.6.3.0
7fc3bcf2b000-7fc3bcf30000 rw-p 0013b000 08:02 270534                     /usr/lib/x86_64-linux-gnu/libX11.so.6.3.0
7fc3bcf30000-7fc3bcf35000 r-xp 00000000 08:02 273883                     /usr/lib/x86_64-linux-gnu/libXtst.so.6.1.0
7fc3bcf35000-7fc3bd134000 ---p 00005000 08:02 273883                     /usr/lib/x86_64-linux-gnu/libXtst.so.6.1.0
7fc3bd134000-7fc3bd135000 r--p 00004000 08:02 273883                     /usr/lib/x86_64-linux-gnu/libXtst.so.6.1.0
7fc3bd135000-7fc3bd136000 rw-p 00005000 08:02 273883                     /usr/lib/x86_64-linux-gnu/libXtst.so.6.1.0
7fc3bd136000-7fc3bd248000 r-xp 00000000 08:02 396484                     /lib/x86_64-linux-gnu/libglib-2.0.so.0.5000.3
7fc3bd248000-7fc3bd447000 ---p 00112000 08:02 396484                     /lib/x86_64-linux-gnu/libglib-2.0.so.0.5000.3
7fc3bd447000-7fc3bd448000 r--p 00111000 08:02 396484                     /lib/x86_64-linux-gnu/libglib-2.0.so.0.5000.3
7fc3bd448000-7fc3bd449000 rw-p 00112000 08:02 396484                     /lib/x86_64-linux-gnu/libglib-2.0.so.0.5000.3
7fc3bd449000-7fc3bd44a000 rw-p 00000000 00:00 0 
7fc3bd44a000-7fc3bd44b000 r-xp 00000000 08:02 270882                     /usr/lib/x86_64-linux-gnu/libgthread-2.0.so.0.5000.3
7fc3bd44b000-7fc3bd64a000 ---p 00001000 08:02 270882                     /usr/lib/x86_64-linux-gnu/libgthread-2.0.so.0.5000.3
7fc3bd64a000-7fc3bd64b000 r--p 00000000 08:02 270882                     /usr/lib/x86_64-linux-gnu/libgthread-2.0.so.0.5000.3
7fc3bd64b000-7fc3bd64c000 rw-p 00001000 08:02 270882                     /usr/lib/x86_64-linux-gnu/libgthread-2.0.so.0.5000.3
7fc3bd64c000-7fc3bd6f4000 r-xp 00000000 08:02 271054                     /usr/lib/x86_64-linux-gnu/libfreetype.so.6.12.3
7fc3bd6f4000-7fc3bd8f4000 ---p 000a8000 08:02 271054                     /usr/lib/x86_64-linux-gnu/libfreetype.so.6.12.3
7fc3bd8f4000-7fc3bd8fa000 r--p 000a8000 08:02 271054                     /usr/lib/x86_64-linux-gnu/libfreetype.so.6.12.3
7fc3bd8fa000-7fc3bd8fb000 rw-p 000ae000 08:02 271054                     /usr/lib/x86_64-linux-gnu/libfreetype.so.6.12.3
7fc3bd8fb000-7fc3bd937000 r-xp 00000000 08:02 271058                     /usr/lib/x86_64-linux-gnu/libfontconfig.so.1.8.0
7fc3bd937000-7fc3bdb36000 ---p 0003c000 08:02 271058                     /usr/lib/x86_64-linux-gnu/libfontconfig.so.1.8.0
7fc3bdb36000-7fc3bdb38000 r--p 0003b000 08:02 271058                     /usr/lib/x86_64-linux-gnu/libfontconfig.so.1.8.0
7fc3bdb38000-7fc3bdb39000 rw-p 0003d000 08:02 271058                     /usr/lib/x86_64-linux-gnu/libfontconfig.so.1.8.0
7fc3bdb39000-7fc3bdb8b000 r-xp 00000000 08:02 270881                     /usr/lib/x86_64-linux-gnu/libgobject-2.0.so.0.5000.3
7fc3bdb8b000-7fc3bdd8a000 ---p 00052000 08:02 270881                     /usr/lib/x86_64-linux-gnu/libgobject-2.0.so.0.5000.3
7fc3bdd8a000-7fc3bdd8b000 r--p 00051000 08:02 270881                     /usr/lib/x86_64-linux-gnu/libgobject-2.0.so.0.5000.3
7fc3bdd8b000-7fc3bdd8c000 rw-p 00052000 08:02 270881                     /usr/lib/x86_64-linux-gnu/libgobject-2.0.so.0.5000.3
7fc3bdd8c000-7fc3bddd5000 r-xp 00000000 08:02 271093                     /usr/lib/x86_64-linux-gnu/libpango-1.0.so.0.4000.5
7fc3bddd5000-7fc3bdfd4000 ---p 00049000 08:02 271093                     /usr/lib/x86_64-linux-gnu/libpango-1.0.so.0.4000.5
7fc3bdfd4000-7fc3bdfd7000 r--p 00048000 08:02 271093                     /usr/lib/x86_64-linux-gnu/libpango-1.0.so.0.4000.5
7fc3bdfd7000-7fc3bdfd8000 rw-p 0004b000 08:02 271093                     /usr/lib/x86_64-linux-gnu/libpango-1.0.so.0.4000.5
7fc3bdfd8000-7fc3bdfec000 r-xp 00000000 08:02 271101                     /usr/lib/x86_64-linux-gnu/libpangoft2-1.0.so.0.4000.5
7fc3bdfec000-7fc3be1ec000 ---p 00014000 08:02 271101                     /usr/lib/x86_64-linux-gnu/libpangoft2-1.0.so.0.4000.5
7fc3be1ec000-7fc3be1ed000 r--p 00014000 08:02 271101                     /usr/lib/x86_64-linux-gnu/libpangoft2-1.0.so.0.4000.5
7fc3be1ed000-7fc3be1ee000 rw-p 00015000 08:02 271101                     /usr/lib/x86_64-linux-gnu/libpangoft2-1.0.so.0.4000.5
7fc3be1ee000-7fc3be37b000 r-xp 00000000 08:02 270879                     /usr/lib/x86_64-linux-gnu/libgio-2.0.so.0.5000.3
7fc3be37b000-7fc3be57b000 ---p 0018d000 08:02 270879                     /usr/lib/x86_64-linux-gnu/libgio-2.0.so.0.5000.3
7fc3be57b000-7fc3be580000 r--p 0018d000 08:02 270879                     /usr/lib/x86_64-linux-gnu/libgio-2.0.so.0.5000.3
7fc3be580000-7fc3be583000 rw-p 00192000 08:02 270879                     /usr/lib/x86_64-linux-gnu/libgio-2.0.so.0.5000.3
7fc3be583000-7fc3be584000 rw-p 00000000 00:00 0 
7fc3be584000-7fc3be5a6000 r-xp 00000000 08:02 262871                     /usr/lib/x86_64-linux-gnu/libgdk_pixbuf-2.0.so.0.3600.5
7fc3be5a6000-7fc3be7a6000 ---p 00022000 08:02 262871                     /usr/lib/x86_64-linux-gnu/libgdk_pixbuf-2.0.so.0.3600.5
7fc3be7a6000-7fc3be7a7000 r--p 00022000 08:02 262871                     /usr/lib/x86_64-linux-gnu/libgdk_pixbuf-2.0.so.0.3600.5
7fc3be7a7000-7fc3be7a8000 rw-p 00023000 08:02 262871                     /usr/lib/x86_64-linux-gnu/libgdk_pixbuf-2.0.so.0.3600.5
7fc3be7a8000-7fc3be8b6000 r-xp 00000000 08:02 271067                     /usr/lib/x86_64-linux-gnu/libcairo.so.2.11400.8
7fc3be8b6000-7fc3beab6000 ---p 0010e000 08:02 271067                     /usr/lib/x86_64-linux-gnu/libcairo.so.2.11400.8
7fc3beab6000-7fc3beab9000 r--p 0010e000 08:02 271067                     /usr/lib/x86_64-linux-gnu/libcairo.so.2.11400.8
7fc3beab9000-7fc3beaba000 rw-p 00111000 08:02 271067                     /usr/lib/x86_64-linux-gnu/libcairo.so.2.11400.8
7fc3beaba000-7fc3beabc000 rw-p 00000000 00:00 0 
7fc3beabc000-7fc3beadf000 r-xp 00000000 08:02 272517                     /usr/lib/x86_64-linux-gnu/libatk-1.0.so.0.22209.1
7fc3beadf000-7fc3becde000 ---p 00023000 08:02 272517                     /usr/lib/x86_64-linux-gnu/libatk-1.0.so.0.22209.1
7fc3becde000-7fc3bece1000 r--p 00022000 08:02 272517                     /usr/lib/x86_64-linux-gnu/libatk-1.0.so.0.22209.1
7fc3bece1000-7fc3bece2000 rw-p 00025000 08:02 272517                     /usr/lib/x86_64-linux-gnu/libatk-1.0.so.0.22209.1
7fc3bece2000-7fc3becee000 r-xp 00000000 08:02 271103                     /usr/lib/x86_64-linux-gnu/libpangocairo-1.0.so.0.4000.5
7fc3becee000-7fc3beeed000 ---p 0000c000 08:02 271103                     /usr/lib/x86_64-linux-gnu/libpangocairo-1.0.so.0.4000.5
7fc3beeed000-7fc3beeee000 r--p 0000b000 08:02 271103                     /usr/lib/x86_64-linux-gnu/libpangocairo-1.0.so.0.4000.5
7fc3beeee000-7fc3beeef000 rw-p 0000c000 08:02 271103                     /usr/lib/x86_64-linux-gnu/libpangocairo-1.0.so.0.4000.5
7fc3beeef000-7fc3bef9f000 r-xp 00000000 08:02 274042                     /usr/lib/x86_64-linux-gnu/libgdk-x11-2.0.so.0.2400.31
7fc3bef9f000-7fc3bf19e000 ---p 000b0000 08:02 274042                     /usr/lib/x86_64-linux-gnu/libgdk-x11-2.0.so.0.2400.31
7fc3bf19e000-7fc3bf1a2000 r--p 000af000 08:02 274042                     /usr/lib/x86_64-linux-gnu/libgdk-x11-2.0.so.0.2400.31
7fc3bf1a2000-7fc3bf1a4000 rw-p 000b3000 08:02 274042                     /usr/lib/x86_64-linux-gnu/libgdk-x11-2.0.so.0.2400.31
7fc3bf1a4000-7fc3bf5e0000 r-xp 00000000 08:02 274043                     /usr/lib/x86_64-linux-gnu/libgtk-x11-2.0.so.0.2400.31
7fc3bf5e0000-7fc3bf7df000 ---p 0043c000 08:02 274043                     /usr/lib/x86_64-linux-gnu/libgtk-x11-2.0.so.0.2400.31
7fc3bf7df000-7fc3bf7e6000 r--p 0043b000 08:02 274043                     /usr/lib/x86_64-linux-gnu/libgtk-x11-2.0.so.0.2400.31
7fc3bf7e6000-7fc3bf7ea000 rw-p 00442000 08:02 274043                     /usr/lib/x86_64-linux-gnu/libgtk-x11-2.0.so.0.2400.31
7fc3bf7ea000-7fc3bf7ed000 rw-p 00000000 00:00 0 
7fc3bf7ed000-7fc3bf7f9000 r-xp 00000000 08:02 794628                     /usr/lib/jvm/java-8-openjdk-amd64/jre/lib/amd64/libprism_es2.so
7fc3bf7f9000-7fc3bf9f8000 ---p 0000c000 08:02 794628                     /usr/lib/jvm/java-8-openjdk-amd64/jre/lib/amd64/libprism_es2.so
7fc3bf9f8000-7fc3bf9f9000 r--p 0000b000 08:02 794628                     /usr/lib/jvm/java-8-openjdk-amd64/jre/lib/amd64/libprism_es2.so
7fc3bf9f9000-7fc3bf9fa000 rw-p 0000c000 08:02 794628                     /usr/lib/jvm/java-8-openjdk-amd64/jre/lib/amd64/libprism_es2.so
7fc3bf9fa000-7fc3bf9fd000 ---p 00000000 00:00 0 
7fc3bf9fd000-7fc3bfafb000 rw-p 00000000 00:00 0 
7fc3bfafb000-7fc3bfafc000 ---p 00000000 00:00 0 
7fc3bfafc000-7fc3bfbfc000 rw-p 00000000 00:00 0 
7fc3bfbfc000-7fc3bfbff000 ---p 00000000 00:00 0 
7fc3bfbff000-7fc3bfcfd000 rw-p 00000000 00:00 0 
7fc3bfcfd000-7fc3bfd00000 ---p 00000000 00:00 0 
7fc3bfd00000-7fc3bfdfe000 rw-p 00000000 00:00 0 
7fc3bfdfe000-7fc3bfe01000 ---p 00000000 00:00 0 
7fc3bfe01000-7fc3bfeff000 rw-p 00000000 00:00 0 
7fc3bfeff000-7fc3bff02000 ---p 00000000 00:00 0 
7fc3bff02000-7fc3c0000000 rw-p 00000000 00:00 0 
7fc3c0000000-7fc3c0021000 rw-p 00000000 00:00 0 
7fc3c0021000-7fc3c4000000 ---p 00000000 00:00 0 
7fc3c4000000-7fc3c4021000 rw-p 00000000 00:00 0 
7fc3c4021000-7fc3c8000000 ---p 00000000 00:00 0 
7fc3c8000000-7fc3c8021000 rw-p 00000000 00:00 0 
7fc3c8021000-7fc3cc000000 ---p 00000000 00:00 0 
7fc3cc000000-7fc3cc021000 rw-p 00000000 00:00 0 
7fc3cc021000-7fc3d0000000 ---p 00000000 00:00 0 
7fc3d0000000-7fc3d0021000 rw-p 00000000 00:00 0 
7fc3d0021000-7fc3d4000000 ---p 00000000 00:00 0 
7fc3d4006000-7fc3d4007000 rw-s 00000000 00:05 190595                     /drm mm object (deleted)
7fc3d4007000-7fc3d4009000 rw-s 108dbe000 00:06 11543                     /dev/dri/card0
7fc3d4009000-7fc3d4019000 rw-s 00000000 00:05 186253                     /drm mm object (deleted)
7fc3d4019000-7fc3d4021000 rw-s 00000000 00:05 186252                     /drm mm object (deleted)
7fc3d4021000-7fc3d4031000 rw-s 00000000 00:05 186251                     /drm mm object (deleted)
7fc3d4031000-7fc3d403d000 rw-s 00000000 00:05 189842                     /drm mm object (deleted)
7fc3d403d000-7fc3d4050000 r--s 00346000 08:02 801720                     /usr/lib/jvm/java-8-openjdk-amd64/jre/lib/resources.jar
7fc3d4050000-7fc3d4079000 r--p 00000000 08:05 49                         /tmp/+JXF6336426003980988033.tmp
7fc3d4079000-7fc3d407e000 r--s 0009a000 08:02 801716                     /usr/lib/jvm/java-8-openjdk-amd64/jre/lib/jsse.jar
7fc3d407e000-7fc3d4085000 r--s 00000000 08:03 391235                     /var/cache/fontconfig/4be9850f182b35c1350b6bbf2e42601c-le64.cache-4
7fc3d4085000-7fc3d4088000 ---p 00000000 00:00 0 
7fc3d4088000-7fc3d4186000 rw-p 00000000 00:00 0 
7fc3d4186000-7fc3d4189000 ---p 00000000 00:00 0 
7fc3d4189000-7fc3d4287000 rw-p 00000000 00:00 0 
7fc3d4287000-7fc3d4422000 r--p 00000000 08:02 261415                     /usr/lib/locale/locale-archive
7fc3d4422000-7fc3d4425000 ---p 00000000 00:00 0 
7fc3d4425000-7fc3d4523000 rw-p 00000000 00:00 0 
7fc3d4523000-7fc3d4526000 ---p 00000000 00:00 0 
7fc3d4526000-7fc3d4624000 rw-p 00000000 00:00 0 
7fc3d4624000-7fc3d4625000 ---p 00000000 00:00 0 
7fc3d4625000-7fc3d5230000 rw-p 00000000 00:00 0 
7fc3d5230000-7fc3d8000000 rw-p 00000000 00:00 0 
7fc3d8000000-7fc3d8021000 rw-p 00000000 00:00 0 
7fc3d8021000-7fc3dc000000 ---p 00000000 00:00 0 
7fc3dc000000-7fc3dc021000 rw-p 00000000 00:00 0 
7fc3dc021000-7fc3e0000000 ---p 00000000 00:00 0 
7fc3e0000000-7fc3e0021000 rw-p 00000000 00:00 0 
7fc3e0021000-7fc3e4000000 ---p 00000000 00:00 0 
7fc3e4000000-7fc3e4021000 rw-p 00000000 00:00 0 
7fc3e4021000-7fc3e8000000 ---p 00000000 00:00 0 
7fc3e8000000-7fc3e8021000 rw-p 00000000 00:00 0 
7fc3e8021000-7fc3ec000000 ---p 00000000 00:00 0 
7fc3ec000000-7fc3ec021000 rw-p 00000000 00:00 0 
7fc3ec021000-7fc3f0000000 ---p 00000000 00:00 0 
7fc3f0000000-7fc3f0021000 rw-p 00000000 00:00 0 
7fc3f0021000-7fc3f4000000 ---p 00000000 00:00 0 
7fc3f4000000-7fc3f4001000 rw-s 00000000 00:05 190594                     /drm mm object (deleted)
7fc3f4001000-7fc3f4004000 r--s 00015000 08:02 801714                     /usr/lib/jvm/java-8-openjdk-amd64/jre/lib/jce.jar
7fc3f4004000-7fc3f400f000 r--s 00000000 08:03 392638                     /var/cache/fontconfig/945677eb7aeaf62f1d50efc3fb3ec7d8-le64.cache-4
7fc3f400f000-7fc3f4013000 r--s 00000000 08:03 399368                     /var/cache/fontconfig/de156ccd2eddbdc19d37a45b8b2aac9c-le64.cache-4
7fc3f4013000-7fc3f403c000 r--s 00000000 08:03 391233                     /var/cache/fontconfig/0bd3dc0958fa2205aaaa8ebb13e2872b-le64.cache-4
7fc3f403c000-7fc3f4040000 r--s 00000000 08:03 399306                     /var/cache/fontconfig/c57959a16110560c8d0fcea73374aeeb-le64.cache-4
7fc3f4040000-7fc3f4048000 r--s 00000000 08:03 391054                     /var/cache/fontconfig/bf3b770c553c462765856025a94f1ce6-le64.cache-4
7fc3f4048000-7fc3f405b000 r--s 00000000 08:03 399514                     /var/cache/fontconfig/d52a8644073d54c13679302ca1180695-le64.cache-4
7fc3f405b000-7fc3f40f1000 r--s 007ce000 08:02 784032                     /usr/share/java/openjfx/jre/lib/ext/jfxrt.jar
7fc3f40f1000-7fc3f5000000 rw-p 00000000 00:00 0 
7fc3f5000000-7fc3f58f0000 rwxp 00000000 00:00 0 
7fc3f58f0000-7fc404000000 ---p 00000000 00:00 0 
7fc404000000-7fc404487000 rw-p 00000000 00:00 0 
7fc404487000-7fc408000000 ---p 00000000 00:00 0 
7fc408000000-7fc408001000 rw-s 00000000 00:05 181158                     /drm mm object (deleted)
7fc408001000-7fc408007000 r--s 00000000 08:03 392656                     /var/cache/fontconfig/3047814df9a2f067bd2d96a2b9c36e5a-le64.cache-4
7fc408007000-7fc408008000 r--s 00000000 08:03 392653                     /var/cache/fontconfig/3f7329c5293ffd510edef78f73874cfd-le64.cache-4
7fc408008000-7fc408014000 r--s 00000000 08:03 392652                     /var/cache/fontconfig/d589a48862398ed80a3d6066f4f56f4c-le64.cache-4
7fc408014000-7fc408016000 r--s 00000000 08:03 392636                     /var/cache/fontconfig/62f91419b9ebdb6975e7e41ab6412357-le64.cache-4
7fc408016000-7fc408019000 r--s 00000000 08:03 392640                     /var/cache/fontconfig/e13b20fdb08344e0e664864cc2ede53d-le64.cache-4
7fc408019000-7fc40802e000 r--s 00233000 08:06 17964823                   /home/umedzhon/NetBeansProjects/Library-Assistant-master/dist/run948986370/lib/jfoenix.jar
7fc40802e000-7fc408033000 r--s 00034000 08:06 17964822                   /home/umedzhon/NetBeansProjects/Library-Assistant-master/dist/run948986370/lib/gson-2.8.1.jar
7fc408033000-7fc408035000 r--s 00004000 08:06 17964820                   /home/umedzhon/NetBeansProjects/Library-Assistant-master/dist/run948986370/lib/fontawesomefx-commons-8.15.jar
7fc408035000-7fc40803c000 r--s 0008a000 08:06 17964819                   /home/umedzhon/NetBeansProjects/Library-Assistant-master/dist/run948986370/lib/derbyclient.jar
7fc40803c000-7fc40806b000 r--s 002e5000 08:06 17964818                   /home/umedzhon/NetBeansProjects/Library-Assistant-master/dist/run948986370/lib/derby.jar
7fc40806b000-7fc408073000 rw-s 00000000 00:05 189841                     /drm mm object (deleted)
7fc408073000-7fc40807b000 rw-s 00000000 00:05 189830                     /drm mm object (deleted)
7fc40807b000-7fc408083000 rw-s 00000000 00:05 189816                     /drm mm object (deleted)
7fc408083000-7fc40808b000 rw-s 00000000 00:05 189811                     /drm mm object (deleted)
7fc40808b000-7fc4080a6000 r--s 001d6000 08:02 801700                     /usr/lib/jvm/java-8-openjdk-amd64/jre/lib/ext/nashorn.jar
7fc4080a6000-7fc4080c1000 r--s 00394000 08:02 801695                     /usr/lib/jvm/java-8-openjdk-amd64/jre/lib/ext/cldrdata.jar
7fc4080c1000-7fc4081c2000 rw-p 00000000 00:00 0 
7fc4081c2000-7fc408391000 r--s 03c21000 08:02 801721                     /usr/lib/jvm/java-8-openjdk-amd64/jre/lib/rt.jar
7fc408391000-7fc408407000 rw-p 00000000 00:00 0 
7fc408407000-7fc408ee4000 rw-p 00000000 00:00 0 
7fc408ee4000-7fc408ee5000 ---p 00000000 00:00 0 
7fc408ee5000-7fc408fe5000 rw-p 00000000 00:00 0 
7fc408fe5000-7fc408fe6000 ---p 00000000 00:00 0 
7fc408fe6000-7fc4090e6000 rw-p 00000000 00:00 0 
7fc4090e6000-7fc4090e7000 ---p 00000000 00:00 0 
7fc4090e7000-7fc4091e7000 rw-p 00000000 00:00 0 
7fc4091e7000-7fc4091e8000 ---p 00000000 00:00 0 
7fc4091e8000-7fc4092e8000 rw-p 00000000 00:00 0 
7fc4092e8000-7fc4092e9000 ---p 00000000 00:00 0 
7fc4092e9000-7fc4093e9000 rw-p 00000000 00:00 0 
7fc4093e9000-7fc4093ea000 ---p 00000000 00:00 0 
7fc4093ea000-7fc4094ea000 rw-p 00000000 00:00 0 
7fc4094ea000-7fc4094eb000 ---p 00000000 00:00 0 
7fc4094eb000-7fc4095eb000 rw-p 00000000 00:00 0 
7fc4095eb000-7fc4095ec000 ---p 00000000 00:00 0 
7fc4095ec000-7fc4096ec000 rw-p 00000000 00:00 0 
7fc4096ec000-7fc409706000 rw-p 00000000 00:00 0 
7fc409706000-7fc40970b000 ---p 00000000 00:00 0 
7fc40970b000-7fc4098d5000 ---p 00000000 00:00 0 
7fc4098d5000-7fc4098ef000 rw-p 00000000 00:00 0 
7fc4098ef000-7fc4098f4000 ---p 00000000 00:00 0 
7fc4098f4000-7fc409abd000 ---p 00000000 00:00 0 
7fc409abd000-7fc409ad9000 rw-p 00000000 00:00 0 
7fc409ad9000-7fc409bb2000 ---p 00000000 00:00 0 
7fc409bb2000-7fc409bd7000 rw-p 00000000 00:00 0 
7fc409bd7000-7fc409f73000 ---p 00000000 00:00 0 
7fc409f73000-7fc409f7b000 r-xp 00000000 08:02 801684                     /usr/lib/jvm/java-8-openjdk-amd64/jre/lib/amd64/libzip.so
7fc409f7b000-7fc40a17a000 ---p 00008000 08:02 801684                     /usr/lib/jvm/java-8-openjdk-amd64/jre/lib/amd64/libzip.so
7fc40a17a000-7fc40a17b000 r--p 00007000 08:02 801684                     /usr/lib/jvm/java-8-openjdk-amd64/jre/lib/amd64/libzip.so
7fc40a17b000-7fc40a17c000 rw-p 00008000 08:02 801684                     /usr/lib/jvm/java-8-openjdk-amd64/jre/lib/amd64/libzip.so
7fc40a17c000-7fc40a186000 r-xp 00000000 08:02 391698                     /lib/x86_64-linux-gnu/libnss_files-2.24.so
7fc40a186000-7fc40a386000 ---p 0000a000 08:02 391698                     /lib/x86_64-linux-gnu/libnss_files-2.24.so
7fc40a386000-7fc40a387000 r--p 0000a000 08:02 391698                     /lib/x86_64-linux-gnu/libnss_files-2.24.so
7fc40a387000-7fc40a388000 rw-p 0000b000 08:02 391698                     /lib/x86_64-linux-gnu/libnss_files-2.24.so
7fc40a388000-7fc40a38e000 rw-p 00000000 00:00 0 
7fc40a38e000-7fc40a399000 r-xp 00000000 08:02 391700                     /lib/x86_64-linux-gnu/libnss_nis-2.24.so
7fc40a399000-7fc40a598000 ---p 0000b000 08:02 391700                     /lib/x86_64-linux-gnu/libnss_nis-2.24.so
7fc40a598000-7fc40a599000 r--p 0000a000 08:02 391700                     /lib/x86_64-linux-gnu/libnss_nis-2.24.so
7fc40a599000-7fc40a59a000 rw-p 0000b000 08:02 391700                     /lib/x86_64-linux-gnu/libnss_nis-2.24.so
7fc40a59a000-7fc40a5ae000 r-xp 00000000 08:02 391695                     /lib/x86_64-linux-gnu/libnsl-2.24.so
7fc40a5ae000-7fc40a7ae000 ---p 00014000 08:02 391695                     /lib/x86_64-linux-gnu/libnsl-2.24.so
7fc40a7ae000-7fc40a7af000 r--p 00014000 08:02 391695                     /lib/x86_64-linux-gnu/libnsl-2.24.so
7fc40a7af000-7fc40a7b0000 rw-p 00015000 08:02 391695                     /lib/x86_64-linux-gnu/libnsl-2.24.so
7fc40a7b0000-7fc40a7b2000 rw-p 00000000 00:00 0 
7fc40a7b2000-7fc40a7b9000 r-xp 00000000 08:02 391696                     /lib/x86_64-linux-gnu/libnss_compat-2.24.so
7fc40a7b9000-7fc40a9b8000 ---p 00007000 08:02 391696                     /lib/x86_64-linux-gnu/libnss_compat-2.24.so
7fc40a9b8000-7fc40a9b9000 r--p 00006000 08:02 391696                     /lib/x86_64-linux-gnu/libnss_compat-2.24.so
7fc40a9b9000-7fc40a9ba000 rw-p 00007000 08:02 391696                     /lib/x86_64-linux-gnu/libnss_compat-2.24.so
7fc40a9ba000-7fc40a9e7000 r-xp 00000000 08:02 801661                     /usr/lib/jvm/java-8-openjdk-amd64/jre/lib/amd64/libjava.so
7fc40a9e7000-7fc40abe6000 ---p 0002d000 08:02 801661                     /usr/lib/jvm/java-8-openjdk-amd64/jre/lib/amd64/libjava.so
7fc40abe6000-7fc40abe7000 r--p 0002c000 08:02 801661                     /usr/lib/jvm/java-8-openjdk-amd64/jre/lib/amd64/libjava.so
7fc40abe7000-7fc40abe9000 rw-p 0002d000 08:02 801661                     /usr/lib/jvm/java-8-openjdk-amd64/jre/lib/amd64/libjava.so
7fc40abe9000-7fc40abf8000 r-xp 00000000 08:02 801683                     /usr/lib/jvm/java-8-openjdk-amd64/jre/lib/amd64/libverify.so
7fc40abf8000-7fc40adf8000 ---p 0000f000 08:02 801683                     /usr/lib/jvm/java-8-openjdk-amd64/jre/lib/amd64/libverify.so
7fc40adf8000-7fc40adfa000 r--p 0000f000 08:02 801683                     /usr/lib/jvm/java-8-openjdk-amd64/jre/lib/amd64/libverify.so
7fc40adfa000-7fc40adfb000 rw-p 00011000 08:02 801683                     /usr/lib/jvm/java-8-openjdk-amd64/jre/lib/amd64/libverify.so
7fc40adfb000-7fc40ae02000 r-xp 00000000 08:02 391705                     /lib/x86_64-linux-gnu/librt-2.24.so
7fc40ae02000-7fc40b001000 ---p 00007000 08:02 391705                     /lib/x86_64-linux-gnu/librt-2.24.so
7fc40b001000-7fc40b002000 r--p 00006000 08:02 391705                     /lib/x86_64-linux-gnu/librt-2.24.so
7fc40b002000-7fc40b003000 rw-p 00007000 08:02 391705                     /lib/x86_64-linux-gnu/librt-2.24.so
7fc40b003000-7fc40b019000 r-xp 00000000 08:02 391684                     /lib/x86_64-linux-gnu/libgcc_s.so.1
7fc40b019000-7fc40b218000 ---p 00016000 08:02 391684                     /lib/x86_64-linux-gnu/libgcc_s.so.1
7fc40b218000-7fc40b219000 r--p 00015000 08:02 391684                     /lib/x86_64-linux-gnu/libgcc_s.so.1
7fc40b219000-7fc40b21a000 rw-p 00016000 08:02 391684                     /lib/x86_64-linux-gnu/libgcc_s.so.1
7fc40b21a000-7fc40b31d000 r-xp 00000000 08:02 391692                     /lib/x86_64-linux-gnu/libm-2.24.so
7fc40b31d000-7fc40b51c000 ---p 00103000 08:02 391692                     /lib/x86_64-linux-gnu/libm-2.24.so
7fc40b51c000-7fc40b51d000 r--p 00102000 08:02 391692                     /lib/x86_64-linux-gnu/libm-2.24.so
7fc40b51d000-7fc40b51e000 rw-p 00103000 08:02 391692                     /lib/x86_64-linux-gnu/libm-2.24.so
7fc40b51e000-7fc40b690000 r-xp 00000000 08:02 266041                     /usr/lib/x86_64-linux-gnu/libstdc++.so.6.0.22
7fc40b690000-7fc40b890000 ---p 00172000 08:02 266041                     /usr/lib/x86_64-linux-gnu/libstdc++.so.6.0.22
7fc40b890000-7fc40b89a000 r--p 00172000 08:02 266041                     /usr/lib/x86_64-linux-gnu/libstdc++.so.6.0.22
7fc40b89a000-7fc40b89c000 rw-p 0017c000 08:02 266041                     /usr/lib/x86_64-linux-gnu/libstdc++.so.6.0.22
7fc40b89c000-7fc40b8a0000 rw-p 00000000 00:00 0 
7fc40b8a0000-7fc40c4f4000 r-xp 00000000 08:02 801686                     /usr/lib/jvm/java-8-openjdk-amd64/jre/lib/amd64/server/libjvm.so
7fc40c4f4000-7fc40c6f3000 ---p 00c54000 08:02 801686                     /usr/lib/jvm/java-8-openjdk-amd64/jre/lib/amd64/server/libjvm.so
7fc40c6f3000-7fc40c786000 r--p 00c53000 08:02 801686                     /usr/lib/jvm/java-8-openjdk-amd64/jre/lib/amd64/server/libjvm.so
7fc40c786000-7fc40c7af000 rw-p 00ce6000 08:02 801686                     /usr/lib/jvm/java-8-openjdk-amd64/jre/lib/amd64/server/libjvm.so
7fc40c7af000-7fc40c7df000 rw-p 00000000 00:00 0 
7fc40c7df000-7fc40c974000 r-xp 00000000 08:02 391688                     /lib/x86_64-linux-gnu/libc-2.24.so
7fc40c974000-7fc40cb74000 ---p 00195000 08:02 391688                     /lib/x86_64-linux-gnu/libc-2.24.so
7fc40cb74000-7fc40cb78000 r--p 00195000 08:02 391688                     /lib/x86_64-linux-gnu/libc-2.24.so
7fc40cb78000-7fc40cb7a000 rw-p 00199000 08:02 391688                     /lib/x86_64-linux-gnu/libc-2.24.so
7fc40cb7a000-7fc40cb7e000 rw-p 00000000 00:00 0 
7fc40cb7e000-7fc40cb81000 r-xp 00000000 08:02 391691                     /lib/x86_64-linux-gnu/libdl-2.24.so
7fc40cb81000-7fc40cd80000 ---p 00003000 08:02 391691                     /lib/x86_64-linux-gnu/libdl-2.24.so
7fc40cd80000-7fc40cd81000 r--p 00002000 08:02 391691                     /lib/x86_64-linux-gnu/libdl-2.24.so
7fc40cd81000-7fc40cd82000 rw-p 00003000 08:02 391691                     /lib/x86_64-linux-gnu/libdl-2.24.so
7fc40cd82000-7fc40cd8f000 r-xp 00000000 08:02 801644                     /usr/lib/jvm/java-8-openjdk-amd64/jre/lib/amd64/jli/libjli.so
7fc40cd8f000-7fc40cf8f000 ---p 0000d000 08:02 801644                     /usr/lib/jvm/java-8-openjdk-amd64/jre/lib/amd64/jli/libjli.so
7fc40cf8f000-7fc40cf90000 r--p 0000d000 08:02 801644                     /usr/lib/jvm/java-8-openjdk-amd64/jre/lib/amd64/jli/libjli.so
7fc40cf90000-7fc40cf91000 rw-p 0000e000 08:02 801644                     /usr/lib/jvm/java-8-openjdk-amd64/jre/lib/amd64/jli/libjli.so
7fc40cf91000-7fc40cfaa000 r-xp 00000000 08:02 391770                     /lib/x86_64-linux-gnu/libz.so.1.2.8
7fc40cfaa000-7fc40d1a9000 ---p 00019000 08:02 391770                     /lib/x86_64-linux-gnu/libz.so.1.2.8
7fc40d1a9000-7fc40d1aa000 r--p 00018000 08:02 391770                     /lib/x86_64-linux-gnu/libz.so.1.2.8
7fc40d1aa000-7fc40d1ab000 rw-p 00019000 08:02 391770                     /lib/x86_64-linux-gnu/libz.so.1.2.8
7fc40d1ab000-7fc40d1c3000 r-xp 00000000 08:02 391703                     /lib/x86_64-linux-gnu/libpthread-2.24.so
7fc40d1c3000-7fc40d3c2000 ---p 00018000 08:02 391703                     /lib/x86_64-linux-gnu/libpthread-2.24.so
7fc40d3c2000-7fc40d3c3000 r--p 00017000 08:02 391703                     /lib/x86_64-linux-gnu/libpthread-2.24.so
7fc40d3c3000-7fc40d3c4000 rw-p 00018000 08:02 391703                     /lib/x86_64-linux-gnu/libpthread-2.24.so
7fc40d3c4000-7fc40d3c8000 rw-p 00000000 00:00 0 
7fc40d3c8000-7fc40d3eb000 r-xp 00000000 08:02 391683                     /lib/x86_64-linux-gnu/ld-2.24.so
7fc40d3eb000-7fc40d3ec000 r--s 00021000 08:06 17964821                   /home/umedzhon/NetBeansProjects/Library-Assistant-master/dist/run948986370/lib/fontawesomefx-fontawesome-4.7.0-5.jar
7fc40d3ec000-7fc40d3ee000 r--s 0000d000 08:06 17964817                   /home/umedzhon/NetBeansProjects/Library-Assistant-master/dist/run948986370/lib/commons-codec-1.4.jar
7fc40d3ee000-7fc40d3ef000 rw-s 00000000 00:05 181157                     /drm mm object (deleted)
7fc40d3ef000-7fc40d3f0000 rw-s 00000000 00:05 189813                     /drm mm object (deleted)
7fc40d3f1000-7fc40d3f4000 r--s 00017000 08:06 17964815                   /home/umedzhon/NetBeansProjects/Library-Assistant-master/dist/run948986370/Library Assistant.jar
7fc40d3f4000-7fc40d3f6000 r--s 00007000 08:02 657657                     /usr/share/java/java-atk-wrapper.jar
7fc40d3f6000-7fc40d3f7000 r--s 00010000 08:02 801704                     /usr/lib/jvm/java-8-openjdk-amd64/jre/lib/ext/zipfs.jar
7fc40d3f7000-7fc40d3fa000 r--s 0000f000 08:02 801697                     /usr/lib/jvm/java-8-openjdk-amd64/jre/lib/ext/icedtea-sound.jar
7fc40d3fa000-7fc40d400000 r--s 0003a000 08:02 801702                     /usr/lib/jvm/java-8-openjdk-amd64/jre/lib/ext/sunjce_provider.jar
7fc40d400000-7fc40d402000 r--s 00008000 08:02 801701                     /usr/lib/jvm/java-8-openjdk-amd64/jre/lib/ext/sunec.jar
7fc40d402000-7fc40d406000 r--s 00037000 08:02 801703                     /usr/lib/jvm/java-8-openjdk-amd64/jre/lib/ext/sunpkcs11.jar
7fc40d406000-7fc40d410000 r--s 00116000 08:02 801699                     /usr/lib/jvm/java-8-openjdk-amd64/jre/lib/ext/localedata.jar
7fc40d410000-7fc40d412000 r--s 00001000 08:02 801696                     /usr/lib/jvm/java-8-openjdk-amd64/jre/lib/ext/dnsns.jar
7fc40d412000-7fc40d4bb000 rw-p 00000000 00:00 0 
7fc40d4bb000-7fc40d4be000 ---p 00000000 00:00 0 
7fc40d4be000-7fc40d5c0000 rw-p 00000000 00:00 0 
7fc40d5c0000-7fc40d5c1000 r--s 0000a000 08:02 801698                     /usr/lib/jvm/java-8-openjdk-amd64/jre/lib/ext/jaccess.jar
7fc40d5c1000-7fc40d5de000 rw-p 00000000 00:00 0 
7fc40d5de000-7fc40d5e6000 rw-s 00000000 08:05 45                         /tmp/hsperfdata_umedzhon/9014
7fc40d5e6000-7fc40d5e7000 rw-p 00000000 00:00 0 
7fc40d5e7000-7fc40d5e8000 r--p 00000000 00:00 0 
7fc40d5e8000-7fc40d5eb000 rw-p 00000000 00:00 0 
7fc40d5eb000-7fc40d5ec000 r--p 00023000 08:02 391683                     /lib/x86_64-linux-gnu/ld-2.24.so
7fc40d5ec000-7fc40d5ed000 rw-p 00024000 08:02 391683                     /lib/x86_64-linux-gnu/ld-2.24.so
7fc40d5ed000-7fc40d5ee000 rw-p 00000000 00:00 0 
7ffe29524000-7ffe29545000 rw-p 00000000 00:00 0                          [stack]
7ffe295ed000-7ffe295ef000 r--p 00000000 00:00 0                          [vvar]
7ffe295ef000-7ffe295f1000 r-xp 00000000 00:00 0                          [vdso]
ffffffffff600000-ffffffffff601000 r-xp 00000000 00:00 0                  [vsyscall]

VM Arguments:
jvm_args: -Dfile.encoding=UTF-8 
java_command: /home/umedzhon/NetBeansProjects/Library-Assistant-master/dist/run948986370/Library Assistant.jar
java_class_path (initial): /home/umedzhon/NetBeansProjects/Library-Assistant-master/dist/run948986370/Library Assistant.jar
Launcher Type: SUN_STANDARD

Environment Variables:
PATH=/usr/local/bin:/usr/bin:/bin:/usr/local/games:/usr/games:/home/umedzhon/.rvm/bin
USERNAME=umedzhon
LD_LIBRARY_PATH=/usr/lib/jvm/default-java/jre/lib/amd64:/usr/lib/jvm/default-java/jre/lib/i386:
SHELL=/bin/bash
DISPLAY=:0

Signal Handlers:
SIGSEGV: [libjvm.so+0xa6bed0], sa_mask[0]=11111111011111111101111111111110, sa_flags=SA_RESTART|SA_SIGINFO
SIGBUS: [libjvm.so+0xa6bed0], sa_mask[0]=11111111011111111101111111111110, sa_flags=SA_RESTART|SA_SIGINFO
SIGFPE: [libjvm.so+0x8b6390], sa_mask[0]=11111111011111111101111111111110, sa_flags=SA_RESTART|SA_SIGINFO
SIGPIPE: SIG_IGN, sa_mask[0]=00000000000010000000000000000000, sa_flags=SA_RESTART
SIGXFSZ: [libjvm.so+0x8b6390], sa_mask[0]=11111111011111111101111111111110, sa_flags=SA_RESTART|SA_SIGINFO
SIGILL: [libjvm.so+0x8b6390], sa_mask[0]=11111111011111111101111111111110, sa_flags=SA_RESTART|SA_SIGINFO
SIGUSR1: SIG_DFL, sa_mask[0]=00000000000000000000000000000000, sa_flags=none
SIGUSR2: [libjvm.so+0x8b6240], sa_mask[0]=00100000000000000000000000000000, sa_flags=SA_RESTART|SA_SIGINFO
SIGHUP: [libjvm.so+0x8b66f0], sa_mask[0]=11111111011111111101111111111110, sa_flags=SA_RESTART|SA_SIGINFO
SIGINT: SIG_IGN, sa_mask[0]=00000000000000000000000000000000, sa_flags=none
SIGTERM: [libjvm.so+0x8b66f0], sa_mask[0]=11111111011111111101111111111110, sa_flags=SA_RESTART|SA_SIGINFO
SIGQUIT: [libjvm.so+0x8b66f0], sa_mask[0]=11111111011111111101111111111110, sa_flags=SA_RESTART|SA_SIGINFO


---------------  S Y S T E M  ---------------

OS:PRETTY_NAME="Debian GNU/Linux 9 (stretch)"
NAME="Debian GNU/Linux"
VERSION_ID="9"
VERSION="9 (stretch)"
ID=debian
HOME_URL="https://www.debian.org/"
SUPPORT_URL="https://www.debian.org/support"
BUG_REPORT_URL="https://bugs.debian.org/"

uname:Linux 4.9.0-4-amd64 #1 SMP Debian 4.9.65-3 (2017-12-03) x86_64
libc:glibc 2.24 NPTL 2.24 
rlimit: STACK 8192k, CORE 0k, NPROC 22636, NOFILE 1048576, AS infinity
load average:1.01 1.00 0.76

/proc/meminfo:
MemTotal:        6003640 kB
MemFree:          239996 kB
MemAvailable:    1487720 kB
Buffers:          196020 kB
Cached:          1539808 kB
SwapCached:         1044 kB
Active:          4479980 kB
Inactive:         898172 kB
Active(anon):    3474948 kB
Inactive(anon):   556832 kB
Active(file):    1005032 kB
Inactive(file):   341340 kB
Unevictable:         360 kB
Mlocked:             360 kB
SwapTotal:       6179836 kB
SwapFree:        6178644 kB
Dirty:             22436 kB
Writeback:             0 kB
AnonPages:       3642088 kB
Mapped:           576552 kB
Shmem:            389180 kB
Slab:             250632 kB
SReclaimable:     199060 kB
SUnreclaim:        51572 kB
KernelStack:       15168 kB
PageTables:        54916 kB
NFS_Unstable:          0 kB
Bounce:                0 kB
WritebackTmp:          0 kB
CommitLimit:     9181656 kB
Committed_AS:   10814068 kB
VmallocTotal:   34359738367 kB
VmallocUsed:           0 kB
VmallocChunk:          0 kB
HardwareCorrupted:     0 kB
AnonHugePages:         0 kB
ShmemHugePages:        0 kB
ShmemPmdMapped:        0 kB
HugePages_Total:       0
HugePages_Free:        0
HugePages_Rsvd:        0
HugePages_Surp:        0
Hugepagesize:       2048 kB
DirectMap4k:      173944 kB
DirectMap2M:     6006784 kB


CPU:total 8 (initial active 8) (4 cores per cpu, 2 threads per core) family 6 model 58 stepping 9, cmov, cx8, fxsr, mmx, sse, sse2, sse3, ssse3, sse4.1, sse4.2, popcnt, avx, aes, clmul, erms, ht, tsc, tscinvbit, tscinv

/proc/cpuinfo:
processor	: 0
vendor_id	: GenuineIntel
cpu family	: 6
model		: 58
model name	: Intel(R) Core(TM) i7-3630QM CPU @ 2.40GHz
stepping	: 9
microcode	: 0x15
cpu MHz		: 3199.951
cache size	: 6144 KB
physical id	: 0
siblings	: 8
core id		: 0
cpu cores	: 4
apicid		: 0
initial apicid	: 0
fpu		: yes
fpu_exception	: yes
cpuid level	: 13
wp		: yes
flags		: fpu vme de pse tsc msr pae mce cx8 apic sep mtrr pge mca cmov pat pse36 clflush dts acpi mmx fxsr sse sse2 ss ht tm pbe syscall nx rdtscp lm constant_tsc arch_perfmon pebs bts rep_good nopl xtopology nonstop_tsc aperfmperf eagerfpu pni pclmulqdq dtes64 monitor ds_cpl vmx est tm2 ssse3 cx16 xtpr pdcm pcid sse4_1 sse4_2 x2apic popcnt tsc_deadline_timer aes xsave avx f16c rdrand lahf_lm epb tpr_shadow vnmi flexpriority ept vpid fsgsbase smep erms xsaveopt dtherm ida arat pln pts
bugs		:
bogomips	: 4789.00
clflush size	: 64
cache_alignment	: 64
address sizes	: 36 bits physical, 48 bits virtual
power management:

processor	: 1
vendor_id	: GenuineIntel
cpu family	: 6
model		: 58
model name	: Intel(R) Core(TM) i7-3630QM CPU @ 2.40GHz
stepping	: 9
microcode	: 0x15
cpu MHz		: 3199.951
cache size	: 6144 KB
physical id	: 0
siblings	: 8
core id		: 1
cpu cores	: 4
apicid		: 2
initial apicid	: 2
fpu		: yes
fpu_exception	: yes
cpuid level	: 13
wp		: yes
flags		: fpu vme de pse tsc msr pae mce cx8 apic sep mtrr pge mca cmov pat pse36 clflush dts acpi mmx fxsr sse sse2 ss ht tm pbe syscall nx rdtscp lm constant_tsc arch_perfmon pebs bts rep_good nopl xtopology nonstop_tsc aperfmperf eagerfpu pni pclmulqdq dtes64 monitor ds_cpl vmx est tm2 ssse3 cx16 xtpr pdcm pcid sse4_1 sse4_2 x2apic popcnt tsc_deadline_timer aes xsave avx f16c rdrand lahf_lm epb tpr_shadow vnmi flexpriority ept vpid fsgsbase smep erms xsaveopt dtherm ida arat pln pts
bugs		:
bogomips	: 4789.00
clflush size	: 64
cache_alignment	: 64
address sizes	: 36 bits physical, 48 bits virtual
power management:

processor	: 2
vendor_id	: GenuineIntel
cpu family	: 6
model		: 58
model name	: Intel(R) Core(TM) i7-3630QM CPU @ 2.40GHz
stepping	: 9
microcode	: 0x15
cpu MHz		: 3199.951
cache size	: 6144 KB
physical id	: 0
siblings	: 8
core id		: 2
cpu cores	: 4
apicid		: 4
initial apicid	: 4
fpu		: yes
fpu_exception	: yes
cpuid level	: 13
wp		: yes
flags		: fpu vme de pse tsc msr pae mce cx8 apic sep mtrr pge mca cmov pat pse36 clflush dts acpi mmx fxsr sse sse2 ss ht tm pbe syscall nx rdtscp lm constant_tsc arch_perfmon pebs bts rep_good nopl xtopology nonstop_tsc aperfmperf eagerfpu pni pclmulqdq dtes64 monitor ds_cpl vmx est tm2 ssse3 cx16 xtpr pdcm pcid sse4_1 sse4_2 x2apic popcnt tsc_deadline_timer aes xsave avx f16c rdrand lahf_lm epb tpr_shadow vnmi flexpriority ept vpid fsgsbase smep erms xsaveopt dtherm ida arat pln pts
bugs		:
bogomips	: 4789.00
clflush size	: 64
cache_alignment	: 64
address sizes	: 36 bits physical, 48 bits virtual
power management:

processor	: 3
vendor_id	: GenuineIntel
cpu family	: 6
model		: 58
model name	: Intel(R) Core(TM) i7-3630QM CPU @ 2.40GHz
stepping	: 9
microcode	: 0x15
cpu MHz		: 3199.951
cache size	: 6144 KB
physical id	: 0
siblings	: 8
core id		: 3
cpu cores	: 4
apicid		: 6
initial apicid	: 6
fpu		: yes
fpu_exception	: yes
cpuid level	: 13
wp		: yes
flags		: fpu vme de pse tsc msr pae mce cx8 apic sep mtrr pge mca cmov pat pse36 clflush dts acpi mmx fxsr sse sse2 ss ht tm pbe syscall nx rdtscp lm constant_tsc arch_perfmon pebs bts rep_good nopl xtopology nonstop_tsc aperfmperf eagerfpu pni pclmulqdq dtes64 monitor ds_cpl vmx est tm2 ssse3 cx16 xtpr pdcm pcid sse4_1 sse4_2 x2apic popcnt tsc_deadline_timer aes xsave avx f16c rdrand lahf_lm epb tpr_shadow vnmi flexpriority ept vpid fsgsbase smep erms xsaveopt dtherm ida arat pln pts
bugs		:
bogomips	: 4789.00
clflush size	: 64
cache_alignment	: 64
address sizes	: 36 bits physical, 48 bits virtual
power management:

processor	: 4
vendor_id	: GenuineIntel
cpu family	: 6
model		: 58
model name	: Intel(R) Core(TM) i7-3630QM CPU @ 2.40GHz
stepping	: 9
microcode	: 0x15
cpu MHz		: 3199.951
cache size	: 6144 KB
physical id	: 0
siblings	: 8
core id		: 0
cpu cores	: 4
apicid		: 1
initial apicid	: 1
fpu		: yes
fpu_exception	: yes
cpuid level	: 13
wp		: yes
flags		: fpu vme de pse tsc msr pae mce cx8 apic sep mtrr pge mca cmov pat pse36 clflush dts acpi mmx fxsr sse sse2 ss ht tm pbe syscall nx rdtscp lm constant_tsc arch_perfmon pebs bts rep_good nopl xtopology nonstop_tsc aperfmperf eagerfpu pni pclmulqdq dtes64 monitor ds_cpl vmx est tm2 ssse3 cx16 xtpr pdcm pcid sse4_1 sse4_2 x2apic popcnt tsc_deadline_timer aes xsave avx f16c rdrand lahf_lm epb tpr_shadow vnmi flexpriority ept vpid fsgsbase smep erms xsaveopt dtherm ida arat pln pts
bugs		:
bogomips	: 4789.00
clflush size	: 64
cache_alignment	: 64
address sizes	: 36 bits physical, 48 bits virtual
power management:

processor	: 5
vendor_id	: GenuineIntel
cpu family	: 6
model		: 58
model name	: Intel(R) Core(TM) i7-3630QM CPU @ 2.40GHz
stepping	: 9
microcode	: 0x15
cpu MHz		: 3199.951
cache size	: 6144 KB
physical id	: 0
siblings	: 8
core id		: 1
cpu cores	: 4
apicid		: 3
initial apicid	: 3
fpu		: yes
fpu_exception	: yes
cpuid level	: 13
wp		: yes
flags		: fpu vme de pse tsc msr pae mce cx8 apic sep mtrr pge mca cmov pat pse36 clflush dts acpi mmx fxsr sse sse2 ss ht tm pbe syscall nx rdtscp lm constant_tsc arch_perfmon pebs bts rep_good nopl xtopology nonstop_tsc aperfmperf eagerfpu pni pclmulqdq dtes64 monitor ds_cpl vmx est tm2 ssse3 cx16 xtpr pdcm pcid sse4_1 sse4_2 x2apic popcnt tsc_deadline_timer aes xsave avx f16c rdrand lahf_lm epb tpr_shadow vnmi flexpriority ept vpid fsgsbase smep erms xsaveopt dtherm ida arat pln pts
bugs		:
bogomips	: 4789.00
clflush size	: 64
cache_alignment	: 64
address sizes	: 36 bits physical, 48 bits virtual
power management:

processor	: 6
vendor_id	: GenuineIntel
cpu family	: 6
model		: 58
model name	: Intel(R) Core(TM) i7-3630QM CPU @ 2.40GHz
stepping	: 9
microcode	: 0x15
cpu MHz		: 3199.951
cache size	: 6144 KB
physical id	: 0
siblings	: 8
core id		: 2
cpu cores	: 4
apicid		: 5
initial apicid	: 5
fpu		: yes
fpu_exception	: yes
cpuid level	: 13
wp		: yes
flags		: fpu vme de pse tsc msr pae mce cx8 apic sep mtrr pge mca cmov pat pse36 clflush dts acpi mmx fxsr sse sse2 ss ht tm pbe syscall nx rdtscp lm constant_tsc arch_perfmon pebs bts rep_good nopl xtopology nonstop_tsc aperfmperf eagerfpu pni pclmulqdq dtes64 monitor ds_cpl vmx est tm2 ssse3 cx16 xtpr pdcm pcid sse4_1 sse4_2 x2apic popcnt tsc_deadline_timer aes xsave avx f16c rdrand lahf_lm epb tpr_shadow vnmi flexpriority ept vpid fsgsbase smep erms xsaveopt dtherm ida arat pln pts
bugs		:
bogomips	: 4789.00
clflush size	: 64
cache_alignment	: 64
address sizes	: 36 bits physical, 48 bits virtual
power management:

processor	: 7
vendor_id	: GenuineIntel
cpu family	: 6
model		: 58
model name	: Intel(R) Core(TM) i7-3630QM CPU @ 2.40GHz
stepping	: 9
microcode	: 0x15
cpu MHz		: 3199.951
cache size	: 6144 KB
physical id	: 0
siblings	: 8
core id		: 3
cpu cores	: 4
apicid		: 7
initial apicid	: 7
fpu		: yes
fpu_exception	: yes
cpuid level	: 13
wp		: yes
flags		: fpu vme de pse tsc msr pae mce cx8 apic sep mtrr pge mca cmov pat pse36 clflush dts acpi mmx fxsr sse sse2 ss ht tm pbe syscall nx rdtscp lm constant_tsc arch_perfmon pebs bts rep_good nopl xtopology nonstop_tsc aperfmperf eagerfpu pni pclmulqdq dtes64 monitor ds_cpl vmx est tm2 ssse3 cx16 xtpr pdcm pcid sse4_1 sse4_2 x2apic popcnt tsc_deadline_timer aes xsave avx f16c rdrand lahf_lm epb tpr_shadow vnmi flexpriority ept vpid fsgsbase smep erms xsaveopt dtherm ida arat pln pts
bugs		:
bogomips	: 4789.00
clflush size	: 64
cache_alignment	: 64
address sizes	: 36 bits physical, 48 bits virtual
power management:



Memory: 4k page, physical 6003640k(239996k free), swap 6179836k(6178644k free)

vm_info: OpenJDK 64-Bit Server VM (25.151-b12) for linux-amd64 JRE (1.8.0_151-8u151-b12-1~deb9u1-b12), built on Nov  1 2017 14:17:57 by "pbuilder" with gcc 6.3.0 20170516

time: Wed Dec 20 15:05:12 2017
elapsed time: 9 seconds (0d 0h 0m 9s)

